{"C:\\Users\\trevo\\Desktop\\Spa-Flow\\artifacts\\spaflow\\src\\components\\Countdown.tsx": {"path":"C:\\Users\\trevo\\Desktop\\Spa-Flow\\artifacts\\spaflow\\src\\components\\Countdown.tsx","statementMap":{"0":{"start":{"line":5,"column":2},"end":{"line":5,"column":null}},"1":{"start":{"line":5,"column":15},"end":{"line":5,"column":null}},"2":{"start":{"line":6,"column":19},"end":{"line":6,"column":null}},"3":{"start":{"line":7,"column":12},"end":{"line":7,"column":null}},"4":{"start":{"line":8,"column":12},"end":{"line":8,"column":null}},"5":{"start":{"line":9,"column":12},"end":{"line":9,"column":null}},"6":{"start":{"line":10,"column":2},"end":{"line":10,"column":null}},"7":{"start":{"line":10,"column":13},"end":{"line":10,"column":null}},"8":{"start":{"line":11,"column":2},"end":{"line":11,"column":null}},"9":{"start":{"line":11,"column":13},"end":{"line":11,"column":null}},"10":{"start":{"line":12,"column":2},"end":{"line":12,"column":null}},"11":{"start":{"line":21,"column":32},"end":{"line":21,"column":null}},"12":{"start":{"line":21,"column":51},"end":{"line":21,"column":83}},"13":{"start":{"line":23,"column":2},"end":{"line":28,"column":null}},"14":{"start":{"line":24,"column":21},"end":{"line":26,"column":null}},"15":{"start":{"line":25,"column":6},"end":{"line":25,"column":null}},"16":{"start":{"line":27,"column":4},"end":{"line":27,"column":null}},"17":{"start":{"line":27,"column":17},"end":{"line":27,"column":null}},"18":{"start":{"line":30,"column":19},"end":{"line":30,"column":null}},"19":{"start":{"line":31,"column":20},"end":{"line":31,"column":null}},"20":{"start":{"line":33,"column":2},"end":{"line":43,"column":null}}},"fnMap":{"0":{"name":"formatDuration","decl":{"start":{"line":4,"column":9},"end":{"line":4,"column":24}},"loc":{"start":{"line":4,"column":36},"end":{"line":13,"column":null}},"line":4},"1":{"name":"Countdown","decl":{"start":{"line":20,"column":16},"end":{"line":20,"column":26}},"loc":{"start":{"line":20,"column":68},"end":{"line":45,"column":null}},"line":20},"2":{"name":"(anonymous_2)","decl":{"start":{"line":21,"column":45},"end":{"line":21,"column":51}},"loc":{"start":{"line":21,"column":51},"end":{"line":21,"column":83}},"line":21},"3":{"name":"(anonymous_3)","decl":{"start":{"line":23,"column":12},"end":{"line":23,"column":18}},"loc":{"start":{"line":23,"column":18},"end":{"line":28,"column":5}},"line":23},"4":{"name":"(anonymous_4)","decl":{"start":{"line":24,"column":33},"end":{"line":24,"column":39}},"loc":{"start":{"line":24,"column":39},"end":{"line":26,"column":7}},"line":24},"5":{"name":"(anonymous_5)","decl":{"start":{"line":27,"column":11},"end":{"line":27,"column":17}},"loc":{"start":{"line":27,"column":17},"end":{"line":27,"column":null}},"line":27}},"branchMap":{"0":{"loc":{"start":{"line":5,"column":2},"end":{"line":5,"column":null}},"type":"if","locations":[{"start":{"line":5,"column":2},"end":{"line":5,"column":null}},{"start":{},"end":{}}],"line":5},"1":{"loc":{"start":{"line":10,"column":2},"end":{"line":10,"column":null}},"type":"if","locations":[{"start":{"line":10,"column":2},"end":{"line":10,"column":null}},{"start":{},"end":{}}],"line":10},"2":{"loc":{"start":{"line":11,"column":2},"end":{"line":11,"column":null}},"type":"if","locations":[{"start":{"line":11,"column":2},"end":{"line":11,"column":null}},{"start":{},"end":{}}],"line":11},"3":{"loc":{"start":{"line":38,"column":8},"end":{"line":38,"column":null}},"type":"cond-expr","locations":[{"start":{"line":38,"column":20},"end":{"line":38,"column":41}},{"start":{"line":38,"column":41},"end":{"line":38,"column":null}}],"line":38},"4":{"loc":{"start":{"line":38,"column":41},"end":{"line":38,"column":null}},"type":"cond-expr","locations":[{"start":{"line":38,"column":52},"end":{"line":38,"column":71}},{"start":{"line":38,"column":71},"end":{"line":38,"column":null}}],"line":38}},"s":{"0":12,"1":4,"2":8,"3":8,"4":8,"5":8,"6":8,"7":1,"8":7,"9":7,"10":2,"11":12,"12":12,"13":12,"14":12,"15":10,"16":12,"17":12,"18":12,"19":12,"20":12},"f":{"0":12,"1":12,"2":12,"3":12,"4":10,"5":12},"b":{"0":[4,8],"1":[1,7],"2":[5,2],"3":[4,8],"4":[6,2]},"meta":{"lastBranch":5,"lastFunction":6,"lastStatement":21,"seen":{"f:4:9:4:24":0,"b:5:2:5:Infinity:undefined:undefined:undefined:undefined":0,"s:5:2:5:Infinity":0,"s:5:15:5:Infinity":1,"s:6:19:6:Infinity":2,"s:7:12:7:Infinity":3,"s:8:12:8:Infinity":4,"s:9:12:9:Infinity":5,"b:10:2:10:Infinity:undefined:undefined:undefined:undefined":1,"s:10:2:10:Infinity":6,"s:10:13:10:Infinity":7,"b:11:2:11:Infinity:undefined:undefined:undefined:undefined":2,"s:11:2:11:Infinity":8,"s:11:13:11:Infinity":9,"s:12:2:12:Infinity":10,"f:20:16:20:26":1,"s:21:32:21:Infinity":11,"f:21:45:21:51":2,"s:21:51:21:83":12,"s:23:2:28:Infinity":13,"f:23:12:23:18":3,"s:24:21:26:Infinity":14,"f:24:33:24:39":4,"s:25:6:25:Infinity":15,"s:27:4:27:Infinity":16,"f:27:11:27:17":5,"s:27:17:27:Infinity":17,"s:30:19:30:Infinity":18,"s:31:20:31:Infinity":19,"s:33:2:43:Infinity":20,"b:38:20:38:41:38:41:38:Infinity":3,"b:38:52:38:71:38:71:38:Infinity":4}}}
,"C:\\Users\\trevo\\Desktop\\Spa-Flow\\artifacts\\spaflow\\src\\components\\PricingBreakdown.tsx": {"path":"C:\\Users\\trevo\\Desktop\\Spa-Flow\\artifacts\\spaflow\\src\\components\\PricingBreakdown.tsx","statementMap":{"0":{"start":{"line":25,"column":50},"end":{"line":54,"column":null}},"1":{"start":{"line":60,"column":2},"end":{"line":63,"column":null}},"2":{"start":{"line":71,"column":2},"end":{"line":71,"column":null}},"3":{"start":{"line":71,"column":33},"end":{"line":71,"column":null}},"4":{"start":{"line":72,"column":2},"end":{"line":72,"column":null}},"5":{"start":{"line":72,"column":55},"end":{"line":72,"column":null}},"6":{"start":{"line":73,"column":2},"end":{"line":73,"column":null}},"7":{"start":{"line":80,"column":2},"end":{"line":80,"column":null}},"8":{"start":{"line":80,"column":33},"end":{"line":80,"column":null}},"9":{"start":{"line":81,"column":2},"end":{"line":81,"column":null}},"10":{"start":{"line":81,"column":55},"end":{"line":81,"column":null}},"11":{"start":{"line":82,"column":2},"end":{"line":82,"column":null}},"12":{"start":{"line":95,"column":21},"end":{"line":97,"column":null}},"13":{"start":{"line":99,"column":2},"end":{"line":182,"column":null}},"14":{"start":{"line":110,"column":16},"end":{"line":131,"column":null}}},"fnMap":{"0":{"name":"isSpecialRule","decl":{"start":{"line":59,"column":9},"end":{"line":59,"column":23}},"loc":{"start":{"line":59,"column":46},"end":{"line":65,"column":null}},"line":59},"1":{"name":"getRuleBadgeVariant","decl":{"start":{"line":70,"column":9},"end":{"line":70,"column":29}},"loc":{"start":{"line":70,"column":80},"end":{"line":74,"column":null}},"line":70},"2":{"name":"getRuleBadgeColor","decl":{"start":{"line":79,"column":9},"end":{"line":79,"column":27}},"loc":{"start":{"line":79,"column":49},"end":{"line":83,"column":null}},"line":79},"3":{"name":"PricingBreakdown","decl":{"start":{"line":85,"column":16},"end":{"line":85,"column":33}},"loc":{"start":{"line":93,"column":26},"end":{"line":184,"column":null}},"line":93},"4":{"name":"(anonymous_4)","decl":{"start":{"line":109,"column":32},"end":{"line":109,"column":33}},"loc":{"start":{"line":110,"column":16},"end":{"line":131,"column":null}},"line":110}},"branchMap":{"0":{"loc":{"start":{"line":61,"column":4},"end":{"line":63,"column":null}},"type":"binary-expr","locations":[{"start":{"line":61,"column":4},"end":{"line":61,"column":null}},{"start":{"line":62,"column":4},"end":{"line":62,"column":null}},{"start":{"line":63,"column":4},"end":{"line":63,"column":null}}],"line":61},"1":{"loc":{"start":{"line":71,"column":2},"end":{"line":71,"column":null}},"type":"if","locations":[{"start":{"line":71,"column":2},"end":{"line":71,"column":null}},{"start":{},"end":{}}],"line":71},"2":{"loc":{"start":{"line":72,"column":2},"end":{"line":72,"column":null}},"type":"if","locations":[{"start":{"line":72,"column":2},"end":{"line":72,"column":null}},{"start":{},"end":{}}],"line":72},"3":{"loc":{"start":{"line":72,"column":6},"end":{"line":72,"column":55}},"type":"binary-expr","locations":[{"start":{"line":72,"column":6},"end":{"line":72,"column":32}},{"start":{"line":72,"column":32},"end":{"line":72,"column":55}}],"line":72},"4":{"loc":{"start":{"line":80,"column":2},"end":{"line":80,"column":null}},"type":"if","locations":[{"start":{"line":80,"column":2},"end":{"line":80,"column":null}},{"start":{},"end":{}}],"line":80},"5":{"loc":{"start":{"line":81,"column":2},"end":{"line":81,"column":null}},"type":"if","locations":[{"start":{"line":81,"column":2},"end":{"line":81,"column":null}},{"start":{},"end":{}}],"line":81},"6":{"loc":{"start":{"line":81,"column":6},"end":{"line":81,"column":55}},"type":"binary-expr","locations":[{"start":{"line":81,"column":6},"end":{"line":81,"column":32}},{"start":{"line":81,"column":32},"end":{"line":81,"column":55}}],"line":81},"7":{"loc":{"start":{"line":95,"column":21},"end":{"line":97,"column":null}},"type":"cond-expr","locations":[{"start":{"line":96,"column":6},"end":{"line":96,"column":null}},{"start":{"line":97,"column":6},"end":{"line":97,"column":null}}],"line":95},"8":{"loc":{"start":{"line":95,"column":21},"end":{"line":95,"column":null}},"type":"binary-expr","locations":[{"start":{"line":95,"column":21},"end":{"line":95,"column":42}},{"start":{"line":95,"column":42},"end":{"line":95,"column":null}}],"line":95},"9":{"loc":{"start":{"line":103,"column":9},"end":{"line":134,"column":null}},"type":"binary-expr","locations":[{"start":{"line":103,"column":9},"end":{"line":103,"column":null}},{"start":{"line":104,"column":10},"end":{"line":134,"column":null}}],"line":103},"10":{"loc":{"start":{"line":115,"column":22},"end":{"line":115,"column":null}},"type":"binary-expr","locations":[{"start":{"line":115,"column":22},"end":{"line":115,"column":45}},{"start":{"line":115,"column":45},"end":{"line":115,"column":null}}],"line":115},"11":{"loc":{"start":{"line":118,"column":21},"end":{"line":118,"column":null}},"type":"cond-expr","locations":[{"start":{"line":118,"column":43},"end":{"line":118,"column":55}},{"start":{"line":118,"column":55},"end":{"line":118,"column":null}}],"line":118},"12":{"loc":{"start":{"line":128,"column":46},"end":{"line":128,"column":100}},"type":"binary-expr","locations":[{"start":{"line":128,"column":46},"end":{"line":128,"column":73}},{"start":{"line":128,"column":73},"end":{"line":128,"column":100}}],"line":128},"13":{"loc":{"start":{"line":144,"column":15},"end":{"line":144,"column":null}},"type":"cond-expr","locations":[{"start":{"line":144,"column":35},"end":{"line":144,"column":51}},{"start":{"line":144,"column":51},"end":{"line":144,"column":null}}],"line":144},"14":{"loc":{"start":{"line":150,"column":11},"end":{"line":154,"column":null}},"type":"binary-expr","locations":[{"start":{"line":150,"column":11},"end":{"line":150,"column":32}},{"start":{"line":150,"column":32},"end":{"line":150,"column":null}},{"start":{"line":151,"column":12},"end":{"line":154,"column":null}}],"line":150},"15":{"loc":{"start":{"line":158,"column":11},"end":{"line":162,"column":null}},"type":"binary-expr","locations":[{"start":{"line":158,"column":11},"end":{"line":158,"column":null}},{"start":{"line":159,"column":12},"end":{"line":162,"column":null}}],"line":158},"16":{"loc":{"start":{"line":168,"column":20},"end":{"line":168,"column":81}},"type":"cond-expr","locations":[{"start":{"line":168,"column":32},"end":{"line":168,"column":73}},{"start":{"line":168,"column":73},"end":{"line":168,"column":81}}],"line":168}},"s":{"0":1,"1":36,"2":18,"3":3,"4":15,"5":2,"6":13,"7":5,"8":3,"9":2,"10":2,"11":0,"12":18,"13":18,"14":18},"f":{"0":36,"1":18,"2":5,"3":18,"4":18},"b":{"0":[36,30,26],"1":[3,15],"2":[2,13],"3":[15,13],"4":[3,2],"5":[2,0],"6":[2,0],"7":[3,15],"8":[18,3],"9":[18,17],"10":[18,5],"11":[5,13],"12":[18,0],"13":[3,15],"14":[18,3,3],"15":[18,3],"16":[1,17]},"meta":{"lastBranch":17,"lastFunction":5,"lastStatement":15,"seen":{"s:25:50:54:Infinity":0,"f:59:9:59:23":0,"s:60:2:63:Infinity":1,"b:61:4:61:Infinity:62:4:62:Infinity:63:4:63:Infinity":0,"f:70:9:70:29":1,"b:71:2:71:Infinity:undefined:undefined:undefined:undefined":1,"s:71:2:71:Infinity":2,"s:71:33:71:Infinity":3,"b:72:2:72:Infinity:undefined:undefined:undefined:undefined":2,"s:72:2:72:Infinity":4,"b:72:6:72:32:72:32:72:55":3,"s:72:55:72:Infinity":5,"s:73:2:73:Infinity":6,"f:79:9:79:27":2,"b:80:2:80:Infinity:undefined:undefined:undefined:undefined":4,"s:80:2:80:Infinity":7,"s:80:33:80:Infinity":8,"b:81:2:81:Infinity:undefined:undefined:undefined:undefined":5,"s:81:2:81:Infinity":9,"b:81:6:81:32:81:32:81:55":6,"s:81:55:81:Infinity":10,"s:82:2:82:Infinity":11,"f:85:16:85:33":3,"s:95:21:97:Infinity":12,"b:96:6:96:Infinity:97:6:97:Infinity":7,"b:95:21:95:42:95:42:95:Infinity":8,"s:99:2:182:Infinity":13,"b:103:9:103:Infinity:104:10:134:Infinity":9,"f:109:32:109:33":4,"s:110:16:131:Infinity":14,"b:115:22:115:45:115:45:115:Infinity":10,"b:118:43:118:55:118:55:118:Infinity":11,"b:128:46:128:73:128:73:128:100":12,"b:144:35:144:51:144:51:144:Infinity":13,"b:150:11:150:32:150:32:150:Infinity:151:12:154:Infinity":14,"b:158:11:158:Infinity:159:12:162:Infinity":15,"b:168:32:168:73:168:73:168:81":16}}}
,"C:\\Users\\trevo\\Desktop\\Spa-Flow\\artifacts\\spaflow\\src\\components\\layout\\Layout.tsx": {"path":"C:\\Users\\trevo\\Desktop\\Spa-Flow\\artifacts\\spaflow\\src\\components\\layout\\Layout.tsx","statementMap":{"0":{"start":{"line":6,"column":26},"end":{"line":6,"column":null}},"1":{"start":{"line":8,"column":2},"end":{"line":14,"column":null}},"2":{"start":{"line":9,"column":4},"end":{"line":12,"column":null}},"3":{"start":{"line":16,"column":2},"end":{"line":18,"column":null}},"4":{"start":{"line":17,"column":4},"end":{"line":17,"column":null}},"5":{"start":{"line":20,"column":2},"end":{"line":26,"column":null}}},"fnMap":{"0":{"name":"Layout","decl":{"start":{"line":5,"column":16},"end":{"line":5,"column":23}},"loc":{"start":{"line":5,"column":68},"end":{"line":28,"column":null}},"line":5}},"branchMap":{"0":{"loc":{"start":{"line":8,"column":2},"end":{"line":14,"column":null}},"type":"if","locations":[{"start":{"line":8,"column":2},"end":{"line":14,"column":null}},{"start":{},"end":{}}],"line":8},"1":{"loc":{"start":{"line":16,"column":2},"end":{"line":18,"column":null}},"type":"if","locations":[{"start":{"line":16,"column":2},"end":{"line":18,"column":null}},{"start":{},"end":{}}],"line":16}},"s":{"0":1,"1":1,"2":0,"3":1,"4":1,"5":0},"f":{"0":1},"b":{"0":[0,1],"1":[1,0]},"meta":{"lastBranch":2,"lastFunction":1,"lastStatement":6,"seen":{"f:5:16:5:23":0,"s:6:26:6:Infinity":0,"b:8:2:14:Infinity:undefined:undefined:undefined:undefined":0,"s:8:2:14:Infinity":1,"s:9:4:12:Infinity":2,"b:16:2:18:Infinity:undefined:undefined:undefined:undefined":1,"s:16:2:18:Infinity":3,"s:17:4:17:Infinity":4,"s:20:2:26:Infinity":5}}}
,"C:\\Users\\trevo\\Desktop\\Spa-Flow\\artifacts\\spaflow\\src\\components\\layout\\Sidebar.tsx": {"path":"C:\\Users\\trevo\\Desktop\\Spa-Flow\\artifacts\\spaflow\\src\\components\\layout\\Sidebar.tsx","statementMap":{"0":{"start":{"line":19,"column":17},"end":{"line":29,"column":null}},"1":{"start":{"line":31,"column":21},"end":{"line":34,"column":null}},"2":{"start":{"line":37,"column":17},"end":{"line":37,"column":null}},"3":{"start":{"line":38,"column":34},"end":{"line":38,"column":null}},"4":{"start":{"line":40,"column":2},"end":{"line":123,"column":null}},"5":{"start":{"line":57,"column":27},"end":{"line":57,"column":null}},"6":{"start":{"line":58,"column":12},"end":{"line":73,"column":null}},"7":{"start":{"line":85,"column":31},"end":{"line":85,"column":null}},"8":{"start":{"line":86,"column":16},"end":{"line":101,"column":null}}},"fnMap":{"0":{"name":"Sidebar","decl":{"start":{"line":36,"column":16},"end":{"line":36,"column":26}},"loc":{"start":{"line":36,"column":26},"end":{"line":125,"column":null}},"line":36},"1":{"name":"(anonymous_1)","decl":{"start":{"line":56,"column":24},"end":{"line":56,"column":25}},"loc":{"start":{"line":56,"column":57},"end":{"line":75,"column":11}},"line":56},"2":{"name":"(anonymous_2)","decl":{"start":{"line":84,"column":32},"end":{"line":84,"column":33}},"loc":{"start":{"line":84,"column":65},"end":{"line":103,"column":15}},"line":84}},"branchMap":{"0":{"loc":{"start":{"line":57,"column":27},"end":{"line":57,"column":null}},"type":"binary-expr","locations":[{"start":{"line":57,"column":27},"end":{"line":57,"column":48}},{"start":{"line":57,"column":48},"end":{"line":57,"column":null}}],"line":57},"1":{"loc":{"start":{"line":65,"column":20},"end":{"line":67,"column":null}},"type":"cond-expr","locations":[{"start":{"line":66,"column":24},"end":{"line":66,"column":null}},{"start":{"line":67,"column":24},"end":{"line":67,"column":null}}],"line":65},"2":{"loc":{"start":{"line":77,"column":11},"end":{"line":104,"column":null}},"type":"binary-expr","locations":[{"start":{"line":77,"column":11},"end":{"line":77,"column":null}},{"start":{"line":78,"column":12},"end":{"line":104,"column":null}}],"line":77},"3":{"loc":{"start":{"line":93,"column":24},"end":{"line":95,"column":null}},"type":"cond-expr","locations":[{"start":{"line":94,"column":28},"end":{"line":94,"column":null}},{"start":{"line":95,"column":28},"end":{"line":95,"column":null}}],"line":93}},"s":{"0":2,"1":2,"2":2,"3":2,"4":2,"5":18,"6":18,"7":0,"8":0},"f":{"0":2,"1":18,"2":0},"b":{"0":[18,18],"1":[0,18],"2":[2,0],"3":[0,0]},"meta":{"lastBranch":4,"lastFunction":3,"lastStatement":9,"seen":{"s:19:17:29:Infinity":0,"s:31:21:34:Infinity":1,"f:36:16:36:26":0,"s:37:17:37:Infinity":2,"s:38:34:38:Infinity":3,"s:40:2:123:Infinity":4,"f:56:24:56:25":1,"s:57:27:57:Infinity":5,"b:57:27:57:48:57:48:57:Infinity":0,"s:58:12:73:Infinity":6,"b:66:24:66:Infinity:67:24:67:Infinity":1,"b:77:11:77:Infinity:78:12:104:Infinity":2,"f:84:32:84:33":2,"s:85:31:85:Infinity":7,"s:86:16:101:Infinity":8,"b:94:28:94:Infinity:95:28:95:Infinity":3}}}
,"C:\\Users\\trevo\\Desktop\\Spa-Flow\\artifacts\\spaflow\\src\\components\\ui\\badge.tsx": {"path":"C:\\Users\\trevo\\Desktop\\Spa-Flow\\artifacts\\spaflow\\src\\components\\ui\\badge.tsx","statementMap":{"0":{"start":{"line":6,"column":6},"end":{"line":31,"column":null}},"1":{"start":{"line":38,"column":2},"end":{"line":39,"column":null}}},"fnMap":{"0":{"name":"Badge","decl":{"start":{"line":37,"column":9},"end":{"line":37,"column":15}},"loc":{"start":{"line":37,"column":61},"end":{"line":41,"column":null}},"line":37}},"branchMap":{},"s":{"0":4,"1":30},"f":{"0":30},"b":{},"meta":{"lastBranch":0,"lastFunction":1,"lastStatement":2,"seen":{"s:6:6:31:Infinity":0,"f:37:9:37:15":0,"s:38:2:39:Infinity":1}}}
,"C:\\Users\\trevo\\Desktop\\Spa-Flow\\artifacts\\spaflow\\src\\components\\ui\\button.tsx": {"path":"C:\\Users\\trevo\\Desktop\\Spa-Flow\\artifacts\\spaflow\\src\\components\\ui\\button.tsx","statementMap":{"0":{"start":{"line":7,"column":6},"end":{"line":43,"column":null}},"1":{"start":{"line":51,"column":15},"end":{"line":62,"column":null}},"2":{"start":{"line":53,"column":17},"end":{"line":53,"column":null}},"3":{"start":{"line":54,"column":4},"end":{"line":59,"column":null}},"4":{"start":{"line":63,"column":0},"end":{"line":63,"column":null}}},"fnMap":{"0":{"name":"(anonymous_0)","decl":{"start":{"line":52,"column":2},"end":{"line":52,"column":3}},"loc":{"start":{"line":52,"column":68},"end":{"line":61,"column":null}},"line":52}},"branchMap":{"0":{"loc":{"start":{"line":52,"column":31},"end":{"line":52,"column":48}},"type":"default-arg","locations":[{"start":{"line":52,"column":41},"end":{"line":52,"column":48}}],"line":52},"1":{"loc":{"start":{"line":53,"column":17},"end":{"line":53,"column":null}},"type":"cond-expr","locations":[{"start":{"line":53,"column":27},"end":{"line":53,"column":34}},{"start":{"line":53,"column":34},"end":{"line":53,"column":null}}],"line":53}},"s":{"0":4,"1":4,"2":32,"3":32,"4":4},"f":{"0":32},"b":{"0":[32],"1":[0,32]},"meta":{"lastBranch":2,"lastFunction":1,"lastStatement":5,"seen":{"s:7:6:43:Infinity":0,"s:51:15:62:Infinity":1,"f:52:2:52:3":0,"b:52:41:52:48":0,"s:53:17:53:Infinity":2,"b:53:27:53:34:53:34:53:Infinity":1,"s:54:4:59:Infinity":3,"s:63:0:63:Infinity":4}}}
,"C:\\Users\\trevo\\Desktop\\Spa-Flow\\artifacts\\spaflow\\src\\components\\ui\\card.tsx": {"path":"C:\\Users\\trevo\\Desktop\\Spa-Flow\\artifacts\\spaflow\\src\\components\\ui\\card.tsx","statementMap":{"0":{"start":{"line":5,"column":13},"end":{"line":17,"column":null}},"1":{"start":{"line":9,"column":2},"end":{"line":16,"column":null}},"2":{"start":{"line":18,"column":0},"end":{"line":18,"column":null}},"3":{"start":{"line":20,"column":19},"end":{"line":29,"column":null}},"4":{"start":{"line":24,"column":2},"end":{"line":28,"column":null}},"5":{"start":{"line":30,"column":0},"end":{"line":30,"column":null}},"6":{"start":{"line":32,"column":18},"end":{"line":41,"column":null}},"7":{"start":{"line":36,"column":2},"end":{"line":40,"column":null}},"8":{"start":{"line":42,"column":0},"end":{"line":42,"column":null}},"9":{"start":{"line":44,"column":24},"end":{"line":53,"column":null}},"10":{"start":{"line":48,"column":2},"end":{"line":52,"column":null}},"11":{"start":{"line":54,"column":0},"end":{"line":54,"column":null}},"12":{"start":{"line":56,"column":20},"end":{"line":61,"column":null}},"13":{"start":{"line":60,"column":2},"end":{"line":60,"column":null}},"14":{"start":{"line":62,"column":0},"end":{"line":62,"column":null}},"15":{"start":{"line":64,"column":19},"end":{"line":73,"column":null}},"16":{"start":{"line":68,"column":2},"end":{"line":72,"column":null}},"17":{"start":{"line":74,"column":0},"end":{"line":74,"column":null}}},"fnMap":{"0":{"name":"(anonymous_0)","decl":{"start":{"line":8,"column":2},"end":{"line":8,"column":3}},"loc":{"start":{"line":9,"column":2},"end":{"line":16,"column":null}},"line":9},"1":{"name":"(anonymous_1)","decl":{"start":{"line":23,"column":2},"end":{"line":23,"column":3}},"loc":{"start":{"line":24,"column":2},"end":{"line":28,"column":null}},"line":24},"2":{"name":"(anonymous_2)","decl":{"start":{"line":35,"column":2},"end":{"line":35,"column":3}},"loc":{"start":{"line":36,"column":2},"end":{"line":40,"column":null}},"line":36},"3":{"name":"(anonymous_3)","decl":{"start":{"line":47,"column":2},"end":{"line":47,"column":3}},"loc":{"start":{"line":48,"column":2},"end":{"line":52,"column":null}},"line":48},"4":{"name":"(anonymous_4)","decl":{"start":{"line":59,"column":2},"end":{"line":59,"column":3}},"loc":{"start":{"line":60,"column":2},"end":{"line":60,"column":null}},"line":60},"5":{"name":"(anonymous_5)","decl":{"start":{"line":67,"column":2},"end":{"line":67,"column":3}},"loc":{"start":{"line":68,"column":2},"end":{"line":72,"column":null}},"line":68}},"branchMap":{},"s":{"0":3,"1":36,"2":3,"3":3,"4":36,"5":3,"6":3,"7":36,"8":3,"9":3,"10":0,"11":3,"12":3,"13":36,"14":3,"15":3,"16":0,"17":3},"f":{"0":36,"1":36,"2":36,"3":0,"4":36,"5":0},"b":{},"meta":{"lastBranch":0,"lastFunction":6,"lastStatement":18,"seen":{"s:5:13:17:Infinity":0,"f:8:2:8:3":0,"s:9:2:16:Infinity":1,"s:18:0:18:Infinity":2,"s:20:19:29:Infinity":3,"f:23:2:23:3":1,"s:24:2:28:Infinity":4,"s:30:0:30:Infinity":5,"s:32:18:41:Infinity":6,"f:35:2:35:3":2,"s:36:2:40:Infinity":7,"s:42:0:42:Infinity":8,"s:44:24:53:Infinity":9,"f:47:2:47:3":3,"s:48:2:52:Infinity":10,"s:54:0:54:Infinity":11,"s:56:20:61:Infinity":12,"f:59:2:59:3":4,"s:60:2:60:Infinity":13,"s:62:0:62:Infinity":14,"s:64:19:73:Infinity":15,"f:67:2:67:3":5,"s:68:2:72:Infinity":16,"s:74:0:74:Infinity":17}}}
,"C:\\Users\\trevo\\Desktop\\Spa-Flow\\artifacts\\spaflow\\src\\components\\ui\\dialog.tsx": {"path":"C:\\Users\\trevo\\Desktop\\Spa-Flow\\artifacts\\spaflow\\src\\components\\ui\\dialog.tsx","statementMap":{"0":{"start":{"line":7,"column":15},"end":{"line":7,"column":null}},"1":{"start":{"line":9,"column":22},"end":{"line":9,"column":null}},"2":{"start":{"line":11,"column":21},"end":{"line":11,"column":null}},"3":{"start":{"line":13,"column":20},"end":{"line":13,"column":null}},"4":{"start":{"line":15,"column":22},"end":{"line":27,"column":null}},"5":{"start":{"line":19,"column":2},"end":{"line":26,"column":null}},"6":{"start":{"line":28,"column":0},"end":{"line":28,"column":null}},"7":{"start":{"line":30,"column":22},"end":{"line":51,"column":null}},"8":{"start":{"line":34,"column":2},"end":{"line":50,"column":null}},"9":{"start":{"line":52,"column":0},"end":{"line":52,"column":null}},"10":{"start":{"line":54,"column":21},"end":{"line":64,"column":null}},"11":{"start":{"line":58,"column":2},"end":{"line":64,"column":null}},"12":{"start":{"line":66,"column":0},"end":{"line":66,"column":null}},"13":{"start":{"line":68,"column":21},"end":{"line":78,"column":null}},"14":{"start":{"line":72,"column":2},"end":{"line":78,"column":null}},"15":{"start":{"line":80,"column":0},"end":{"line":80,"column":null}},"16":{"start":{"line":82,"column":20},"end":{"line":94,"column":null}},"17":{"start":{"line":86,"column":2},"end":{"line":93,"column":null}},"18":{"start":{"line":95,"column":0},"end":{"line":95,"column":null}},"19":{"start":{"line":97,"column":26},"end":{"line":106,"column":null}},"20":{"start":{"line":101,"column":2},"end":{"line":105,"column":null}},"21":{"start":{"line":107,"column":0},"end":{"line":107,"column":null}}},"fnMap":{"0":{"name":"(anonymous_0)","decl":{"start":{"line":18,"column":2},"end":{"line":18,"column":3}},"loc":{"start":{"line":19,"column":2},"end":{"line":26,"column":null}},"line":19},"1":{"name":"(anonymous_1)","decl":{"start":{"line":33,"column":2},"end":{"line":33,"column":3}},"loc":{"start":{"line":34,"column":2},"end":{"line":50,"column":null}},"line":34},"2":{"name":"(anonymous_2)","decl":{"start":{"line":54,"column":21},"end":{"line":54,"column":22}},"loc":{"start":{"line":58,"column":2},"end":{"line":64,"column":null}},"line":58},"3":{"name":"(anonymous_3)","decl":{"start":{"line":68,"column":21},"end":{"line":68,"column":22}},"loc":{"start":{"line":72,"column":2},"end":{"line":78,"column":null}},"line":72},"4":{"name":"(anonymous_4)","decl":{"start":{"line":85,"column":2},"end":{"line":85,"column":3}},"loc":{"start":{"line":86,"column":2},"end":{"line":93,"column":null}},"line":86},"5":{"name":"(anonymous_5)","decl":{"start":{"line":100,"column":2},"end":{"line":100,"column":3}},"loc":{"start":{"line":101,"column":2},"end":{"line":105,"column":null}},"line":101}},"branchMap":{},"s":{"0":2,"1":2,"2":2,"3":2,"4":2,"5":0,"6":2,"7":2,"8":12,"9":2,"10":2,"11":0,"12":2,"13":2,"14":0,"15":2,"16":2,"17":0,"18":2,"19":2,"20":0,"21":2},"f":{"0":0,"1":12,"2":0,"3":0,"4":0,"5":0},"b":{},"meta":{"lastBranch":0,"lastFunction":6,"lastStatement":22,"seen":{"s:7:15:7:Infinity":0,"s:9:22:9:Infinity":1,"s:11:21:11:Infinity":2,"s:13:20:13:Infinity":3,"s:15:22:27:Infinity":4,"f:18:2:18:3":0,"s:19:2:26:Infinity":5,"s:28:0:28:Infinity":6,"s:30:22:51:Infinity":7,"f:33:2:33:3":1,"s:34:2:50:Infinity":8,"s:52:0:52:Infinity":9,"s:54:21:64:Infinity":10,"f:54:21:54:22":2,"s:58:2:64:Infinity":11,"s:66:0:66:Infinity":12,"s:68:21:78:Infinity":13,"f:68:21:68:22":3,"s:72:2:78:Infinity":14,"s:80:0:80:Infinity":15,"s:82:20:94:Infinity":16,"f:85:2:85:3":4,"s:86:2:93:Infinity":17,"s:95:0:95:Infinity":18,"s:97:26:106:Infinity":19,"f:100:2:100:3":5,"s:101:2:105:Infinity":20,"s:107:0:107:Infinity":21}}}
,"C:\\Users\\trevo\\Desktop\\Spa-Flow\\artifacts\\spaflow\\src\\components\\ui\\form.tsx": {"path":"C:\\Users\\trevo\\Desktop\\Spa-Flow\\artifacts\\spaflow\\src\\components\\ui\\form.tsx","statementMap":{"0":{"start":{"line":16,"column":13},"end":{"line":16,"column":null}},"1":{"start":{"line":25,"column":25},"end":{"line":25,"column":null}},"2":{"start":{"line":27,"column":18},"end":{"line":38,"column":null}},"3":{"start":{"line":33,"column":2},"end":{"line":36,"column":null}},"4":{"start":{"line":40,"column":21},"end":{"line":65,"column":null}},"5":{"start":{"line":41,"column":23},"end":{"line":41,"column":null}},"6":{"start":{"line":42,"column":22},"end":{"line":42,"column":null}},"7":{"start":{"line":43,"column":35},"end":{"line":43,"column":null}},"8":{"start":{"line":45,"column":2},"end":{"line":47,"column":null}},"9":{"start":{"line":46,"column":4},"end":{"line":46,"column":null}},"10":{"start":{"line":49,"column":2},"end":{"line":51,"column":null}},"11":{"start":{"line":50,"column":4},"end":{"line":50,"column":null}},"12":{"start":{"line":53,"column":21},"end":{"line":53,"column":null}},"13":{"start":{"line":55,"column":17},"end":{"line":55,"column":null}},"14":{"start":{"line":57,"column":2},"end":{"line":64,"column":null}},"15":{"start":{"line":71,"column":24},"end":{"line":71,"column":null}},"16":{"start":{"line":73,"column":17},"end":{"line":84,"column":null}},"17":{"start":{"line":77,"column":13},"end":{"line":77,"column":null}},"18":{"start":{"line":79,"column":2},"end":{"line":82,"column":null}},"19":{"start":{"line":85,"column":0},"end":{"line":85,"column":null}},"20":{"start":{"line":87,"column":18},"end":{"line":101,"column":null}},"21":{"start":{"line":91,"column":32},"end":{"line":91,"column":null}},"22":{"start":{"line":93,"column":2},"end":{"line":99,"column":null}},"23":{"start":{"line":102,"column":0},"end":{"line":102,"column":null}},"24":{"start":{"line":104,"column":20},"end":{"line":123,"column":null}},"25":{"start":{"line":108,"column":66},"end":{"line":108,"column":null}},"26":{"start":{"line":110,"column":2},"end":{"line":121,"column":null}},"27":{"start":{"line":124,"column":0},"end":{"line":124,"column":null}},"28":{"start":{"line":126,"column":24},"end":{"line":140,"column":null}},"29":{"start":{"line":130,"column":32},"end":{"line":130,"column":null}},"30":{"start":{"line":132,"column":2},"end":{"line":138,"column":null}},"31":{"start":{"line":141,"column":0},"end":{"line":141,"column":null}},"32":{"start":{"line":143,"column":20},"end":{"line":164,"column":null}},"33":{"start":{"line":147,"column":35},"end":{"line":147,"column":null}},"34":{"start":{"line":148,"column":15},"end":{"line":148,"column":null}},"35":{"start":{"line":150,"column":2},"end":{"line":152,"column":null}},"36":{"start":{"line":151,"column":4},"end":{"line":151,"column":null}},"37":{"start":{"line":154,"column":2},"end":{"line":162,"column":null}},"38":{"start":{"line":165,"column":0},"end":{"line":165,"column":null}}},"fnMap":{"0":{"name":"(anonymous_0)","decl":{"start":{"line":27,"column":18},"end":{"line":27,"column":null}},"loc":{"start":{"line":32,"column":44},"end":{"line":38,"column":null}},"line":32},"1":{"name":"(anonymous_1)","decl":{"start":{"line":40,"column":21},"end":{"line":40,"column":27}},"loc":{"start":{"line":40,"column":27},"end":{"line":65,"column":null}},"line":40},"2":{"name":"(anonymous_2)","decl":{"start":{"line":76,"column":2},"end":{"line":76,"column":3}},"loc":{"start":{"line":76,"column":36},"end":{"line":84,"column":1}},"line":76},"3":{"name":"(anonymous_3)","decl":{"start":{"line":90,"column":2},"end":{"line":90,"column":3}},"loc":{"start":{"line":90,"column":36},"end":{"line":101,"column":1}},"line":90},"4":{"name":"(anonymous_4)","decl":{"start":{"line":107,"column":2},"end":{"line":107,"column":3}},"loc":{"start":{"line":107,"column":25},"end":{"line":123,"column":1}},"line":107},"5":{"name":"(anonymous_5)","decl":{"start":{"line":129,"column":2},"end":{"line":129,"column":3}},"loc":{"start":{"line":129,"column":36},"end":{"line":140,"column":1}},"line":129},"6":{"name":"(anonymous_6)","decl":{"start":{"line":146,"column":2},"end":{"line":146,"column":3}},"loc":{"start":{"line":146,"column":46},"end":{"line":164,"column":1}},"line":146}},"branchMap":{"0":{"loc":{"start":{"line":45,"column":2},"end":{"line":47,"column":null}},"type":"if","locations":[{"start":{"line":45,"column":2},"end":{"line":47,"column":null}},{"start":{},"end":{}}],"line":45},"1":{"loc":{"start":{"line":49,"column":2},"end":{"line":51,"column":null}},"type":"if","locations":[{"start":{"line":49,"column":2},"end":{"line":51,"column":null}},{"start":{},"end":{}}],"line":49},"2":{"loc":{"start":{"line":96,"column":20},"end":{"line":96,"column":49}},"type":"binary-expr","locations":[{"start":{"line":96,"column":20},"end":{"line":96,"column":29}},{"start":{"line":96,"column":29},"end":{"line":96,"column":49}}],"line":96},"3":{"loc":{"start":{"line":115,"column":8},"end":{"line":117,"column":null}},"type":"cond-expr","locations":[{"start":{"line":116,"column":12},"end":{"line":116,"column":null}},{"start":{"line":117,"column":12},"end":{"line":117,"column":null}}],"line":115},"4":{"loc":{"start":{"line":148,"column":15},"end":{"line":148,"column":null}},"type":"cond-expr","locations":[{"start":{"line":148,"column":23},"end":{"line":148,"column":54}},{"start":{"line":148,"column":54},"end":{"line":148,"column":null}}],"line":148},"5":{"loc":{"start":{"line":148,"column":30},"end":{"line":148,"column":50}},"type":"binary-expr","locations":[{"start":{"line":148,"column":30},"end":{"line":148,"column":48}},{"start":{"line":148,"column":48},"end":{"line":148,"column":50}}],"line":148},"6":{"loc":{"start":{"line":150,"column":2},"end":{"line":152,"column":null}},"type":"if","locations":[{"start":{"line":150,"column":2},"end":{"line":152,"column":null}},{"start":{},"end":{}}],"line":150}},"s":{"0":3,"1":3,"2":3,"3":80,"4":3,"5":240,"6":240,"7":240,"8":240,"9":0,"10":240,"11":0,"12":240,"13":240,"14":240,"15":3,"16":3,"17":80,"18":80,"19":3,"20":3,"21":80,"22":80,"23":3,"24":3,"25":80,"26":80,"27":3,"28":3,"29":0,"30":0,"31":3,"32":3,"33":80,"34":80,"35":80,"36":80,"37":0,"38":3},"f":{"0":80,"1":240,"2":80,"3":80,"4":80,"5":0,"6":80},"b":{"0":[0,240],"1":[0,240],"2":[80,0],"3":[80,0],"4":[0,80],"5":[0,0],"6":[80,0]},"meta":{"lastBranch":7,"lastFunction":7,"lastStatement":39,"seen":{"s:16:13:16:Infinity":0,"s:25:25:25:Infinity":1,"s:27:18:38:Infinity":2,"f:27:18:27:Infinity":0,"s:33:2:36:Infinity":3,"s:40:21:65:Infinity":4,"f:40:21:40:27":1,"s:41:23:41:Infinity":5,"s:42:22:42:Infinity":6,"s:43:35:43:Infinity":7,"b:45:2:47:Infinity:undefined:undefined:undefined:undefined":0,"s:45:2:47:Infinity":8,"s:46:4:46:Infinity":9,"b:49:2:51:Infinity:undefined:undefined:undefined:undefined":1,"s:49:2:51:Infinity":10,"s:50:4:50:Infinity":11,"s:53:21:53:Infinity":12,"s:55:17:55:Infinity":13,"s:57:2:64:Infinity":14,"s:71:24:71:Infinity":15,"s:73:17:84:Infinity":16,"f:76:2:76:3":2,"s:77:13:77:Infinity":17,"s:79:2:82:Infinity":18,"s:85:0:85:Infinity":19,"s:87:18:101:Infinity":20,"f:90:2:90:3":3,"s:91:32:91:Infinity":21,"s:93:2:99:Infinity":22,"b:96:20:96:29:96:29:96:49":2,"s:102:0:102:Infinity":23,"s:104:20:123:Infinity":24,"f:107:2:107:3":4,"s:108:66:108:Infinity":25,"s:110:2:121:Infinity":26,"b:116:12:116:Infinity:117:12:117:Infinity":3,"s:124:0:124:Infinity":27,"s:126:24:140:Infinity":28,"f:129:2:129:3":5,"s:130:32:130:Infinity":29,"s:132:2:138:Infinity":30,"s:141:0:141:Infinity":31,"s:143:20:164:Infinity":32,"f:146:2:146:3":6,"s:147:35:147:Infinity":33,"s:148:15:148:Infinity":34,"b:148:23:148:54:148:54:148:Infinity":4,"b:148:30:148:48:148:48:148:50":5,"b:150:2:152:Infinity:undefined:undefined:undefined:undefined":6,"s:150:2:152:Infinity":35,"s:151:4:151:Infinity":36,"s:154:2:162:Infinity":37,"s:165:0:165:Infinity":38}}}
,"C:\\Users\\trevo\\Desktop\\Spa-Flow\\artifacts\\spaflow\\src\\components\\ui\\input.tsx": {"path":"C:\\Users\\trevo\\Desktop\\Spa-Flow\\artifacts\\spaflow\\src\\components\\ui\\input.tsx","statementMap":{"0":{"start":{"line":5,"column":14},"end":{"line":19,"column":null}},"1":{"start":{"line":7,"column":4},"end":{"line":16,"column":null}},"2":{"start":{"line":20,"column":0},"end":{"line":20,"column":null}}},"fnMap":{"0":{"name":"(anonymous_0)","decl":{"start":{"line":6,"column":2},"end":{"line":6,"column":3}},"loc":{"start":{"line":6,"column":42},"end":{"line":18,"column":null}},"line":6}},"branchMap":{},"s":{"0":4,"1":64,"2":4},"f":{"0":64},"b":{},"meta":{"lastBranch":0,"lastFunction":1,"lastStatement":3,"seen":{"s:5:14:19:Infinity":0,"f:6:2:6:3":0,"s:7:4:16:Infinity":1,"s:20:0:20:Infinity":2}}}
,"C:\\Users\\trevo\\Desktop\\Spa-Flow\\artifacts\\spaflow\\src\\components\\ui\\label.tsx": {"path":"C:\\Users\\trevo\\Desktop\\Spa-Flow\\artifacts\\spaflow\\src\\components\\ui\\label.tsx","statementMap":{"0":{"start":{"line":9,"column":6},"end":{"line":11,"column":null}},"1":{"start":{"line":13,"column":14},"end":{"line":23,"column":null}},"2":{"start":{"line":18,"column":2},"end":{"line":22,"column":null}},"3":{"start":{"line":24,"column":0},"end":{"line":24,"column":null}}},"fnMap":{"0":{"name":"(anonymous_0)","decl":{"start":{"line":17,"column":2},"end":{"line":17,"column":3}},"loc":{"start":{"line":18,"column":2},"end":{"line":22,"column":null}},"line":18}},"branchMap":{},"s":{"0":3,"1":3,"2":80,"3":3},"f":{"0":80},"b":{},"meta":{"lastBranch":0,"lastFunction":1,"lastStatement":4,"seen":{"s:9:6:11:Infinity":0,"s:13:14:23:Infinity":1,"f:17:2:17:3":0,"s:18:2:22:Infinity":2,"s:24:0:24:Infinity":3}}}
,"C:\\Users\\trevo\\Desktop\\Spa-Flow\\artifacts\\spaflow\\src\\components\\ui\\select.tsx": {"path":"C:\\Users\\trevo\\Desktop\\Spa-Flow\\artifacts\\spaflow\\src\\components\\ui\\select.tsx","statementMap":{"0":{"start":{"line":9,"column":15},"end":{"line":9,"column":null}},"1":{"start":{"line":11,"column":20},"end":{"line":11,"column":null}},"2":{"start":{"line":13,"column":20},"end":{"line":13,"column":null}},"3":{"start":{"line":15,"column":22},"end":{"line":32,"column":null}},"4":{"start":{"line":19,"column":2},"end":{"line":31,"column":null}},"5":{"start":{"line":33,"column":0},"end":{"line":33,"column":null}},"6":{"start":{"line":35,"column":29},"end":{"line":49,"column":null}},"7":{"start":{"line":39,"column":2},"end":{"line":48,"column":null}},"8":{"start":{"line":50,"column":0},"end":{"line":50,"column":null}},"9":{"start":{"line":52,"column":31},"end":{"line":66,"column":null}},"10":{"start":{"line":56,"column":2},"end":{"line":65,"column":null}},"11":{"start":{"line":67,"column":0},"end":{"line":68,"column":null}},"12":{"start":{"line":70,"column":22},"end":{"line":99,"column":null}},"13":{"start":{"line":74,"column":2},"end":{"line":98,"column":null}},"14":{"start":{"line":100,"column":0},"end":{"line":100,"column":null}},"15":{"start":{"line":102,"column":20},"end":{"line":111,"column":null}},"16":{"start":{"line":106,"column":2},"end":{"line":110,"column":null}},"17":{"start":{"line":112,"column":0},"end":{"line":112,"column":null}},"18":{"start":{"line":114,"column":19},"end":{"line":133,"column":null}},"19":{"start":{"line":118,"column":2},"end":{"line":132,"column":null}},"20":{"start":{"line":134,"column":0},"end":{"line":134,"column":null}},"21":{"start":{"line":136,"column":24},"end":{"line":145,"column":null}},"22":{"start":{"line":140,"column":2},"end":{"line":144,"column":null}},"23":{"start":{"line":146,"column":0},"end":{"line":146,"column":null}}},"fnMap":{"0":{"name":"(anonymous_0)","decl":{"start":{"line":18,"column":2},"end":{"line":18,"column":3}},"loc":{"start":{"line":19,"column":2},"end":{"line":31,"column":null}},"line":19},"1":{"name":"(anonymous_1)","decl":{"start":{"line":38,"column":2},"end":{"line":38,"column":3}},"loc":{"start":{"line":39,"column":2},"end":{"line":48,"column":null}},"line":39},"2":{"name":"(anonymous_2)","decl":{"start":{"line":55,"column":2},"end":{"line":55,"column":3}},"loc":{"start":{"line":56,"column":2},"end":{"line":65,"column":null}},"line":56},"3":{"name":"(anonymous_3)","decl":{"start":{"line":73,"column":2},"end":{"line":73,"column":3}},"loc":{"start":{"line":74,"column":2},"end":{"line":98,"column":null}},"line":74},"4":{"name":"(anonymous_4)","decl":{"start":{"line":105,"column":2},"end":{"line":105,"column":3}},"loc":{"start":{"line":106,"column":2},"end":{"line":110,"column":null}},"line":106},"5":{"name":"(anonymous_5)","decl":{"start":{"line":117,"column":2},"end":{"line":117,"column":3}},"loc":{"start":{"line":118,"column":2},"end":{"line":132,"column":null}},"line":118},"6":{"name":"(anonymous_6)","decl":{"start":{"line":139,"column":2},"end":{"line":139,"column":3}},"loc":{"start":{"line":140,"column":2},"end":{"line":144,"column":null}},"line":140}},"branchMap":{"0":{"loc":{"start":{"line":73,"column":26},"end":{"line":73,"column":47}},"type":"default-arg","locations":[{"start":{"line":73,"column":37},"end":{"line":73,"column":47}}],"line":73},"1":{"loc":{"start":{"line":79,"column":8},"end":{"line":80,"column":null}},"type":"binary-expr","locations":[{"start":{"line":79,"column":8},"end":{"line":79,"column":null}},{"start":{"line":80,"column":10},"end":{"line":80,"column":null}}],"line":79},"2":{"loc":{"start":{"line":90,"column":10},"end":{"line":91,"column":null}},"type":"binary-expr","locations":[{"start":{"line":90,"column":10},"end":{"line":90,"column":null}},{"start":{"line":91,"column":12},"end":{"line":91,"column":null}}],"line":90}},"s":{"0":2,"1":2,"2":2,"3":2,"4":8,"5":2,"6":2,"7":4,"8":2,"9":2,"10":4,"11":2,"12":2,"13":8,"14":2,"15":2,"16":0,"17":2,"18":2,"19":12,"20":2,"21":2,"22":0,"23":2},"f":{"0":8,"1":4,"2":4,"3":8,"4":0,"5":12,"6":0},"b":{"0":[8],"1":[8,8],"2":[8,8]},"meta":{"lastBranch":3,"lastFunction":7,"lastStatement":24,"seen":{"s:9:15:9:Infinity":0,"s:11:20:11:Infinity":1,"s:13:20:13:Infinity":2,"s:15:22:32:Infinity":3,"f:18:2:18:3":0,"s:19:2:31:Infinity":4,"s:33:0:33:Infinity":5,"s:35:29:49:Infinity":6,"f:38:2:38:3":1,"s:39:2:48:Infinity":7,"s:50:0:50:Infinity":8,"s:52:31:66:Infinity":9,"f:55:2:55:3":2,"s:56:2:65:Infinity":10,"s:67:0:68:Infinity":11,"s:70:22:99:Infinity":12,"f:73:2:73:3":3,"s:74:2:98:Infinity":13,"b:73:37:73:47":0,"b:79:8:79:Infinity:80:10:80:Infinity":1,"b:90:10:90:Infinity:91:12:91:Infinity":2,"s:100:0:100:Infinity":14,"s:102:20:111:Infinity":15,"f:105:2:105:3":4,"s:106:2:110:Infinity":16,"s:112:0:112:Infinity":17,"s:114:19:133:Infinity":18,"f:117:2:117:3":5,"s:118:2:132:Infinity":19,"s:134:0:134:Infinity":20,"s:136:24:145:Infinity":21,"f:139:2:139:3":6,"s:140:2:144:Infinity":22,"s:146:0:146:Infinity":23}}}
,"C:\\Users\\trevo\\Desktop\\Spa-Flow\\artifacts\\spaflow\\src\\components\\ui\\separator.tsx": {"path":"C:\\Users\\trevo\\Desktop\\Spa-Flow\\artifacts\\spaflow\\src\\components\\ui\\separator.tsx","statementMap":{"0":{"start":{"line":6,"column":18},"end":{"line":26,"column":null}},"1":{"start":{"line":14,"column":4},"end":{"line":24,"column":null}},"2":{"start":{"line":27,"column":0},"end":{"line":27,"column":null}}},"fnMap":{"0":{"name":"(anonymous_0)","decl":{"start":{"line":10,"column":2},"end":{"line":10,"column":null}},"loc":{"start":{"line":14,"column":4},"end":{"line":24,"column":null}},"line":14}},"branchMap":{"0":{"loc":{"start":{"line":11,"column":17},"end":{"line":11,"column":45}},"type":"default-arg","locations":[{"start":{"line":11,"column":31},"end":{"line":11,"column":45}}],"line":11},"1":{"loc":{"start":{"line":11,"column":45},"end":{"line":11,"column":64}},"type":"default-arg","locations":[{"start":{"line":11,"column":58},"end":{"line":11,"column":64}}],"line":11},"2":{"loc":{"start":{"line":20,"column":8},"end":{"line":20,"column":null}},"type":"cond-expr","locations":[{"start":{"line":20,"column":39},"end":{"line":20,"column":58}},{"start":{"line":20,"column":58},"end":{"line":20,"column":null}}],"line":20}},"s":{"0":1,"1":36,"2":1},"f":{"0":36},"b":{"0":[36],"1":[36],"2":[36,0]},"meta":{"lastBranch":3,"lastFunction":1,"lastStatement":3,"seen":{"s:6:18:26:Infinity":0,"f:10:2:10:Infinity":0,"s:14:4:24:Infinity":1,"b:11:31:11:45":0,"b:11:58:11:64":1,"b:20:39:20:58:20:58:20:Infinity":2,"s:27:0:27:Infinity":2}}}
,"C:\\Users\\trevo\\Desktop\\Spa-Flow\\artifacts\\spaflow\\src\\components\\ui\\switch.tsx": {"path":"C:\\Users\\trevo\\Desktop\\Spa-Flow\\artifacts\\spaflow\\src\\components\\ui\\switch.tsx","statementMap":{"0":{"start":{"line":6,"column":15},"end":{"line":24,"column":null}},"1":{"start":{"line":10,"column":2},"end":{"line":23,"column":null}},"2":{"start":{"line":25,"column":0},"end":{"line":25,"column":null}}},"fnMap":{"0":{"name":"(anonymous_0)","decl":{"start":{"line":9,"column":2},"end":{"line":9,"column":3}},"loc":{"start":{"line":10,"column":2},"end":{"line":23,"column":null}},"line":10}},"branchMap":{},"s":{"0":1,"1":0,"2":1},"f":{"0":0},"b":{},"meta":{"lastBranch":0,"lastFunction":1,"lastStatement":3,"seen":{"s:6:15:24:Infinity":0,"f:9:2:9:3":0,"s:10:2:23:Infinity":1,"s:25:0:25:Infinity":2}}}
,"C:\\Users\\trevo\\Desktop\\Spa-Flow\\artifacts\\spaflow\\src\\components\\ui\\textarea.tsx": {"path":"C:\\Users\\trevo\\Desktop\\Spa-Flow\\artifacts\\spaflow\\src\\components\\ui\\textarea.tsx","statementMap":{"0":{"start":{"line":5,"column":17},"end":{"line":19,"column":null}},"1":{"start":{"line":9,"column":2},"end":{"line":17,"column":null}},"2":{"start":{"line":20,"column":0},"end":{"line":20,"column":null}}},"fnMap":{"0":{"name":"(anonymous_0)","decl":{"start":{"line":8,"column":2},"end":{"line":8,"column":3}},"loc":{"start":{"line":8,"column":36},"end":{"line":19,"column":1}},"line":8}},"branchMap":{},"s":{"0":2,"1":8,"2":2},"f":{"0":8},"b":{},"meta":{"lastBranch":0,"lastFunction":1,"lastStatement":3,"seen":{"s:5:17:19:Infinity":0,"f:8:2:8:3":0,"s:9:2:17:Infinity":1,"s:20:0:20:Infinity":2}}}
,"C:\\Users\\trevo\\Desktop\\Spa-Flow\\artifacts\\spaflow\\src\\components\\ui\\tooltip.tsx": {"path":"C:\\Users\\trevo\\Desktop\\Spa-Flow\\artifacts\\spaflow\\src\\components\\ui\\tooltip.tsx","statementMap":{"0":{"start":{"line":8,"column":24},"end":{"line":8,"column":null}},"1":{"start":{"line":10,"column":16},"end":{"line":10,"column":null}},"2":{"start":{"line":12,"column":23},"end":{"line":12,"column":null}},"3":{"start":{"line":14,"column":23},"end":{"line":29,"column":null}},"4":{"start":{"line":18,"column":2},"end":{"line":28,"column":null}},"5":{"start":{"line":30,"column":0},"end":{"line":30,"column":null}}},"fnMap":{"0":{"name":"(anonymous_0)","decl":{"start":{"line":17,"column":2},"end":{"line":17,"column":3}},"loc":{"start":{"line":18,"column":2},"end":{"line":28,"column":null}},"line":18}},"branchMap":{"0":{"loc":{"start":{"line":17,"column":16},"end":{"line":17,"column":32}},"type":"default-arg","locations":[{"start":{"line":17,"column":29},"end":{"line":17,"column":32}}],"line":17}},"s":{"0":1,"1":1,"2":1,"3":1,"4":18,"5":1},"f":{"0":18},"b":{"0":[18]},"meta":{"lastBranch":1,"lastFunction":1,"lastStatement":6,"seen":{"s:8:24:8:Infinity":0,"s:10:16:10:Infinity":1,"s:12:23:12:Infinity":2,"s:14:23:29:Infinity":3,"f:17:2:17:3":0,"s:18:2:28:Infinity":4,"b:17:29:17:32":0,"s:30:0:30:Infinity":5}}}
,"C:\\Users\\trevo\\Desktop\\Spa-Flow\\artifacts\\spaflow\\src\\hooks\\use-toast.ts": {"path":"C:\\Users\\trevo\\Desktop\\Spa-Flow\\artifacts\\spaflow\\src\\hooks\\use-toast.ts","statementMap":{"0":{"start":{"line":8,"column":20},"end":{"line":8,"column":null}},"1":{"start":{"line":9,"column":27},"end":{"line":9,"column":null}},"2":{"start":{"line":18,"column":20},"end":{"line":23,"column":null}},"3":{"start":{"line":25,"column":12},"end":{"line":25,"column":null}},"4":{"start":{"line":28,"column":2},"end":{"line":28,"column":null}},"5":{"start":{"line":29,"column":2},"end":{"line":29,"column":null}},"6":{"start":{"line":56,"column":22},"end":{"line":56,"column":null}},"7":{"start":{"line":58,"column":25},"end":{"line":72,"column":null}},"8":{"start":{"line":59,"column":2},"end":{"line":61,"column":null}},"9":{"start":{"line":60,"column":4},"end":{"line":60,"column":null}},"10":{"start":{"line":63,"column":18},"end":{"line":69,"column":null}},"11":{"start":{"line":64,"column":4},"end":{"line":64,"column":null}},"12":{"start":{"line":65,"column":4},"end":{"line":68,"column":null}},"13":{"start":{"line":71,"column":2},"end":{"line":71,"column":null}},"14":{"start":{"line":74,"column":23},"end":{"line":127,"column":null}},"15":{"start":{"line":75,"column":2},"end":{"line":126,"column":null}},"16":{"start":{"line":77,"column":6},"end":{"line":80,"column":null}},"17":{"start":{"line":83,"column":6},"end":{"line":88,"column":null}},"18":{"start":{"line":86,"column":10},"end":{"line":86,"column":null}},"19":{"start":{"line":91,"column":26},"end":{"line":91,"column":null}},"20":{"start":{"line":95,"column":6},"end":{"line":101,"column":null}},"21":{"start":{"line":96,"column":8},"end":{"line":96,"column":null}},"22":{"start":{"line":98,"column":8},"end":{"line":100,"column":null}},"23":{"start":{"line":99,"column":10},"end":{"line":99,"column":null}},"24":{"start":{"line":103,"column":6},"end":{"line":113,"column":null}},"25":{"start":{"line":106,"column":10},"end":{"line":111,"column":null}},"26":{"start":{"line":116,"column":6},"end":{"line":121,"column":null}},"27":{"start":{"line":117,"column":8},"end":{"line":120,"column":null}},"28":{"start":{"line":122,"column":6},"end":{"line":125,"column":null}},"29":{"start":{"line":124,"column":43},"end":{"line":124,"column":66}},"30":{"start":{"line":129,"column":49},"end":{"line":129,"column":null}},"31":{"start":{"line":131,"column":25},"end":{"line":131,"column":null}},"32":{"start":{"line":134,"column":2},"end":{"line":134,"column":null}},"33":{"start":{"line":135,"column":2},"end":{"line":137,"column":null}},"34":{"start":{"line":136,"column":4},"end":{"line":136,"column":null}},"35":{"start":{"line":143,"column":13},"end":{"line":143,"column":null}},"36":{"start":{"line":145,"column":17},"end":{"line":149,"column":null}},"37":{"start":{"line":146,"column":4},"end":{"line":149,"column":null}},"38":{"start":{"line":150,"column":18},"end":{"line":150,"column":null}},"39":{"start":{"line":150,"column":24},"end":{"line":150,"column":null}},"40":{"start":{"line":152,"column":2},"end":{"line":162,"column":null}},"41":{"start":{"line":159,"column":8},"end":{"line":159,"column":null}},"42":{"start":{"line":159,"column":19},"end":{"line":159,"column":null}},"43":{"start":{"line":164,"column":2},"end":{"line":168,"column":null}},"44":{"start":{"line":172,"column":28},"end":{"line":172,"column":null}},"45":{"start":{"line":174,"column":2},"end":{"line":182,"column":null}},"46":{"start":{"line":175,"column":4},"end":{"line":175,"column":null}},"47":{"start":{"line":176,"column":4},"end":{"line":181,"column":null}},"48":{"start":{"line":177,"column":20},"end":{"line":177,"column":null}},"49":{"start":{"line":178,"column":6},"end":{"line":180,"column":null}},"50":{"start":{"line":179,"column":8},"end":{"line":179,"column":null}},"51":{"start":{"line":184,"column":2},"end":{"line":188,"column":null}},"52":{"start":{"line":187,"column":35},"end":{"line":187,"column":null}}},"fnMap":{"0":{"name":"genId","decl":{"start":{"line":27,"column":9},"end":{"line":27,"column":17}},"loc":{"start":{"line":27,"column":17},"end":{"line":30,"column":null}},"line":27},"1":{"name":"(anonymous_1)","decl":{"start":{"line":58,"column":25},"end":{"line":58,"column":26}},"loc":{"start":{"line":58,"column":46},"end":{"line":72,"column":null}},"line":58},"2":{"name":"(anonymous_2)","decl":{"start":{"line":63,"column":29},"end":{"line":63,"column":35}},"loc":{"start":{"line":63,"column":35},"end":{"line":69,"column":5}},"line":63},"3":{"name":"(anonymous_3)","decl":{"start":{"line":74,"column":23},"end":{"line":74,"column":24}},"loc":{"start":{"line":74,"column":64},"end":{"line":127,"column":null}},"line":74},"4":{"name":"(anonymous_4)","decl":{"start":{"line":85,"column":33},"end":{"line":85,"column":34}},"loc":{"start":{"line":86,"column":10},"end":{"line":86,"column":null}},"line":86},"5":{"name":"(anonymous_5)","decl":{"start":{"line":98,"column":29},"end":{"line":98,"column":30}},"loc":{"start":{"line":98,"column":40},"end":{"line":100,"column":9}},"line":98},"6":{"name":"(anonymous_6)","decl":{"start":{"line":105,"column":33},"end":{"line":105,"column":34}},"loc":{"start":{"line":106,"column":10},"end":{"line":111,"column":null}},"line":106},"7":{"name":"(anonymous_7)","decl":{"start":{"line":124,"column":36},"end":{"line":124,"column":37}},"loc":{"start":{"line":124,"column":43},"end":{"line":124,"column":66}},"line":124},"8":{"name":"dispatch","decl":{"start":{"line":133,"column":9},"end":{"line":133,"column":18}},"loc":{"start":{"line":133,"column":34},"end":{"line":138,"column":null}},"line":133},"9":{"name":"(anonymous_9)","decl":{"start":{"line":135,"column":20},"end":{"line":135,"column":21}},"loc":{"start":{"line":135,"column":34},"end":{"line":137,"column":3}},"line":135},"10":{"name":"toast","decl":{"start":{"line":142,"column":9},"end":{"line":142,"column":15}},"loc":{"start":{"line":142,"column":36},"end":{"line":169,"column":null}},"line":142},"11":{"name":"(anonymous_11)","decl":{"start":{"line":145,"column":17},"end":{"line":145,"column":18}},"loc":{"start":{"line":146,"column":4},"end":{"line":149,"column":null}},"line":146},"12":{"name":"(anonymous_12)","decl":{"start":{"line":150,"column":18},"end":{"line":150,"column":24}},"loc":{"start":{"line":150,"column":24},"end":{"line":150,"column":null}},"line":150},"13":{"name":"(anonymous_13)","decl":{"start":{"line":158,"column":20},"end":{"line":158,"column":21}},"loc":{"start":{"line":158,"column":30},"end":{"line":160,"column":null}},"line":158},"14":{"name":"useToast","decl":{"start":{"line":171,"column":9},"end":{"line":171,"column":20}},"loc":{"start":{"line":171,"column":20},"end":{"line":189,"column":null}},"line":171},"15":{"name":"(anonymous_15)","decl":{"start":{"line":174,"column":18},"end":{"line":174,"column":24}},"loc":{"start":{"line":174,"column":24},"end":{"line":182,"column":5}},"line":174},"16":{"name":"(anonymous_16)","decl":{"start":{"line":176,"column":11},"end":{"line":176,"column":17}},"loc":{"start":{"line":176,"column":17},"end":{"line":181,"column":null}},"line":176},"17":{"name":"(anonymous_17)","decl":{"start":{"line":187,"column":13},"end":{"line":187,"column":14}},"loc":{"start":{"line":187,"column":35},"end":{"line":187,"column":null}},"line":187}},"branchMap":{"0":{"loc":{"start":{"line":59,"column":2},"end":{"line":61,"column":null}},"type":"if","locations":[{"start":{"line":59,"column":2},"end":{"line":61,"column":null}},{"start":{},"end":{}}],"line":59},"1":{"loc":{"start":{"line":75,"column":2},"end":{"line":126,"column":null}},"type":"switch","locations":[{"start":{"line":76,"column":4},"end":{"line":80,"column":null}},{"start":{"line":82,"column":4},"end":{"line":88,"column":null}},{"start":{"line":90,"column":4},"end":{"line":114,"column":null}},{"start":{"line":115,"column":4},"end":{"line":125,"column":null}}],"line":75},"2":{"loc":{"start":{"line":86,"column":10},"end":{"line":86,"column":null}},"type":"cond-expr","locations":[{"start":{"line":86,"column":37},"end":{"line":86,"column":65}},{"start":{"line":86,"column":65},"end":{"line":86,"column":null}}],"line":86},"3":{"loc":{"start":{"line":95,"column":6},"end":{"line":101,"column":null}},"type":"if","locations":[{"start":{"line":95,"column":6},"end":{"line":101,"column":null}},{"start":{"line":97,"column":13},"end":{"line":101,"column":null}}],"line":95},"4":{"loc":{"start":{"line":106,"column":10},"end":{"line":111,"column":null}},"type":"cond-expr","locations":[{"start":{"line":107,"column":14},"end":{"line":110,"column":null}},{"start":{"line":111,"column":14},"end":{"line":111,"column":null}}],"line":106},"5":{"loc":{"start":{"line":106,"column":10},"end":{"line":106,"column":null}},"type":"binary-expr","locations":[{"start":{"line":106,"column":10},"end":{"line":106,"column":30}},{"start":{"line":106,"column":30},"end":{"line":106,"column":null}}],"line":106},"6":{"loc":{"start":{"line":116,"column":6},"end":{"line":121,"column":null}},"type":"if","locations":[{"start":{"line":116,"column":6},"end":{"line":121,"column":null}},{"start":{},"end":{}}],"line":116},"7":{"loc":{"start":{"line":159,"column":8},"end":{"line":159,"column":null}},"type":"if","locations":[{"start":{"line":159,"column":8},"end":{"line":159,"column":null}},{"start":{},"end":{}}],"line":159},"8":{"loc":{"start":{"line":178,"column":6},"end":{"line":180,"column":null}},"type":"if","locations":[{"start":{"line":178,"column":6},"end":{"line":180,"column":null}},{"start":{},"end":{}}],"line":178}},"s":{"0":2,"1":2,"2":2,"3":2,"4":0,"5":0,"6":2,"7":2,"8":0,"9":0,"10":0,"11":0,"12":0,"13":0,"14":2,"15":0,"16":0,"17":0,"18":0,"19":0,"20":0,"21":0,"22":0,"23":0,"24":0,"25":0,"26":0,"27":0,"28":0,"29":0,"30":2,"31":2,"32":0,"33":0,"34":0,"35":0,"36":0,"37":0,"38":0,"39":0,"40":0,"41":0,"42":0,"43":0,"44":12,"45":12,"46":8,"47":8,"48":8,"49":8,"50":8,"51":12,"52":0},"f":{"0":0,"1":0,"2":0,"3":0,"4":0,"5":0,"6":0,"7":0,"8":0,"9":0,"10":0,"11":0,"12":0,"13":0,"14":12,"15":8,"16":8,"17":0},"b":{"0":[0,0],"1":[0,0,0,0],"2":[0,0],"3":[0,0],"4":[0,0],"5":[0,0],"6":[0,0],"7":[0,0],"8":[8,0]},"meta":{"lastBranch":9,"lastFunction":18,"lastStatement":53,"seen":{"s:8:20:8:Infinity":0,"s:9:27:9:Infinity":1,"s:18:20:23:Infinity":2,"s:25:12:25:Infinity":3,"f:27:9:27:17":0,"s:28:2:28:Infinity":4,"s:29:2:29:Infinity":5,"s:56:22:56:Infinity":6,"s:58:25:72:Infinity":7,"f:58:25:58:26":1,"b:59:2:61:Infinity:undefined:undefined:undefined:undefined":0,"s:59:2:61:Infinity":8,"s:60:4:60:Infinity":9,"s:63:18:69:Infinity":10,"f:63:29:63:35":2,"s:64:4:64:Infinity":11,"s:65:4:68:Infinity":12,"s:71:2:71:Infinity":13,"s:74:23:127:Infinity":14,"f:74:23:74:24":3,"b:76:4:80:Infinity:82:4:88:Infinity:90:4:114:Infinity:115:4:125:Infinity":1,"s:75:2:126:Infinity":15,"s:77:6:80:Infinity":16,"s:83:6:88:Infinity":17,"f:85:33:85:34":4,"s:86:10:86:Infinity":18,"b:86:37:86:65:86:65:86:Infinity":2,"s:91:26:91:Infinity":19,"b:95:6:101:Infinity:97:13:101:Infinity":3,"s:95:6:101:Infinity":20,"s:96:8:96:Infinity":21,"s:98:8:100:Infinity":22,"f:98:29:98:30":5,"s:99:10:99:Infinity":23,"s:103:6:113:Infinity":24,"f:105:33:105:34":6,"s:106:10:111:Infinity":25,"b:107:14:110:Infinity:111:14:111:Infinity":4,"b:106:10:106:30:106:30:106:Infinity":5,"b:116:6:121:Infinity:undefined:undefined:undefined:undefined":6,"s:116:6:121:Infinity":26,"s:117:8:120:Infinity":27,"s:122:6:125:Infinity":28,"f:124:36:124:37":7,"s:124:43:124:66":29,"s:129:49:129:Infinity":30,"s:131:25:131:Infinity":31,"f:133:9:133:18":8,"s:134:2:134:Infinity":32,"s:135:2:137:Infinity":33,"f:135:20:135:21":9,"s:136:4:136:Infinity":34,"f:142:9:142:15":10,"s:143:13:143:Infinity":35,"s:145:17:149:Infinity":36,"f:145:17:145:18":11,"s:146:4:149:Infinity":37,"s:150:18:150:Infinity":38,"f:150:18:150:24":12,"s:150:24:150:Infinity":39,"s:152:2:162:Infinity":40,"f:158:20:158:21":13,"b:159:8:159:Infinity:undefined:undefined:undefined:undefined":7,"s:159:8:159:Infinity":41,"s:159:19:159:Infinity":42,"s:164:2:168:Infinity":43,"f:171:9:171:20":14,"s:172:28:172:Infinity":44,"s:174:2:182:Infinity":45,"f:174:18:174:24":15,"s:175:4:175:Infinity":46,"s:176:4:181:Infinity":47,"f:176:11:176:17":16,"s:177:20:177:Infinity":48,"b:178:6:180:Infinity:undefined:undefined:undefined:undefined":8,"s:178:6:180:Infinity":49,"s:179:8:179:Infinity":50,"s:184:2:188:Infinity":51,"f:187:13:187:14":17,"s:187:35:187:Infinity":52}}}
,"C:\\Users\\trevo\\Desktop\\Spa-Flow\\artifacts\\spaflow\\src\\hooks\\use-websocket.ts": {"path":"C:\\Users\\trevo\\Desktop\\Spa-Flow\\artifacts\\spaflow\\src\\hooks\\use-websocket.ts","statementMap":{"0":{"start":{"line":8,"column":34},"end":{"line":14,"column":null}},"1":{"start":{"line":92,"column":6},"end":{"line":92,"column":null}},"2":{"start":{"line":94,"column":15},"end":{"line":94,"column":null}},"3":{"start":{"line":95,"column":8},"end":{"line":95,"column":null}},"4":{"start":{"line":97,"column":8},"end":{"line":97,"column":null}},"5":{"start":{"line":98,"column":8},"end":{"line":98,"column":null}},"6":{"start":{"line":99,"column":8},"end":{"line":99,"column":null}},"7":{"start":{"line":100,"column":8},"end":{"line":100,"column":null}},"8":{"start":{"line":101,"column":26},"end":{"line":101,"column":null}},"9":{"start":{"line":102,"column":36},"end":{"line":102,"column":null}},"10":{"start":{"line":107,"column":8},"end":{"line":113,"column":null}},"11":{"start":{"line":108,"column":4},"end":{"line":112,"column":null}},"12":{"start":{"line":109,"column":6},"end":{"line":109,"column":null}},"13":{"start":{"line":110,"column":6},"end":{"line":110,"column":null}},"14":{"start":{"line":111,"column":6},"end":{"line":111,"column":null}},"15":{"start":{"line":118,"column":8},"end":{"line":125,"column":null}},"16":{"start":{"line":119,"column":18},"end":{"line":122,"column":null}},"17":{"start":{"line":124,"column":4},"end":{"line":124,"column":null}},"18":{"start":{"line":130,"column":8},"end":{"line":228,"column":null}},"19":{"start":{"line":131,"column":4},"end":{"line":134,"column":null}},"20":{"start":{"line":132,"column":6},"end":{"line":132,"column":null}},"21":{"start":{"line":133,"column":6},"end":{"line":133,"column":null}},"22":{"start":{"line":136,"column":4},"end":{"line":139,"column":null}},"23":{"start":{"line":137,"column":6},"end":{"line":137,"column":null}},"24":{"start":{"line":138,"column":6},"end":{"line":138,"column":null}},"25":{"start":{"line":141,"column":4},"end":{"line":145,"column":null}},"26":{"start":{"line":142,"column":6},"end":{"line":142,"column":null}},"27":{"start":{"line":143,"column":6},"end":{"line":143,"column":null}},"28":{"start":{"line":144,"column":6},"end":{"line":144,"column":null}},"29":{"start":{"line":147,"column":4},"end":{"line":147,"column":null}},"30":{"start":{"line":149,"column":4},"end":{"line":227,"column":null}},"31":{"start":{"line":151,"column":23},"end":{"line":151,"column":null}},"32":{"start":{"line":152,"column":19},"end":{"line":152,"column":null}},"33":{"start":{"line":153,"column":20},"end":{"line":153,"column":null}},"34":{"start":{"line":155,"column":6},"end":{"line":155,"column":null}},"35":{"start":{"line":157,"column":17},"end":{"line":157,"column":null}},"36":{"start":{"line":158,"column":6},"end":{"line":158,"column":null}},"37":{"start":{"line":160,"column":6},"end":{"line":164,"column":null}},"38":{"start":{"line":161,"column":8},"end":{"line":161,"column":null}},"39":{"start":{"line":162,"column":8},"end":{"line":162,"column":null}},"40":{"start":{"line":163,"column":8},"end":{"line":163,"column":null}},"41":{"start":{"line":166,"column":6},"end":{"line":202,"column":null}},"42":{"start":{"line":167,"column":8},"end":{"line":201,"column":null}},"43":{"start":{"line":168,"column":44},"end":{"line":168,"column":null}},"44":{"start":{"line":169,"column":10},"end":{"line":169,"column":null}},"45":{"start":{"line":170,"column":10},"end":{"line":170,"column":null}},"46":{"start":{"line":171,"column":10},"end":{"line":171,"column":null}},"47":{"start":{"line":174,"column":10},"end":{"line":198,"column":null}},"48":{"start":{"line":176,"column":14},"end":{"line":176,"column":null}},"49":{"start":{"line":177,"column":14},"end":{"line":177,"column":null}},"50":{"start":{"line":178,"column":14},"end":{"line":178,"column":null}},"51":{"start":{"line":179,"column":14},"end":{"line":179,"column":null}},"52":{"start":{"line":181,"column":14},"end":{"line":181,"column":null}},"53":{"start":{"line":182,"column":14},"end":{"line":182,"column":null}},"54":{"start":{"line":183,"column":14},"end":{"line":183,"column":null}},"55":{"start":{"line":184,"column":14},"end":{"line":184,"column":null}},"56":{"start":{"line":186,"column":14},"end":{"line":186,"column":null}},"57":{"start":{"line":187,"column":14},"end":{"line":187,"column":null}},"58":{"start":{"line":188,"column":14},"end":{"line":188,"column":null}},"59":{"start":{"line":190,"column":14},"end":{"line":190,"column":null}},"60":{"start":{"line":191,"column":14},"end":{"line":191,"column":null}},"61":{"start":{"line":192,"column":14},"end":{"line":192,"column":null}},"62":{"start":{"line":194,"column":14},"end":{"line":194,"column":null}},"63":{"start":{"line":195,"column":14},"end":{"line":195,"column":null}},"64":{"start":{"line":196,"column":14},"end":{"line":196,"column":null}},"65":{"start":{"line":197,"column":14},"end":{"line":197,"column":null}},"66":{"start":{"line":200,"column":10},"end":{"line":200,"column":null}},"67":{"start":{"line":204,"column":6},"end":{"line":217,"column":null}},"68":{"start":{"line":205,"column":8},"end":{"line":205,"column":null}},"69":{"start":{"line":206,"column":8},"end":{"line":206,"column":null}},"70":{"start":{"line":208,"column":8},"end":{"line":216,"column":null}},"71":{"start":{"line":209,"column":10},"end":{"line":209,"column":null}},"72":{"start":{"line":210,"column":24},"end":{"line":210,"column":null}},"73":{"start":{"line":211,"column":10},"end":{"line":211,"column":null}},"74":{"start":{"line":212,"column":10},"end":{"line":212,"column":null}},"75":{"start":{"line":213,"column":10},"end":{"line":213,"column":null}},"76":{"start":{"line":215,"column":10},"end":{"line":215,"column":null}},"77":{"start":{"line":219,"column":6},"end":{"line":222,"column":null}},"78":{"start":{"line":220,"column":8},"end":{"line":220,"column":null}},"79":{"start":{"line":221,"column":8},"end":{"line":221,"column":null}},"80":{"start":{"line":225,"column":6},"end":{"line":225,"column":null}},"81":{"start":{"line":226,"column":6},"end":{"line":226,"column":null}},"82":{"start":{"line":233,"column":8},"end":{"line":247,"column":null}},"83":{"start":{"line":234,"column":4},"end":{"line":237,"column":null}},"84":{"start":{"line":235,"column":6},"end":{"line":235,"column":null}},"85":{"start":{"line":236,"column":6},"end":{"line":236,"column":null}},"86":{"start":{"line":239,"column":4},"end":{"line":243,"column":null}},"87":{"start":{"line":240,"column":6},"end":{"line":240,"column":null}},"88":{"start":{"line":241,"column":6},"end":{"line":241,"column":null}},"89":{"start":{"line":242,"column":6},"end":{"line":242,"column":null}},"90":{"start":{"line":245,"column":4},"end":{"line":245,"column":null}},"91":{"start":{"line":246,"column":4},"end":{"line":246,"column":null}},"92":{"start":{"line":252,"column":8},"end":{"line":258,"column":null}},"93":{"start":{"line":253,"column":4},"end":{"line":257,"column":null}},"94":{"start":{"line":254,"column":6},"end":{"line":254,"column":null}},"95":{"start":{"line":256,"column":6},"end":{"line":256,"column":null}},"96":{"start":{"line":263,"column":2},"end":{"line":273,"column":null}},"97":{"start":{"line":264,"column":4},"end":{"line":268,"column":null}},"98":{"start":{"line":265,"column":6},"end":{"line":265,"column":null}},"99":{"start":{"line":266,"column":4},"end":{"line":268,"column":null}},"100":{"start":{"line":267,"column":6},"end":{"line":267,"column":null}},"101":{"start":{"line":270,"column":4},"end":{"line":272,"column":null}},"102":{"start":{"line":271,"column":6},"end":{"line":271,"column":null}},"103":{"start":{"line":279,"column":2},"end":{"line":292,"column":null}},"104":{"start":{"line":280,"column":35},"end":{"line":286,"column":null}},"105":{"start":{"line":281,"column":6},"end":{"line":285,"column":null}},"106":{"start":{"line":282,"column":8},"end":{"line":282,"column":null}},"107":{"start":{"line":283,"column":8},"end":{"line":283,"column":null}},"108":{"start":{"line":284,"column":8},"end":{"line":284,"column":null}},"109":{"start":{"line":288,"column":4},"end":{"line":288,"column":null}},"110":{"start":{"line":289,"column":4},"end":{"line":291,"column":null}},"111":{"start":{"line":290,"column":6},"end":{"line":290,"column":null}},"112":{"start":{"line":294,"column":2},"end":{"line":300,"column":null}}},"fnMap":{"0":{"name":"useWebSocket","decl":{"start":{"line":84,"column":16},"end":{"line":84,"column":29}},"loc":{"start":{"line":84,"column":64},"end":{"line":301,"column":null}},"line":84},"1":{"name":"(anonymous_1)","decl":{"start":{"line":107,"column":35},"end":{"line":107,"column":36}},"loc":{"start":{"line":107,"column":68},"end":{"line":113,"column":5}},"line":107},"2":{"name":"(anonymous_2)","decl":{"start":{"line":118,"column":40},"end":{"line":118,"column":46}},"loc":{"start":{"line":118,"column":46},"end":{"line":125,"column":5}},"line":118},"3":{"name":"(anonymous_3)","decl":{"start":{"line":130,"column":30},"end":{"line":130,"column":36}},"loc":{"start":{"line":130,"column":36},"end":{"line":228,"column":5}},"line":130},"4":{"name":"(anonymous_4)","decl":{"start":{"line":160,"column":18},"end":{"line":160,"column":24}},"loc":{"start":{"line":160,"column":24},"end":{"line":164,"column":null}},"line":160},"5":{"name":"(anonymous_5)","decl":{"start":{"line":166,"column":21},"end":{"line":166,"column":22}},"loc":{"start":{"line":166,"column":32},"end":{"line":202,"column":null}},"line":166},"6":{"name":"(anonymous_6)","decl":{"start":{"line":204,"column":19},"end":{"line":204,"column":20}},"loc":{"start":{"line":204,"column":30},"end":{"line":217,"column":null}},"line":204},"7":{"name":"(anonymous_7)","decl":{"start":{"line":219,"column":19},"end":{"line":219,"column":20}},"loc":{"start":{"line":219,"column":30},"end":{"line":222,"column":null}},"line":219},"8":{"name":"(anonymous_8)","decl":{"start":{"line":233,"column":33},"end":{"line":233,"column":39}},"loc":{"start":{"line":233,"column":39},"end":{"line":247,"column":5}},"line":233},"9":{"name":"(anonymous_9)","decl":{"start":{"line":252,"column":34},"end":{"line":252,"column":35}},"loc":{"start":{"line":252,"column":65},"end":{"line":258,"column":5}},"line":252},"10":{"name":"(anonymous_10)","decl":{"start":{"line":263,"column":12},"end":{"line":263,"column":18}},"loc":{"start":{"line":263,"column":18},"end":{"line":273,"column":5}},"line":263},"11":{"name":"(anonymous_11)","decl":{"start":{"line":270,"column":11},"end":{"line":270,"column":17}},"loc":{"start":{"line":270,"column":17},"end":{"line":272,"column":null}},"line":270},"12":{"name":"(anonymous_12)","decl":{"start":{"line":279,"column":12},"end":{"line":279,"column":18}},"loc":{"start":{"line":279,"column":18},"end":{"line":292,"column":5}},"line":279},"13":{"name":"(anonymous_13)","decl":{"start":{"line":280,"column":35},"end":{"line":280,"column":41}},"loc":{"start":{"line":280,"column":41},"end":{"line":286,"column":null}},"line":280},"14":{"name":"(anonymous_14)","decl":{"start":{"line":289,"column":11},"end":{"line":289,"column":17}},"loc":{"start":{"line":289,"column":17},"end":{"line":291,"column":null}},"line":289}},"branchMap":{"0":{"loc":{"start":{"line":84,"column":29},"end":{"line":84,"column":64}},"type":"default-arg","locations":[{"start":{"line":84,"column":60},"end":{"line":84,"column":64}}],"line":84},"1":{"loc":{"start":{"line":88,"column":4},"end":{"line":88,"column":null}},"type":"default-arg","locations":[{"start":{"line":88,"column":18},"end":{"line":88,"column":null}}],"line":88},"2":{"loc":{"start":{"line":89,"column":4},"end":{"line":89,"column":null}},"type":"default-arg","locations":[{"start":{"line":89,"column":21},"end":{"line":89,"column":null}}],"line":89},"3":{"loc":{"start":{"line":90,"column":4},"end":{"line":90,"column":null}},"type":"default-arg","locations":[{"start":{"line":90,"column":24},"end":{"line":90,"column":null}}],"line":90},"4":{"loc":{"start":{"line":91,"column":4},"end":{"line":91,"column":null}},"type":"default-arg","locations":[{"start":{"line":91,"column":27},"end":{"line":91,"column":null}}],"line":91},"5":{"loc":{"start":{"line":108,"column":4},"end":{"line":112,"column":null}},"type":"if","locations":[{"start":{"line":108,"column":4},"end":{"line":112,"column":null}},{"start":{},"end":{}}],"line":108},"6":{"loc":{"start":{"line":131,"column":4},"end":{"line":134,"column":null}},"type":"if","locations":[{"start":{"line":131,"column":4},"end":{"line":134,"column":null}},{"start":{},"end":{}}],"line":131},"7":{"loc":{"start":{"line":136,"column":4},"end":{"line":139,"column":null}},"type":"if","locations":[{"start":{"line":136,"column":4},"end":{"line":139,"column":null}},{"start":{},"end":{}}],"line":136},"8":{"loc":{"start":{"line":141,"column":4},"end":{"line":145,"column":null}},"type":"if","locations":[{"start":{"line":141,"column":4},"end":{"line":145,"column":null}},{"start":{},"end":{}}],"line":141},"9":{"loc":{"start":{"line":151,"column":23},"end":{"line":151,"column":null}},"type":"cond-expr","locations":[{"start":{"line":151,"column":63},"end":{"line":151,"column":72}},{"start":{"line":151,"column":72},"end":{"line":151,"column":null}}],"line":151},"10":{"loc":{"start":{"line":174,"column":10},"end":{"line":198,"column":null}},"type":"switch","locations":[{"start":{"line":175,"column":12},"end":{"line":179,"column":null}},{"start":{"line":180,"column":12},"end":{"line":184,"column":null}},{"start":{"line":185,"column":12},"end":{"line":188,"column":null}},{"start":{"line":189,"column":12},"end":{"line":192,"column":null}},{"start":{"line":193,"column":12},"end":{"line":197,"column":null}}],"line":174},"11":{"loc":{"start":{"line":208,"column":8},"end":{"line":216,"column":null}},"type":"if","locations":[{"start":{"line":208,"column":8},"end":{"line":216,"column":null}},{"start":{"line":214,"column":15},"end":{"line":216,"column":null}}],"line":208},"12":{"loc":{"start":{"line":208,"column":12},"end":{"line":208,"column":73}},"type":"binary-expr","locations":[{"start":{"line":208,"column":12},"end":{"line":208,"column":67}},{"start":{"line":208,"column":67},"end":{"line":208,"column":73}}],"line":208},"13":{"loc":{"start":{"line":234,"column":4},"end":{"line":237,"column":null}},"type":"if","locations":[{"start":{"line":234,"column":4},"end":{"line":237,"column":null}},{"start":{},"end":{}}],"line":234},"14":{"loc":{"start":{"line":239,"column":4},"end":{"line":243,"column":null}},"type":"if","locations":[{"start":{"line":239,"column":4},"end":{"line":243,"column":null}},{"start":{},"end":{}}],"line":239},"15":{"loc":{"start":{"line":253,"column":4},"end":{"line":257,"column":null}},"type":"if","locations":[{"start":{"line":253,"column":4},"end":{"line":257,"column":null}},{"start":{"line":255,"column":11},"end":{"line":257,"column":null}}],"line":253},"16":{"loc":{"start":{"line":264,"column":4},"end":{"line":268,"column":null}},"type":"if","locations":[{"start":{"line":264,"column":4},"end":{"line":268,"column":null}},{"start":{"line":266,"column":4},"end":{"line":268,"column":null}}],"line":264},"17":{"loc":{"start":{"line":264,"column":8},"end":{"line":264,"column":29}},"type":"binary-expr","locations":[{"start":{"line":264,"column":8},"end":{"line":264,"column":23}},{"start":{"line":264,"column":23},"end":{"line":264,"column":29}}],"line":264},"18":{"loc":{"start":{"line":266,"column":4},"end":{"line":268,"column":null}},"type":"if","locations":[{"start":{"line":266,"column":4},"end":{"line":268,"column":null}},{"start":{},"end":{}}],"line":266},"19":{"loc":{"start":{"line":281,"column":6},"end":{"line":285,"column":null}},"type":"if","locations":[{"start":{"line":281,"column":6},"end":{"line":285,"column":null}},{"start":{},"end":{}}],"line":281},"20":{"loc":{"start":{"line":281,"column":10},"end":{"line":281,"column":87}},"type":"binary-expr","locations":[{"start":{"line":281,"column":10},"end":{"line":281,"column":52}},{"start":{"line":281,"column":52},"end":{"line":281,"column":60}},{"start":{"line":281,"column":60},"end":{"line":281,"column":87}}],"line":281}},"s":{"0":1,"1":4,"2":4,"3":4,"4":4,"5":4,"6":4,"7":4,"8":4,"9":4,"10":4,"11":8,"12":0,"13":0,"14":0,"15":4,"16":0,"17":0,"18":4,"19":0,"20":0,"21":0,"22":0,"23":0,"24":0,"25":0,"26":0,"27":0,"28":0,"29":0,"30":0,"31":0,"32":0,"33":0,"34":0,"35":0,"36":0,"37":0,"38":0,"39":0,"40":0,"41":0,"42":0,"43":0,"44":0,"45":0,"46":0,"47":0,"48":0,"49":0,"50":0,"51":0,"52":0,"53":0,"54":0,"55":0,"56":0,"57":0,"58":0,"59":0,"60":0,"61":0,"62":0,"63":0,"64":0,"65":0,"66":0,"67":0,"68":0,"69":0,"70":0,"71":0,"72":0,"73":0,"74":0,"75":0,"76":0,"77":0,"78":0,"79":0,"80":0,"81":0,"82":4,"83":8,"84":0,"85":0,"86":8,"87":0,"88":0,"89":0,"90":8,"91":8,"92":4,"93":0,"94":0,"95":0,"96":4,"97":4,"98":0,"99":4,"100":4,"101":4,"102":4,"103":4,"104":4,"105":0,"106":0,"107":0,"108":0,"109":4,"110":4,"111":4,"112":4},"f":{"0":4,"1":8,"2":0,"3":0,"4":0,"5":0,"6":0,"7":0,"8":8,"9":0,"10":4,"11":4,"12":4,"13":0,"14":4},"b":{"0":[4],"1":[4],"2":[4],"3":[4],"4":[4],"5":[0,8],"6":[0,0],"7":[0,0],"8":[0,0],"9":[0,0],"10":[0,0,0,0,0],"11":[0,0],"12":[0,0],"13":[0,8],"14":[0,8],"15":[0,0],"16":[0,4],"17":[4,4],"18":[4,0],"19":[0,0],"20":[0,0,0]},"meta":{"lastBranch":21,"lastFunction":15,"lastStatement":113,"seen":{"s:8:34:14:Infinity":0,"f:84:16:84:29":0,"b:84:60:84:64":0,"s:92:6:92:Infinity":1,"b:88:18:88:Infinity":1,"b:89:21:89:Infinity":2,"b:90:24:90:Infinity":3,"b:91:27:91:Infinity":4,"s:94:15:94:Infinity":2,"s:95:8:95:Infinity":3,"s:97:8:97:Infinity":4,"s:98:8:98:Infinity":5,"s:99:8:99:Infinity":6,"s:100:8:100:Infinity":7,"s:101:26:101:Infinity":8,"s:102:36:102:Infinity":9,"s:107:8:113:Infinity":10,"f:107:35:107:36":1,"b:108:4:112:Infinity:undefined:undefined:undefined:undefined":5,"s:108:4:112:Infinity":11,"s:109:6:109:Infinity":12,"s:110:6:110:Infinity":13,"s:111:6:111:Infinity":14,"s:118:8:125:Infinity":15,"f:118:40:118:46":2,"s:119:18:122:Infinity":16,"s:124:4:124:Infinity":17,"s:130:8:228:Infinity":18,"f:130:30:130:36":3,"b:131:4:134:Infinity:undefined:undefined:undefined:undefined":6,"s:131:4:134:Infinity":19,"s:132:6:132:Infinity":20,"s:133:6:133:Infinity":21,"b:136:4:139:Infinity:undefined:undefined:undefined:undefined":7,"s:136:4:139:Infinity":22,"s:137:6:137:Infinity":23,"s:138:6:138:Infinity":24,"b:141:4:145:Infinity:undefined:undefined:undefined:undefined":8,"s:141:4:145:Infinity":25,"s:142:6:142:Infinity":26,"s:143:6:143:Infinity":27,"s:144:6:144:Infinity":28,"s:147:4:147:Infinity":29,"s:149:4:227:Infinity":30,"s:151:23:151:Infinity":31,"b:151:63:151:72:151:72:151:Infinity":9,"s:152:19:152:Infinity":32,"s:153:20:153:Infinity":33,"s:155:6:155:Infinity":34,"s:157:17:157:Infinity":35,"s:158:6:158:Infinity":36,"s:160:6:164:Infinity":37,"f:160:18:160:24":4,"s:161:8:161:Infinity":38,"s:162:8:162:Infinity":39,"s:163:8:163:Infinity":40,"s:166:6:202:Infinity":41,"f:166:21:166:22":5,"s:167:8:201:Infinity":42,"s:168:44:168:Infinity":43,"s:169:10:169:Infinity":44,"s:170:10:170:Infinity":45,"s:171:10:171:Infinity":46,"b:175:12:179:Infinity:180:12:184:Infinity:185:12:188:Infinity:189:12:192:Infinity:193:12:197:Infinity":10,"s:174:10:198:Infinity":47,"s:176:14:176:Infinity":48,"s:177:14:177:Infinity":49,"s:178:14:178:Infinity":50,"s:179:14:179:Infinity":51,"s:181:14:181:Infinity":52,"s:182:14:182:Infinity":53,"s:183:14:183:Infinity":54,"s:184:14:184:Infinity":55,"s:186:14:186:Infinity":56,"s:187:14:187:Infinity":57,"s:188:14:188:Infinity":58,"s:190:14:190:Infinity":59,"s:191:14:191:Infinity":60,"s:192:14:192:Infinity":61,"s:194:14:194:Infinity":62,"s:195:14:195:Infinity":63,"s:196:14:196:Infinity":64,"s:197:14:197:Infinity":65,"s:200:10:200:Infinity":66,"s:204:6:217:Infinity":67,"f:204:19:204:20":6,"s:205:8:205:Infinity":68,"s:206:8:206:Infinity":69,"b:208:8:216:Infinity:214:15:216:Infinity":11,"s:208:8:216:Infinity":70,"b:208:12:208:67:208:67:208:73":12,"s:209:10:209:Infinity":71,"s:210:24:210:Infinity":72,"s:211:10:211:Infinity":73,"s:212:10:212:Infinity":74,"s:213:10:213:Infinity":75,"s:215:10:215:Infinity":76,"s:219:6:222:Infinity":77,"f:219:19:219:20":7,"s:220:8:220:Infinity":78,"s:221:8:221:Infinity":79,"s:225:6:225:Infinity":80,"s:226:6:226:Infinity":81,"s:233:8:247:Infinity":82,"f:233:33:233:39":8,"b:234:4:237:Infinity:undefined:undefined:undefined:undefined":13,"s:234:4:237:Infinity":83,"s:235:6:235:Infinity":84,"s:236:6:236:Infinity":85,"b:239:4:243:Infinity:undefined:undefined:undefined:undefined":14,"s:239:4:243:Infinity":86,"s:240:6:240:Infinity":87,"s:241:6:241:Infinity":88,"s:242:6:242:Infinity":89,"s:245:4:245:Infinity":90,"s:246:4:246:Infinity":91,"s:252:8:258:Infinity":92,"f:252:34:252:35":9,"b:253:4:257:Infinity:255:11:257:Infinity":15,"s:253:4:257:Infinity":93,"s:254:6:254:Infinity":94,"s:256:6:256:Infinity":95,"s:263:2:273:Infinity":96,"f:263:12:263:18":10,"b:264:4:268:Infinity:266:4:268:Infinity":16,"s:264:4:268:Infinity":97,"b:264:8:264:23:264:23:264:29":17,"s:265:6:265:Infinity":98,"b:266:4:268:Infinity:undefined:undefined:undefined:undefined":18,"s:266:4:268:Infinity":99,"s:267:6:267:Infinity":100,"s:270:4:272:Infinity":101,"f:270:11:270:17":11,"s:271:6:271:Infinity":102,"s:279:2:292:Infinity":103,"f:279:12:279:18":12,"s:280:35:286:Infinity":104,"f:280:35:280:41":13,"b:281:6:285:Infinity:undefined:undefined:undefined:undefined":19,"s:281:6:28
[...]
"loc":{"start":{"line":144,"column":6},"end":{"line":144,"column":26}},"type":"binary-expr","locations":[{"start":{"line":144,"column":6},"end":{"line":144,"column":19}},{"start":{"line":144,"column":19},"end":{"line":144,"column":26}}],"line":144},"8":{"loc":{"start":{"line":152,"column":20},"end":{"line":154,"column":null}},"type":"cond-expr","locations":[{"start":{"line":153,"column":6},"end":{"line":153,"column":null}},{"start":{"line":154,"column":6},"end":{"line":154,"column":null}}],"line":152},"9":{"loc":{"start":{"line":153,"column":19},"end":{"line":153,"column":57}},"type":"binary-expr","locations":[{"start":{"line":153,"column":19},"end":{"line":153,"column":52}},{"start":{"line":153,"column":52},"end":{"line":153,"column":57}}],"line":153},"10":{"loc":{"start":{"line":155,"column":18},"end":{"line":157,"column":null}},"type":"cond-expr","locations":[{"start":{"line":156,"column":6},"end":{"line":156,"column":null}},{"start":{"line":157,"column":6},"end":{"line":157,"column":null}}],"line":155},"11":{"loc":{"start":{"line":156,"column":19},"end":{"line":156,"column":55}},"type":"binary-expr","locations":[{"start":{"line":156,"column":19},"end":{"line":156,"column":50}},{"start":{"line":156,"column":50},"end":{"line":156,"column":55}}],"line":156},"12":{"loc":{"start":{"line":159,"column":23},"end":{"line":159,"column":50}},"type":"binary-expr","locations":[{"start":{"line":159,"column":23},"end":{"line":159,"column":45}},{"start":{"line":159,"column":45},"end":{"line":159,"column":50}}],"line":159},"13":{"loc":{"start":{"line":171,"column":28},"end":{"line":171,"column":80}},"type":"cond-expr","locations":[{"start":{"line":171,"column":55},"end":{"line":171,"column":67}},{"start":{"line":171,"column":67},"end":{"line":171,"column":80}}],"line":171},"14":{"loc":{"start":{"line":172,"column":15},"end":{"line":172,"column":null}},"type":"cond-expr","locations":[{"start":{"line":172,"column":42},"end":{"line":172,"column":63}},{"start":{"line":172,"column":63},"end":{"line":172,"column":null}}],"line":172},"15":{"loc":{"start":{"line":204,"column":19},"end":{"line":220,"column":null}},"type":"binary-expr","locations":[{"start":{"line":204,"column":19},"end":{"line":204,"column":35}},{"start":{"line":204,"column":35},"end":{"line":204,"column":50}},{"start":{"line":204,"column":50},"end":{"line":204,"column":80}},{"start":{"line":204,"column":80},"end":{"line":204,"column":null}},{"start":{"line":205,"column":20},"end":{"line":220,"column":null}}],"line":204},"16":{"loc":{"start":{"line":217,"column":72},"end":{"line":217,"column":122}},"type":"binary-expr","locations":[{"start":{"line":217,"column":72},"end":{"line":217,"column":88}},{"start":{"line":217,"column":88},"end":{"line":217,"column":104}},{"start":{"line":217,"column":104},"end":{"line":217,"column":122}}],"line":217},"17":{"loc":{"start":{"line":222,"column":19},"end":{"line":225,"column":null}},"type":"binary-expr","locations":[{"start":{"line":222,"column":19},"end":{"line":222,"column":null}},{"start":{"line":223,"column":20},"end":{"line":225,"column":null}}],"line":222},"18":{"loc":{"start":{"line":258,"column":15},"end":{"line":270,"column":null}},"type":"binary-expr","locations":[{"start":{"line":258,"column":15},"end":{"line":258,"column":37}},{"start":{"line":258,"column":37},"end":{"line":258,"column":53}},{"start":{"line":258,"column":53},"end":{"line":258,"column":68}},{"start":{"line":258,"column":68},"end":{"line":258,"column":98}},{"start":{"line":258,"column":98},"end":{"line":258,"column":null}},{"start":{"line":259,"column":16},"end":{"line":270,"column":null}}],"line":258},"19":{"loc":{"start":{"line":267,"column":68},"end":{"line":267,"column":118}},"type":"binary-expr","locations":[{"start":{"line":267,"column":68},"end":{"line":267,"column":84}},{"start":{"line":267,"column":84},"end":{"line":267,"column":100}},{"start":{"line":267,"column":100},"end":{"line":267,"column":118}}],"line":267},"20":{"loc":{"start":{"line":301,"column":33},"end":{"line":301,"column":70}},"type":"binary-expr","locations":[{"start":{"line":301,"column":33},"end":{"line":301,"column":66}},{"start":{"line":301,"column":66},"end":{"line":301,"column":70}}],"line":301},"21":{"loc":{"start":{"line":306,"column":23},"end":{"line":312,"column":null}},"type":"binary-expr","locations":[{"start":{"line":306,"column":23},"end":{"line":306,"column":59}},{"start":{"line":306,"column":59},"end":{"line":306,"column":74}},{"start":{"line":306,"column":74},"end":{"line":306,"column":104}},{"start":{"line":306,"column":104},"end":{"line":312,"column":null}}],"line":306},"22":{"loc":{"start":{"line":313,"column":23},"end":{"line":319,"column":null}},"type":"binary-expr","locations":[{"start":{"line":313,"column":23},"end":{"line":313,"column":57}},{"start":{"line":313,"column":57},"end":{"line":313,"column":70}},{"start":{"line":313,"column":70},"end":{"line":313,"column":98}},{"start":{"line":313,"column":98},"end":{"line":319,"column":null}}],"line":313},"23":{"loc":{"start":{"line":348,"column":21},"end":{"line":348,"column":57}},"type":"binary-expr","locations":[{"start":{"line":348,"column":21},"end":{"line":348,"column":55}},{"start":{"line":348,"column":55},"end":{"line":348,"column":57}}],"line":348},"24":{"loc":{"start":{"line":348,"column":61},"end":{"line":348,"column":94}},"type":"binary-expr","locations":[{"start":{"line":348,"column":61},"end":{"line":348,"column":92}},{"start":{"line":348,"column":92},"end":{"line":348,"column":94}}],"line":348},"25":{"loc":{"start":{"line":371,"column":21},"end":{"line":371,"column":55}},"type":"binary-expr","locations":[{"start":{"line":371,"column":21},"end":{"line":371,"column":53}},{"start":{"line":371,"column":53},"end":{"line":371,"column":55}}],"line":371},"26":{"loc":{"start":{"line":371,"column":59},"end":{"line":371,"column":90}},"type":"binary-expr","locations":[{"start":{"line":371,"column":59},"end":{"line":371,"column":88}},{"start":{"line":371,"column":88},"end":{"line":371,"column":90}}],"line":371},"27":{"loc":{"start":{"line":393,"column":23},"end":{"line":393,"column":47}},"type":"binary-expr","locations":[{"start":{"line":393,"column":23},"end":{"line":393,"column":44}},{"start":{"line":393,"column":44},"end":{"line":393,"column":47}}],"line":393},"28":{"loc":{"start":{"line":404,"column":61},"end":{"line":404,"column":null}},"type":"cond-expr","locations":[{"start":{"line":404,"column":75},"end":{"line":404,"column":98}},{"start":{"line":404,"column":98},"end":{"line":404,"column":null}}],"line":404},"29":{"loc":{"start":{"line":423,"column":9},"end":{"line":458,"column":null}},"type":"binary-expr","locations":[{"start":{"line":423,"column":9},"end":{"line":423,"column":null}},{"start":{"line":424,"column":10},"end":{"line":458,"column":null}}],"line":423},"30":{"loc":{"start":{"line":440,"column":70},"end":{"line":440,"column":100}},"type":"binary-expr","locations":[{"start":{"line":440,"column":70},"end":{"line":440,"column":84}},{"start":{"line":440,"column":84},"end":{"line":440,"column":100}}],"line":440},"31":{"loc":{"start":{"line":444,"column":38},"end":{"line":444,"column":83}},"type":"cond-expr","locations":[{"start":{"line":444,"column":54},"end":{"line":444,"column":70}},{"start":{"line":444,"column":70},"end":{"line":444,"column":83}}],"line":444},"32":{"loc":{"start":{"line":468,"column":64},"end":{"line":468,"column":96}},"type":"binary-expr","locations":[{"start":{"line":468,"column":64},"end":{"line":468,"column":94}},{"start":{"line":468,"column":94},"end":{"line":468,"column":96}}],"line":468},"33":{"loc":{"start":{"line":472,"column":16},"end":{"line":489,"column":null}},"type":"cond-expr","locations":[{"start":{"line":473,"column":16},"end":{"line":473,"column":null}},{"start":{"line":475,"column":16},"end":{"line":489,"column":null}}],"line":472},"34":{"loc":{"start":{"line":472,"column":16},"end":{"line":472,"column":53}},"type":"binary-expr","locations":[{"start":{"line":472,"column":16},"end":{"line":472,"column":46}},{"start":{"line":472,"column":46},"end":{"line":472,"column":53}}],"line":472},"35":{"loc":{"start":{"line":484,"column":23},"end":{"line":485,"column":null}},"type":"binary-expr","locations":[{"start":{"line":484,"column":23},"end":{"line":484,"column":null}},{"start":{"line":485,"column":24},"end":{"line":485,"column":null}}],"line":484},"36":{"loc":{"start":{"line":503,"column":16},"end":{"line":521,"column":null}},"type":"cond-expr","locations":[{"start":{"line":504,"column":16},"end":{"line":504,"column":null}},{"start":{"line":506,"column":16},"end":{"line":521,"column":null}}],"line":503},"37":{"loc":{"start":{"line":503,"column":16},"end":{"line":503,"column":58}},"type":"binary-expr","locations":[{"start":{"line":503,"column":16},"end":{"line":503,"column":51}},{"start":{"line":503,"column":51},"end":{"line":503,"column":58}}],"line":503},"38":{"loc":{"start":{"line":514,"column":80},"end":{"line":514,"column":94}},"type":"binary-expr","locations":[{"start":{"line":514,"column":80},"end":{"line":514,"column":91}},{"start":{"line":514,"column":91},"end":{"line":514,"column":94}}],"line":514}},"s":{"0":4,"1":4,"2":4,"3":4,"4":4,"5":0,"6":4,"7":4,"8":4,"9":4,"10":4,"11":4,"12":4,"13":4,"14":4,"15":4,"16":4,"17":4,"18":4,"19":4,"20":0,"21":0,"22":0,"23":0,"24":0,"25":0,"26":0,"27":0,"28":0,"29":0,"30":0,"31":0,"32":0,"33":0,"34":0,"35":0,"36":0,"37":0,"38":0,"39":0,"40":0,"41":0,"42":0,"43":0,"44":0,"45":0,"46":0,"47":0,"48":0,"49":0,"50":4,"51":4,"52":0,"53":0,"54":0,"55":0,"56":4,"57":4,"58":4,"59":4,"60":0,"61":4,"62":4,"63":4,"64":0,"65":0,"66":0,"67":0,"68":0,"69":0,"70":0,"71":0,"72":0,"73":0,"74":0,"75":0,"76":0,"77":0,"78":0,"79":0,"80":0,"81":0,"82":0,"83":0,"84":0,"85":0,"86":0,"87":0,"88":0,"89":0,"90":0,"91":0,"92":0},"f":{"0":4,"1":0,"2":0,"3":0,"4":0,"5":0,"6":0,"7":0,"8":0,"9":0,"10":0,"11":0,"12":4,"13":0,"14":4,"15":0,"16":0,"17":0,"18":0,"19":0,"20":0,"21":0,"22":0,"23":0,"24":0,"25":0,"26":0,"27":0,"28":0,"29":0,"30":0,"31":0,"32":0,"33":0,"34":0,"35":0},"b":{"0":[4,4],"1":[4,4],"2":[0,0],"3":[0,0],"4":[0,0],"5":[0,0],"6":[4,0],"7":[4,0],"8":[0,0],"9":[0,0],"10":[0,0],"11":[0,0],"12":[4,0],"13":[0,0],"14":[0,0],"15":[4,0,0,0,0],"16":[0,0,0],"17":[4,0],"18":[4,0,0,0,0,0],"19":[0,0,0],"20":[4,0],"21":[4,0,0,0],"22":[4,0,0,0],"23":[4,0],"24":[4,0],"25":[4,0],"26":[4,0],"27":[4,0],"28":[0,0],"29":[4,0],"30":[0,0],"31":[0,0],"32":[4,0],"33":[0,0],"34":[4,0],"35":[0,0],"36":[0,0],"37":[4,0],"38":[0,0]},"meta":{"lastBranch":39,"lastFunction":36,"lastStatement":93,"seen":{"f:32:24:32:40":0,"s:33:8:33:Infinity":0,"s:34:22:34:Infinity":1,"s:35:16:35:Infinity":2,"s:36:26:36:Infinity":3,"s:39:27:44:Infinity":4,"f:40:15:40:16":1,"s:42:6:42:Infinity":5,"s:47:38:47:Infinity":6,"s:48:50:48:Infinity":7,"s:49:50:49:Infinity":8,"s:50:46:50:Infinity":9,"s:51:50:51:Infinity":10,"s:52:48:52:Infinity":11,"s:53:52:53:Infinity":12,"s:54:48:54:Infinity":13,"s:57:28:60:Infinity":14,"b:58:14:58:30:58:30:58:41":0,"b:59:58:59:74:59:74:59:85":1,"s:61:28:64:Infinity":15,"s:65:26:68:Infinity":16,"s:70:8:70:Infinity":17,"s:71:8:71:Infinity":18,"s:72:8:72:Infinity":19,"f:75:11:75:32":2,"s:76:4:76:Infinity":20,"f:79:11:79:30":3,"s:80:4:80:Infinity":21,"s:81:4:81:Infinity":22,"s:82:4:82:Infinity":23,"f:85:11:85:34":4,"b:86:4:86:Infinity:undefined:undefined:undefined:undefined":2,"s:86:4:86:Infinity":24,"s:86:27:86:Infinity":25,"s:87:4:100:Infinity":26,"f:88:17:88:23":5,"s:89:8:89:Infinity":27,"s:90:8:90:Infinity":28,"s:91:8:91:Infinity":29,"s:92:8:92:Infinity":30,"s:93:8:93:Infinity":31,"s:94:8:94:Infinity":32,"s:95:8:95:Infinity":33,"f:97:15:97:21":6,"s:98:8:98:Infinity":34,"f:103:11:103:33":7,"b:104:4:104:Infinity:undefined:undefined:undefined:undefined":3,"s:104:4:104:Infinity":35,"s:104:28:104:Infinity":36,"b:105:4:129:Infinity:117:11:129:Infinity":4,"s:105:4:129:Infinity":37,"s:106:6:116:Infinity":38,"f:107:19:107:25":8,"s:108:10:108:Infinity":39,"s:109:10:109:Infinity":40,"s:110:10:110:Infinity":41,"s:111:10:111:Infinity":42,"f:113:17:113:23":9,"s:114:10:114:Infinity":43,"s:118:6:128:Infinity":44,"f:119:19:119:25":10,"s:120:10:120:Infinity":45,"s:121:10:121:Infinity":46,"s:122:10:122:Infinity":47,"s:123:10:123:Infinity":48,"f:125:17:125:23":11,"s:126:10:126:Infinity":49,"s:133:2:142:Infinity":50,"f:133:12:133:18":12,"s:134:21:140:Infinity":51,"f:134:33:134:39":13,"b:135:6:139:Infinity:undefined:undefined:undefined:undefined":5,"s:135:6:139:Infinity":52,"s:136:8:136:Infinity":53,"s:137:8:137:Infinity":54,"s:138:8:138:Infinity":55,"s:141:4:141:Infinity":56,"f:141:11:141:17":14,"s:141:17:141:Infinity":57,"b:144:2:150:Infinity:undefined:undefined:undefined:undefined":6,"s:144:2:150:Infinity":58,"b:144:6:144:19:144:19:144:26":7,"s:145:4:148:Infinity":59,"s:152:20:154:Infinity":60,"b:153:6:153:Infinity:154:6:154:Infinity":8,"b:153:19:153:52:153:52:153:57":9,"s:155:18:157:Infinity":61,"b:156:6:156:Infinity:157:6:157:Infinity":10,"b:156:19:156:50:156:50:156:55":11,"s:159:8:159:Infinity":62,"b:159:23:159:45:159:45:159:50":12,"s:161:2:527:Infinity":63,"b:171:55:171:67:171:67:171:80":13,"b:172:42:172:63:172:63:172:Infinity":14,"f:200:32:200:33":15,"s:200:39:200:Infinity":64,"b:204:19:204:35:204:35:204:50:204:50:204:80:204:80:204:Infinity:205:20:220:Infinity":15,"f:206:39:206:40":16,"s:207:24:218:Infinity":65,"f:209:35:209:41":17,"s:210:28:210:Infinity":66,"s:211:28:211:Infinity":67,"s:212:28:212:Infinity":68,"b:217:72:217:88:217:88:217:104:217:104:217:122":16,"b:222:19:222:Infinity:223:20:225:Infinity":17,"f:229:53:229:59":18,"s:230:20:230:Infinity":69,"s:231:20:231:Infinity":70,"s:232:20:232:Infinity":71,"s:233:20:233:Infinity":72,"f:250:26:250:27":19,"s:251:18:251:Infinity":73,"s:252:18:252:Infinity":74,"f:254:25:254:31":20,"s:254:31:254:Infinity":75,"f:255:24:255:30":21,"s:255:30:255:Infinity":76,"f:255:41:255:47":22,"s:255:47:255:77":77,"b:258:15:258:37:258:37:258:53:258:53:258:68:258:68:258:98:258:98:258:Infinity:259:16:270:Infinity":18,"f:260:35:260:36":23,"s:261:20:268:Infinity":78,"f:263:31:263:37":24,"s:263:37:263:Infinity":79,"b:267:68:267:84:267:84:267:100:267:100:267:118":19,"f:288:69:288:70":25,"s:289:20:289:Infinity":80,"s:290:20:290:Infinity":81,"b:301:33:301:66:301:66:301:70":20,"f:301:85:301:86":26,"s:301:96:301:Infinity":82,"b:306:23:306:59:306:59:306:74:306:74:306:104:306:104:312:Infinity":21,"f:307:32:307:33":27,"s:307:39:307:62":83,"f:308:29:308:30":28,"s:309:26:311:Infinity":84,"b:313:23:313:57:313:57:313:70:313:70:313:98:313:98:319:Infinity":22,"f:314:32:314:33":29,"s:314:39:314:62":85,"f:315:29:315:30":30,"s:316:26:318:Infinity":86,"f:324:53:324:59":31,"s:325:20:325:Infinity":87,"s:326:20:326:Infinity":88,"b:348:21:348:55:348:55:348:57":23,"b:348:61:348:92:348:92:348:94":24,"b:371:21:371:53:371:53:371:55":25,"b:371:59:371:88:371:88:371:90":26,"b:393:23:393:44:393:44:393:47":27,"b:404:75:404:98:404:98:404:Infinity":28,"b:423:9:423:Infinity:424:10:458:Infinity":29,"f:434:44:434:Infinity":32,"s:435:18:449:Infinity":89,"b:440:70:440:84:440:84:440:100":30,"b:444:54:444:70:444:70:444:83":31,"f:453:86:453:92":33,"s:453:92:453:Infinity":90,"b:468:64:468:94:468:94:468:96":32,"b:473:16:473:Infinity:475:16:489:Infinity":33,"b:472:16:472:46:472:46:472:53":34,"f:476:43:476:Infinity":34,"s:477:20:487:Infinity":91,"b:484:23:484:Infinity:485:24:485:Infinity":35,"b:504:16:504:Infinity:506:16:521:Infinity":36,"b:503:16:503:51:503:51:503:58":37,"f:507:48:507:Infinity":35,"s:508:20:519:Infinity":92,"b:514:80:514:91:514:91:514:94":38}}}
,"C:\\Users\\trevo\\Desktop\\Spa-Flow\\artifacts\\spaflow\\src\\pages\\login.tsx": {"path":"C:\\Users\\trevo\\Desktop\\Spa-Flow\\artifacts\\spaflow\\src\\pages\\login.tsx","statementMap":{"0":{"start":{"line":13,"column":20},"end":{"line":16,"column":null}},"1":{"start":{"line":21,"column":33},"end":{"line":21,"column":null}},"2":{"start":{"line":22,"column":16},"end":{"line":22,"column":null}},"3":{"start":{"line":23,"column":24},"end":{"line":23,"column":null}},"4":{"start":{"line":24,"column":32},"end":{"line":24,"column":null}},"5":{"start":{"line":26,"column":8},"end":{"line":29,"column":null}},"6":{"start":{"line":31,"column":2},"end":{"line":31,"column":null}},"7":{"start":{"line":31,"column":26},"end":{"line":31,"column":null}},"8":{"start":{"line":34,"column":4},"end":{"line":34,"column":null}},"9":{"start":{"line":35,"column":4},"end":{"line":35,"column":null}},"10":{"start":{"line":36,"column":4},"end":{"line":48,"column":null}},"11":{"start":{"line":37,"column":6},"end":{"line":37,"column":null}},"12":{"start":{"line":39,"column":27},"end":{"line":39,"column":null}},"13":{"start":{"line":40,"column":6},"end":{"line":40,"column":null}},"14":{"start":{"line":41,"column":6},"end":{"line":45,"column":null}},"15":{"start":{"line":47,"column":6},"end":{"line":47,"column":null}},"16":{"start":{"line":51,"column":2},"end":{"line":134,"column":null}},"17":{"start":{"line":85,"column":18},"end":{"line":96,"column":null}},"18":{"start":{"line":103,"column":18},"end":{"line":114,"column":null}}},"fnMap":{"0":{"name":"LoginPage","decl":{"start":{"line":20,"column":24},"end":{"line":20,"column":36}},"loc":{"start":{"line":20,"column":36},"end":{"line":136,"column":null}},"line":20},"1":{"name":"onSubmit","decl":{"start":{"line":33,"column":17},"end":{"line":33,"column":26}},"loc":{"start":{"line":33,"column":45},"end":{"line":49,"column":null}},"line":33},"2":{"name":"(anonymous_2)","decl":{"start":{"line":84,"column":24},"end":{"line":84,"column":25}},"loc":{"start":{"line":85,"column":18},"end":{"line":96,"column":null}},"line":85},"3":{"name":"(anonymous_3)","decl":{"start":{"line":102,"column":24},"end":{"line":102,"column":25}},"loc":{"start":{"line":103,"column":18},"end":{"line":114,"column":null}},"line":103}},"branchMap":{"0":{"loc":{"start":{"line":31,"column":2},"end":{"line":31,"column":null}},"type":"if","locations":[{"start":{"line":31,"column":2},"end":{"line":31,"column":null}},{"start":{},"end":{}}],"line":31},"1":{"loc":{"start":{"line":31,"column":6},"end":{"line":31,"column":26}},"type":"binary-expr","locations":[{"start":{"line":31,"column":6},"end":{"line":31,"column":20}},{"start":{"line":31,"column":20},"end":{"line":31,"column":26}}],"line":31},"2":{"loc":{"start":{"line":39,"column":27},"end":{"line":39,"column":null}},"type":"cond-expr","locations":[{"start":{"line":39,"column":50},"end":{"line":39,"column":64}},{"start":{"line":39,"column":64},"end":{"line":39,"column":null}}],"line":39},"3":{"loc":{"start":{"line":118,"column":15},"end":{"line":119,"column":null}},"type":"binary-expr","locations":[{"start":{"line":118,"column":15},"end":{"line":118,"column":null}},{"start":{"line":119,"column":16},"end":{"line":119,"column":null}}],"line":118},"4":{"loc":{"start":{"line":128,"column":17},"end":{"line":128,"column":null}},"type":"cond-expr","locations":[{"start":{"line":128,"column":29},"end":{"line":128,"column":47}},{"start":{"line":128,"column":47},"end":{"line":128,"column":null}}],"line":128}},"s":{"0":1,"1":8,"2":8,"3":8,"4":8,"5":8,"6":8,"7":0,"8":0,"9":0,"10":0,"11":0,"12":0,"13":0,"14":0,"15":0,"16":8,"17":8,"18":8},"f":{"0":8,"1":0,"2":8,"3":8},"b":{"0":[0,8],"1":[8,8],"2":[0,0],"3":[8,0],"4":[0,8]},"meta":{"lastBranch":5,"lastFunction":4,"lastStatement":19,"seen":{"s:13:20:16:Infinity":0,"f:20:24:20:36":0,"s:21:33:21:Infinity":1,"s:22:16:22:Infinity":2,"s:23:24:23:Infinity":3,"s:24:32:24:Infinity":4,"s:26:8:29:Infinity":5,"b:31:2:31:Infinity:undefined:undefined:undefined:undefined":0,"s:31:2:31:Infinity":6,"b:31:6:31:20:31:20:31:26":1,"s:31:26:31:Infinity":7,"f:33:17:33:26":1,"s:34:4:34:Infinity":8,"s:35:4:35:Infinity":9,"s:36:4:48:Infinity":10,"s:37:6:37:Infinity":11,"s:39:27:39:Infinity":12,"b:39:50:39:64:39:64:39:Infinity":2,"s:40:6:40:Infinity":13,"s:41:6:45:Infinity":14,"s:47:6:47:Infinity":15,"s:51:2:134:Infinity":16,"f:84:24:84:25":2,"s:85:18:96:Infinity":17,"f:102:24:102:25":3,"s:103:18:114:Infinity":18,"b:118:15:118:Infinity:119:16:119:Infinity":3,"b:128:29:128:47:128:47:128:Infinity":4}}}
}
