{"C:\\Users\\trevo\\Desktop\\Spa-Flow\\artifacts\\spaflow\\src\\components\\ui\\alert-dialog.tsx": {"path":"C:\\Users\\trevo\\Desktop\\Spa-Flow\\artifacts\\spaflow\\src\\components\\ui\\alert-dialog.tsx","statementMap":{"0":{"start":{"line":7,"column":20},"end":{"line":7,"column":null}},"1":{"start":{"line":9,"column":27},"end":{"line":9,"column":null}},"2":{"start":{"line":11,"column":26},"end":{"line":11,"column":null}},"3":{"start":{"line":13,"column":27},"end":{"line":25,"column":null}},"4":{"start":{"line":17,"column":2},"end":{"line":24,"column":null}},"5":{"start":{"line":26,"column":0},"end":{"line":26,"column":null}},"6":{"start":{"line":28,"column":27},"end":{"line":43,"column":null}},"7":{"start":{"line":32,"column":2},"end":{"line":42,"column":null}},"8":{"start":{"line":44,"column":0},"end":{"line":44,"column":null}},"9":{"start":{"line":46,"column":26},"end":{"line":56,"column":null}},"10":{"start":{"line":50,"column":2},"end":{"line":56,"column":null}},"11":{"start":{"line":58,"column":0},"end":{"line":58,"column":null}},"12":{"start":{"line":60,"column":26},"end":{"line":70,"column":null}},"13":{"start":{"line":64,"column":2},"end":{"line":70,"column":null}},"14":{"start":{"line":72,"column":0},"end":{"line":72,"column":null}},"15":{"start":{"line":74,"column":25},"end":{"line":83,"column":null}},"16":{"start":{"line":78,"column":2},"end":{"line":82,"column":null}},"17":{"start":{"line":84,"column":0},"end":{"line":84,"column":null}},"18":{"start":{"line":86,"column":31},"end":{"line":95,"column":null}},"19":{"start":{"line":90,"column":2},"end":{"line":94,"column":null}},"20":{"start":{"line":96,"column":0},"end":{"line":97,"column":null}},"21":{"start":{"line":99,"column":26},"end":{"line":108,"column":null}},"22":{"start":{"line":103,"column":2},"end":{"line":107,"column":null}},"23":{"start":{"line":109,"column":0},"end":{"line":109,"column":null}},"24":{"start":{"line":111,"column":26},"end":{"line":124,"column":null}},"25":{"start":{"line":115,"column":2},"end":{"line":123,"column":null}},"26":{"start":{"line":125,"column":0},"end":{"line":125,"column":null}}},"fnMap":{"0":{"name":"(anonymous_0)","decl":{"start":{"line":16,"column":2},"end":{"line":16,"column":3}},"loc":{"start":{"line":17,"column":2},"end":{"line":24,"column":null}},"line":17},"1":{"name":"(anonymous_1)","decl":{"start":{"line":31,"column":2},"end":{"line":31,"column":3}},"loc":{"start":{"line":32,"column":2},"end":{"line":42,"column":null}},"line":32},"2":{"name":"(anonymous_2)","decl":{"start":{"line":46,"column":26},"end":{"line":46,"column":27}},"loc":{"start":{"line":50,"column":2},"end":{"line":56,"column":null}},"line":50},"3":{"name":"(anonymous_3)","decl":{"start":{"line":60,"column":26},"end":{"line":60,"column":27}},"loc":{"start":{"line":64,"column":2},"end":{"line":70,"column":null}},"line":64},"4":{"name":"(anonymous_4)","decl":{"start":{"line":77,"column":2},"end":{"line":77,"column":3}},"loc":{"start":{"line":78,"column":2},"end":{"line":82,"column":null}},"line":78},"5":{"name":"(anonymous_5)","decl":{"start":{"line":89,"column":2},"end":{"line":89,"column":3}},"loc":{"start":{"line":90,"column":2},"end":{"line":94,"column":null}},"line":90},"6":{"name":"(anonymous_6)","decl":{"start":{"line":102,"column":2},"end":{"line":102,"column":3}},"loc":{"start":{"line":103,"column":2},"end":{"line":107,"column":null}},"line":103},"7":{"name":"(anonymous_7)","decl":{"start":{"line":114,"column":2},"end":{"line":114,"column":3}},"loc":{"start":{"line":115,"column":2},"end":{"line":123,"column":null}},"line":115}},"branchMap":{},"s":{"0":1,"1":1,"2":1,"3":1,"4":2,"5":1,"6":1,"7":8,"8":1,"9":1,"10":1,"11":1,"12":1,"13":0,"14":1,"15":1,"16":1,"17":1,"18":1,"19":0,"20":1,"21":1,"22":0,"23":1,"24":1,"25":0,"26":1},"f":{"0":2,"1":8,"2":1,"3":0,"4":1,"5":0,"6":0,"7":0},"b":{},"meta":{"lastBranch":0,"lastFunction":8,"lastStatement":27,"seen":{"s:7:20:7:Infinity":0,"s:9:27:9:Infinity":1,"s:11:26:11:Infinity":2,"s:13:27:25:Infinity":3,"f:16:2:16:3":0,"s:17:2:24:Infinity":4,"s:26:0:26:Infinity":5,"s:28:27:43:Infinity":6,"f:31:2:31:3":1,"s:32:2:42:Infinity":7,"s:44:0:44:Infinity":8,"s:46:26:56:Infinity":9,"f:46:26:46:27":2,"s:50:2:56:Infinity":10,"s:58:0:58:Infinity":11,"s:60:26:70:Infinity":12,"f:60:26:60:27":3,"s:64:2:70:Infinity":13,"s:72:0:72:Infinity":14,"s:74:25:83:Infinity":15,"f:77:2:77:3":4,"s:78:2:82:Infinity":16,"s:84:0:84:Infinity":17,"s:86:31:95:Infinity":18,"f:89:2:89:3":5,"s:90:2:94:Infinity":19,"s:96:0:97:Infinity":20,"s:99:26:108:Infinity":21,"f:102:2:102:3":6,"s:103:2:107:Infinity":22,"s:109:0:109:Infinity":23,"s:111:26:124:Infinity":24,"f:114:2:114:3":7,"s:115:2:123:Infinity":25,"s:125:0:125:Infinity":26}}}
,"C:\\Users\\trevo\\Desktop\\Spa-Flow\\artifacts\\spaflow\\src\\components\\ui\\button.tsx": {"path":"C:\\Users\\trevo\\Desktop\\Spa-Flow\\artifacts\\spaflow\\src\\components\\ui\\button.tsx","statementMap":{"0":{"start":{"line":7,"column":6},"end":{"line":43,"column":null}},"1":{"start":{"line":51,"column":15},"end":{"line":62,"column":null}},"2":{"start":{"line":53,"column":17},"end":{"line":53,"column":null}},"3":{"start":{"line":54,"column":4},"end":{"line":59,"column":null}},"4":{"start":{"line":63,"column":0},"end":{"line":63,"column":null}}},"fnMap":{"0":{"name":"(anonymous_0)","decl":{"start":{"line":52,"column":2},"end":{"line":52,"column":3}},"loc":{"start":{"line":52,"column":68},"end":{"line":61,"column":null}},"line":52}},"branchMap":{"0":{"loc":{"start":{"line":52,"column":31},"end":{"line":52,"column":48}},"type":"default-arg","locations":[{"start":{"line":52,"column":41},"end":{"line":52,"column":48}}],"line":52},"1":{"loc":{"start":{"line":53,"column":17},"end":{"line":53,"column":null}},"type":"cond-expr","locations":[{"start":{"line":53,"column":27},"end":{"line":53,"column":34}},{"start":{"line":53,"column":34},"end":{"line":53,"column":null}}],"line":53}},"s":{"0":3,"1":3,"2":1453,"3":1453,"4":3},"f":{"0":1453},"b":{"0":[1453],"1":[0,1453]},"meta":{"lastBranch":2,"lastFunction":1,"lastStatement":5,"seen":{"s:7:6:43:Infinity":0,"s:51:15:62:Infinity":1,"f:52:2:52:3":0,"b:52:41:52:48":0,"s:53:17:53:Infinity":2,"b:53:27:53:34:53:34:53:Infinity":1,"s:54:4:59:Infinity":3,"s:63:0:63:Infinity":4}}}
,"C:\\Users\\trevo\\Desktop\\Spa-Flow\\artifacts\\spaflow\\src\\components\\ui\\calendar.tsx": {"path":"C:\\Users\\trevo\\Desktop\\Spa-Flow\\artifacts\\spaflow\\src\\components\\ui\\calendar.tsx","statementMap":{"0":{"start":{"line":26,"column":8},"end":{"line":26,"column":null}},"1":{"start":{"line":28,"column":2},"end":{"line":171,"column":null}},"2":{"start":{"line":40,"column":10},"end":{"line":40,"column":null}},"3":{"start":{"line":129,"column":10},"end":{"line":135,"column":null}},"4":{"start":{"line":139,"column":10},"end":{"line":143,"column":null}},"5":{"start":{"line":140,"column":12},"end":{"line":141,"column":null}},"6":{"start":{"line":145,"column":10},"end":{"line":152,"column":null}},"7":{"start":{"line":146,"column":12},"end":{"line":150,"column":null}},"8":{"start":{"line":154,"column":10},"end":{"line":155,"column":null}},"9":{"start":{"line":160,"column":10},"end":{"line":165,"column":null}},"10":{"start":{"line":181,"column":8},"end":{"line":181,"column":null}},"11":{"start":{"line":183,"column":14},"end":{"line":183,"column":null}},"12":{"start":{"line":184,"column":2},"end":{"line":186,"column":null}},"13":{"start":{"line":185,"column":4},"end":{"line":185,"column":null}},"14":{"start":{"line":185,"column":27},"end":{"line":185,"column":null}},"15":{"start":{"line":188,"column":2},"end":{"line":209,"column":null}}},"fnMap":{"0":{"name":"Calendar","decl":{"start":{"line":14,"column":9},"end":{"line":14,"column":18}},"loc":{"start":{"line":25,"column":3},"end":{"line":173,"column":null}},"line":25},"1":{"name":"(anonymous_1)","decl":{"start":{"line":39,"column":29},"end":{"line":39,"column":30}},"loc":{"start":{"line":40,"column":10},"end":{"line":40,"column":null}},"line":40},"2":{"name":"(anonymous_2)","decl":{"start":{"line":128,"column":14},"end":{"line":128,"column":15}},"loc":{"start":{"line":128,"column":52},"end":{"line":137,"column":null}},"line":128},"3":{"name":"(anonymous_3)","decl":{"start":{"line":138,"column":17},"end":{"line":138,"column":18}},"loc":{"start":{"line":138,"column":59},"end":{"line":157,"column":null}},"line":138},"4":{"name":"(anonymous_4)","decl":{"start":{"line":159,"column":20},"end":{"line":159,"column":21}},"loc":{"start":{"line":159,"column":48},"end":{"line":167,"column":null}},"line":159},"5":{"name":"CalendarDayButton","decl":{"start":{"line":175,"column":9},"end":{"line":175,"column":27}},"loc":{"start":{"line":180,"column":43},"end":{"line":211,"column":null}},"line":180},"6":{"name":"(anonymous_6)","decl":{"start":{"line":184,"column":18},"end":{"line":184,"column":24}},"loc":{"start":{"line":184,"column":24},"end":{"line":186,"column":5}},"line":184}},"branchMap":{"0":{"loc":{"start":{"line":17,"column":2},"end":{"line":17,"column":null}},"type":"default-arg","locations":[{"start":{"line":17,"column":20},"end":{"line":17,"column":null}}],"line":17},"1":{"loc":{"start":{"line":18,"column":2},"end":{"line":18,"column":null}},"type":"default-arg","locations":[{"start":{"line":18,"column":18},"end":{"line":18,"column":null}}],"line":18},"2":{"loc":{"start":{"line":19,"column":2},"end":{"line":19,"column":null}},"type":"default-arg","locations":[{"start":{"line":19,"column":18},"end":{"line":19,"column":null}}],"line":19},"3":{"loc":{"start":{"line":82,"column":10},"end":{"line":84,"column":null}},"type":"cond-expr","locations":[{"start":{"line":83,"column":14},"end":{"line":83,"column":null}},{"start":{"line":84,"column":14},"end":{"line":84,"column":null}}],"line":82},"4":{"loc":{"start":{"line":139,"column":10},"end":{"line":143,"column":null}},"type":"if","locations":[{"start":{"line":139,"column":10},"end":{"line":143,"column":null}},{"start":{},"end":{}}],"line":139},"5":{"loc":{"start":{"line":145,"column":10},"end":{"line":152,"column":null}},"type":"if","locations":[{"start":{"line":145,"column":10},"end":{"line":152,"column":null}},{"start":{},"end":{}}],"line":145},"6":{"loc":{"start":{"line":185,"column":4},"end":{"line":185,"column":null}},"type":"if","locations":[{"start":{"line":185,"column":4},"end":{"line":185,"column":null}},{"start":{},"end":{}}],"line":185},"7":{"loc":{"start":{"line":195,"column":8},"end":{"line":198,"column":null}},"type":"binary-expr","locations":[{"start":{"line":195,"column":8},"end":{"line":195,"column":null}},{"start":{"line":196,"column":8},"end":{"line":196,"column":null}},{"start":{"line":197,"column":8},"end":{"line":197,"column":null}},{"start":{"line":198,"column":8},"end":{"line":198,"column":null}}],"line":195}},"s":{"0":16,"1":16,"2":24,"3":32,"4":68,"5":32,"6":36,"7":32,"8":4,"9":0,"10":1344,"11":1344,"12":1344,"13":672,"14":0,"15":1344},"f":{"0":16,"1":24,"2":32,"3":68,"4":0,"5":1344,"6":672},"b":{"0":[16],"1":[16],"2":[16],"3":[15,1],"4":[32,36],"5":[32,4],"6":[0,672],"7":[1344,0,0,0]},"meta":{"lastBranch":8,"lastFunction":7,"lastStatement":16,"seen":{"f:14:9:14:18":0,"b:17:20:17:Infinity":0,"b:18:18:18:Infinity":1,"b:19:18:19:Infinity":2,"s:26:8:26:Infinity":0,"s:28:2:171:Infinity":1,"f:39:29:39:30":1,"s:40:10:40:Infinity":2,"b:83:14:83:Infinity:84:14:84:Infinity":3,"f:128:14:128:15":2,"s:129:10:135:Infinity":3,"f:138:17:138:18":3,"b:139:10:143:Infinity:undefined:undefined:undefined:undefined":4,"s:139:10:143:Infinity":4,"s:140:12:141:Infinity":5,"b:145:10:152:Infinity:undefined:undefined:undefined:undefined":5,"s:145:10:152:Infinity":6,"s:146:12:150:Infinity":7,"s:154:10:155:Infinity":8,"f:159:20:159:21":4,"s:160:10:165:Infinity":9,"f:175:9:175:27":5,"s:181:8:181:Infinity":10,"s:183:14:183:Infinity":11,"s:184:2:186:Infinity":12,"f:184:18:184:24":6,"b:185:4:185:Infinity:undefined:undefined:undefined:undefined":6,"s:185:4:185:Infinity":13,"s:185:27:185:Infinity":14,"s:188:2:209:Infinity":15,"b:195:8:195:Infinity:196:8:196:Infinity:197:8:197:Infinity:198:8:198:Infinity":7}}}
,"C:\\Users\\trevo\\Desktop\\Spa-Flow\\artifacts\\spaflow\\src\\components\\ui\\date-range-picker.tsx": {"path":"C:\\Users\\trevo\\Desktop\\Spa-Flow\\artifacts\\spaflow\\src\\components\\ui\\date-range-picker.tsx","statementMap":{"0":{"start":{"line":28,"column":26},"end":{"line":28,"column":null}},"1":{"start":{"line":30,"column":2},"end":{"line":71,"column":null}},"2":{"start":{"line":64,"column":14},"end":{"line":64,"column":null}},"3":{"start":{"line":65,"column":14},"end":{"line":65,"column":null}},"4":{"start":{"line":86,"column":18},"end":{"line":122,"column":null}},"5":{"start":{"line":124,"column":2},"end":{"line":144,"column":null}},"6":{"start":{"line":127,"column":8},"end":{"line":142,"column":null}},"7":{"start":{"line":131,"column":25},"end":{"line":131,"column":null}}},"fnMap":{"0":{"name":"DateRangePicker","decl":{"start":{"line":22,"column":16},"end":{"line":22,"column":32}},"loc":{"start":{"line":27,"column":25},"end":{"line":73,"column":null}},"line":27},"1":{"name":"(anonymous_1)","decl":{"start":{"line":63,"column":22},"end":{"line":63,"column":23}},"loc":{"start":{"line":63,"column":33},"end":{"line":66,"column":null}},"line":63},"2":{"name":"DateRangePresets","decl":{"start":{"line":81,"column":16},"end":{"line":81,"column":33}},"loc":{"start":{"line":85,"column":25},"end":{"line":146,"column":null}},"line":85},"3":{"name":"(anonymous_3)","decl":{"start":{"line":126,"column":19},"end":{"line":126,"column":20}},"loc":{"start":{"line":127,"column":8},"end":{"line":142,"column":null}},"line":127},"4":{"name":"(anonymous_4)","decl":{"start":{"line":131,"column":19},"end":{"line":131,"column":25}},"loc":{"start":{"line":131,"column":25},"end":{"line":131,"column":null}},"line":131}},"branchMap":{"0":{"loc":{"start":{"line":26,"column":2},"end":{"line":26,"column":null}},"type":"default-arg","locations":[{"start":{"line":26,"column":16},"end":{"line":26,"column":null}}],"line":26},"1":{"loc":{"start":{"line":39,"column":14},"end":{"line":39,"column":null}},"type":"binary-expr","locations":[{"start":{"line":39,"column":14},"end":{"line":39,"column":24}},{"start":{"line":39,"column":24},"end":{"line":39,"column":null}}],"line":39},"2":{"loc":{"start":{"line":43,"column":13},"end":{"line":53,"column":null}},"type":"cond-expr","locations":[{"start":{"line":44,"column":14},"end":{"line":50,"column":null}},{"start":{"line":53,"column":14},"end":{"line":53,"column":null}}],"line":43},"3":{"loc":{"start":{"line":44,"column":14},"end":{"line":50,"column":null}},"type":"cond-expr","locations":[{"start":{"line":45,"column":16},"end":{"line":48,"column":null}},{"start":{"line":48,"column":16},"end":{"line":50,"column":null}}],"line":44},"4":{"loc":{"start":{"line":133,"column":12},"end":{"line":138,"column":null}},"type":"cond-expr","locations":[{"start":{"line":137,"column":16},"end":{"line":137,"column":null}},{"start":{"line":138,"column":16},"end":{"line":138,"column":null}}],"line":133},"5":{"loc":{"start":{"line":133,"column":12},"end":{"line":136,"column":null}},"type":"binary-expr","locations":[{"start":{"line":133,"column":12},"end":{"line":133,"column":null}},{"start":{"line":134,"column":14},"end":{"line":134,"column":null}},{"start":{"line":135,"column":14},"end":{"line":135,"column":null}},{"start":{"line":136,"column":14},"end":{"line":136,"column":null}}],"line":133}},"s":{"0":12,"1":12,"2":0,"3":0,"4":17,"5":17,"6":85,"7":5},"f":{"0":12,"1":0,"2":17,"3":85,"4":5},"b":{"0":[12],"1":[12,10],"2":[2,10],"3":[1,1],"4":[1,84],"5":[85,15,10,1]},"meta":{"lastBranch":6,"lastFunction":5,"lastStatement":8,"seen":{"f:22:16:22:32":0,"b:26:16:26:Infinity":0,"s:28:26:28:Infinity":0,"s:30:2:71:Infinity":1,"b:39:14:39:24:39:24:39:Infinity":1,"b:44:14:50:Infinity:53:14:53:Infinity":2,"b:45:16:48:Infinity:48:16:50:Infinity":3,"f:63:22:63:23":1,"s:64:14:64:Infinity":2,"s:65:14:65:Infinity":3,"f:81:16:81:33":2,"s:86:18:122:Infinity":4,"s:124:2:144:Infinity":5,"f:126:19:126:20":3,"s:127:8:142:Infinity":6,"f:131:19:131:25":4,"s:131:25:131:Infinity":7,"b:137:16:137:Infinity:138:16:138:Infinity":4,"b:133:12:133:Infinity:134:14:134:Infinity:135:14:135:Infinity:136:14:136:Infinity":5}}}
,"C:\\Users\\trevo\\Desktop\\Spa-Flow\\artifacts\\spaflow\\src\\components\\ui\\dialog.tsx": {"path":"C:\\Users\\trevo\\Desktop\\Spa-Flow\\artifacts\\spaflow\\src\\components\\ui\\dialog.tsx","statementMap":{"0":{"start":{"line":7,"column":15},"end":{"line":7,"column":null}},"1":{"start":{"line":9,"column":22},"end":{"line":9,"column":null}},"2":{"start":{"line":11,"column":21},"end":{"line":11,"column":null}},"3":{"start":{"line":13,"column":20},"end":{"line":13,"column":null}},"4":{"start":{"line":15,"column":22},"end":{"line":27,"column":null}},"5":{"start":{"line":19,"column":2},"end":{"line":26,"column":null}},"6":{"start":{"line":28,"column":0},"end":{"line":28,"column":null}},"7":{"start":{"line":30,"column":22},"end":{"line":51,"column":null}},"8":{"start":{"line":34,"column":2},"end":{"line":50,"column":null}},"9":{"start":{"line":52,"column":0},"end":{"line":52,"column":null}},"10":{"start":{"line":54,"column":21},"end":{"line":64,"column":null}},"11":{"start":{"line":58,"column":2},"end":{"line":64,"column":null}},"12":{"start":{"line":66,"column":0},"end":{"line":66,"column":null}},"13":{"start":{"line":68,"column":21},"end":{"line":78,"column":null}},"14":{"start":{"line":72,"column":2},"end":{"line":78,"column":null}},"15":{"start":{"line":80,"column":0},"end":{"line":80,"column":null}},"16":{"start":{"line":82,"column":20},"end":{"line":94,"column":null}},"17":{"start":{"line":86,"column":2},"end":{"line":93,"column":null}},"18":{"start":{"line":95,"column":0},"end":{"line":95,"column":null}},"19":{"start":{"line":97,"column":26},"end":{"line":106,"column":null}},"20":{"start":{"line":101,"column":2},"end":{"line":105,"column":null}},"21":{"start":{"line":107,"column":0},"end":{"line":107,"column":null}}},"fnMap":{"0":{"name":"(anonymous_0)","decl":{"start":{"line":18,"column":2},"end":{"line":18,"column":3}},"loc":{"start":{"line":19,"column":2},"end":{"line":26,"column":null}},"line":19},"1":{"name":"(anonymous_1)","decl":{"start":{"line":33,"column":2},"end":{"line":33,"column":3}},"loc":{"start":{"line":34,"column":2},"end":{"line":50,"column":null}},"line":34},"2":{"name":"(anonymous_2)","decl":{"start":{"line":54,"column":21},"end":{"line":54,"column":22}},"loc":{"start":{"line":58,"column":2},"end":{"line":64,"column":null}},"line":58},"3":{"name":"(anonymous_3)","decl":{"start":{"line":68,"column":21},"end":{"line":68,"column":22}},"loc":{"start":{"line":72,"column":2},"end":{"line":78,"column":null}},"line":72},"4":{"name":"(anonymous_4)","decl":{"start":{"line":85,"column":2},"end":{"line":85,"column":3}},"loc":{"start":{"line":86,"column":2},"end":{"line":93,"column":null}},"line":86},"5":{"name":"(anonymous_5)","decl":{"start":{"line":100,"column":2},"end":{"line":100,"column":3}},"loc":{"start":{"line":101,"column":2},"end":{"line":105,"column":null}},"line":101}},"branchMap":{},"s":{"0":1,"1":1,"2":1,"3":1,"4":1,"5":2,"6":1,"7":1,"8":11,"9":1,"10":1,"11":1,"12":1,"13":1,"14":0,"15":1,"16":1,"17":1,"18":1,"19":1,"20":0,"21":1},"f":{"0":2,"1":11,"2":1,"3":0,"4":1,"5":0},"b":{},"meta":{"lastBranch":0,"lastFunction":6,"lastStatement":22,"seen":{"s:7:15:7:Infinity":0,"s:9:22:9:Infinity":1,"s:11:21:11:Infinity":2,"s:13:20:13:Infinity":3,"s:15:22:27:Infinity":4,"f:18:2:18:3":0,"s:19:2:26:Infinity":5,"s:28:0:28:Infinity":6,"s:30:22:51:Infinity":7,"f:33:2:33:3":1,"s:34:2:50:Infinity":8,"s:52:0:52:Infinity":9,"s:54:21:64:Infinity":10,"f:54:21:54:22":2,"s:58:2:64:Infinity":11,"s:66:0:66:Infinity":12,"s:68:21:78:Infinity":13,"f:68:21:68:22":3,"s:72:2:78:Infinity":14,"s:80:0:80:Infinity":15,"s:82:20:94:Infinity":16,"f:85:2:85:3":4,"s:86:2:93:Infinity":17,"s:95:0:95:Infinity":18,"s:97:26:106:Infinity":19,"f:100:2:100:3":5,"s:101:2:105:Infinity":20,"s:107:0:107:Infinity":21}}}
,"C:\\Users\\trevo\\Desktop\\Spa-Flow\\artifacts\\spaflow\\src\\components\\ui\\popover.tsx": {"path":"C:\\Users\\trevo\\Desktop\\Spa-Flow\\artifacts\\spaflow\\src\\components\\ui\\popover.tsx","statementMap":{"0":{"start":{"line":6,"column":16},"end":{"line":6,"column":null}},"1":{"start":{"line":8,"column":23},"end":{"line":8,"column":null}},"2":{"start":{"line":10,"column":22},"end":{"line":10,"column":null}},"3":{"start":{"line":12,"column":23},"end":{"line":28,"column":null}},"4":{"start":{"line":16,"column":2},"end":{"line":27,"column":null}},"5":{"start":{"line":29,"column":0},"end":{"line":29,"column":null}}},"fnMap":{"0":{"name":"(anonymous_0)","decl":{"start":{"line":15,"column":2},"end":{"line":15,"column":3}},"loc":{"start":{"line":16,"column":2},"end":{"line":27,"column":null}},"line":16}},"branchMap":{"0":{"loc":{"start":{"line":15,"column":16},"end":{"line":15,"column":34}},"type":"default-arg","locations":[{"start":{"line":15,"column":24},"end":{"line":15,"column":34}}],"line":15},"1":{"loc":{"start":{"line":15,"column":34},"end":{"line":15,"column":50}},"type":"default-arg","locations":[{"start":{"line":15,"column":47},"end":{"line":15,"column":50}}],"line":15}},"s":{"0":1,"1":1,"2":1,"3":1,"4":12,"5":1},"f":{"0":12},"b":{"0":[12],"1":[12]},"meta":{"lastBranch":2,"lastFunction":1,"lastStatement":6,"seen":{"s:6:16:6:Infinity":0,"s:8:23:8:Infinity":1,"s:10:22:10:Infinity":2,"s:12:23:28:Infinity":3,"f:15:2:15:3":0,"s:16:2:27:Infinity":4,"b:15:24:15:34":0,"b:15:47:15:50":1,"s:29:0:29:Infinity":5}}}
,"C:\\Users\\trevo\\Desktop\\Spa-Flow\\artifacts\\spaflow\\src\\components\\ui\\switch.tsx": {"path":"C:\\Users\\trevo\\Desktop\\Spa-Flow\\artifacts\\spaflow\\src\\components\\ui\\switch.tsx","statementMap":{"0":{"start":{"line":6,"column":15},"end":{"line":24,"column":null}},"1":{"start":{"line":10,"column":2},"end":{"line":23,"column":null}},"2":{"start":{"line":25,"column":0},"end":{"line":25,"column":null}}},"fnMap":{"0":{"name":"(anonymous_0)","decl":{"start":{"line":9,"column":2},"end":{"line":9,"column":3}},"loc":{"start":{"line":10,"column":2},"end":{"line":23,"column":null}},"line":10}},"branchMap":{},"s":{"0":1,"1":22,"2":1},"f":{"0":22},"b":{},"meta":{"lastBranch":0,"lastFunction":1,"lastStatement":3,"seen":{"s:6:15:24:Infinity":0,"f:9:2:9:3":0,"s:10:2:23:Infinity":1,"s:25:0:25:Infinity":2}}}
,"C:\\Users\\trevo\\Desktop\\Spa-Flow\\artifacts\\spaflow\\src\\lib\\utils.ts": {"path":"C:\\Users\\trevo\\Desktop\\Spa-Flow\\artifacts\\spaflow\\src\\lib\\utils.ts","statementMap":{"0":{"start":{"line":5,"column":2},"end":{"line":5,"column":null}}},"fnMap":{"0":{"name":"cn","decl":{"start":{"line":4,"column":16},"end":{"line":4,"column":22}},"loc":{"start":{"line":4,"column":44},"end":{"line":6,"column":null}},"line":4}},"branchMap":{},"s":{"0":3506},"f":{"0":3506},"b":{},"meta":{"lastBranch":0,"lastFunction":1,"lastStatement":1,"seen":{"f:4:16:4:22":0,"s:5:2:5:Infinity":0}}}
}
