{"C:\\Users\\trevo\\Desktop\\Spa-Flow\\lib\\api-client-react\\src\\custom-fetch.ts": {"path":"C:\\Users\\trevo\\Desktop\\Spa-Flow\\lib\\api-client-react\\src\\custom-fetch.ts","statementMap":{"0":{"start":{"line":11,"column":23},"end":{"line":11,"column":null}},"1":{"start":{"line":12,"column":28},"end":{"line":12,"column":null}},"2":{"start":{"line":18,"column":30},"end":{"line":18,"column":null}},"3":{"start":{"line":19,"column":47},"end":{"line":19,"column":null}},"4":{"start":{"line":29,"column":2},"end":{"line":29,"column":null}},"5":{"start":{"line":44,"column":2},"end":{"line":44,"column":null}},"6":{"start":{"line":48,"column":2},"end":{"line":48,"column":null}},"7":{"start":{"line":52,"column":2},"end":{"line":52,"column":null}},"8":{"start":{"line":52,"column":22},"end":{"line":52,"column":null}},"9":{"start":{"line":53,"column":2},"end":{"line":53,"column":null}},"10":{"start":{"line":53,"column":24},"end":{"line":53,"column":null}},"11":{"start":{"line":54,"column":2},"end":{"line":54,"column":null}},"12":{"start":{"line":60,"column":2},"end":{"line":60,"column":null}},"13":{"start":{"line":64,"column":2},"end":{"line":64,"column":null}},"14":{"start":{"line":64,"column":17},"end":{"line":64,"column":null}},"15":{"start":{"line":65,"column":14},"end":{"line":65,"column":null}},"16":{"start":{"line":67,"column":2},"end":{"line":67,"column":null}},"17":{"start":{"line":67,"column":28},"end":{"line":67,"column":null}},"18":{"start":{"line":69,"column":19},"end":{"line":69,"column":null}},"19":{"start":{"line":70,"column":2},"end":{"line":70,"column":null}},"20":{"start":{"line":70,"column":33},"end":{"line":70,"column":null}},"21":{"start":{"line":71,"column":2},"end":{"line":71,"column":null}},"22":{"start":{"line":71,"column":20},"end":{"line":71,"column":null}},"23":{"start":{"line":72,"column":2},"end":{"line":72,"column":null}},"24":{"start":{"line":76,"column":2},"end":{"line":76,"column":null}},"25":{"start":{"line":76,"column":33},"end":{"line":76,"column":null}},"26":{"start":{"line":77,"column":2},"end":{"line":77,"column":null}},"27":{"start":{"line":77,"column":20},"end":{"line":77,"column":null}},"28":{"start":{"line":78,"column":2},"end":{"line":78,"column":null}},"29":{"start":{"line":82,"column":18},"end":{"line":82,"column":null}},"30":{"start":{"line":84,"column":2},"end":{"line":89,"column":null}},"31":{"start":{"line":85,"column":4},"end":{"line":85,"column":null}},"32":{"start":{"line":85,"column":17},"end":{"line":85,"column":null}},"33":{"start":{"line":86,"column":4},"end":{"line":88,"column":null}},"34":{"start":{"line":87,"column":6},"end":{"line":87,"column":null}},"35":{"start":{"line":91,"column":2},"end":{"line":91,"column":null}},"36":{"start":{"line":95,"column":16},"end":{"line":95,"column":null}},"37":{"start":{"line":96,"column":2},"end":{"line":96,"column":null}},"38":{"start":{"line":100,"column":2},"end":{"line":100,"column":null}},"39":{"start":{"line":104,"column":2},"end":{"line":111,"column":null}},"40":{"start":{"line":121,"column":2},"end":{"line":121,"column":null}},"41":{"start":{"line":121,"column":25},"end":{"line":121,"column":null}},"42":{"start":{"line":122,"column":2},"end":{"line":122,"column":null}},"43":{"start":{"line":122,"column":43},"end":{"line":122,"column":null}},"44":{"start":{"line":123,"column":2},"end":{"line":123,"column":null}},"45":{"start":{"line":123,"column":54},"end":{"line":123,"column":null}},"46":{"start":{"line":124,"column":2},"end":{"line":124,"column":null}},"47":{"start":{"line":124,"column":30},"end":{"line":124,"column":null}},"48":{"start":{"line":125,"column":2},"end":{"line":125,"column":null}},"49":{"start":{"line":129,"column":2},"end":{"line":129,"column":null}},"50":{"start":{"line":133,"column":18},"end":{"line":133,"column":null}},"51":{"start":{"line":134,"column":2},"end":{"line":134,"column":null}},"52":{"start":{"line":138,"column":2},"end":{"line":138,"column":null}},"53":{"start":{"line":138,"column":43},"end":{"line":138,"column":null}},"54":{"start":{"line":140,"column":21},"end":{"line":140,"column":null}},"55":{"start":{"line":141,"column":2},"end":{"line":141,"column":null}},"56":{"start":{"line":141,"column":37},"end":{"line":141,"column":null}},"57":{"start":{"line":143,"column":18},"end":{"line":143,"column":null}},"58":{"start":{"line":144,"column":2},"end":{"line":144,"column":null}},"59":{"start":{"line":148,"column":2},"end":{"line":148,"column":null}},"60":{"start":{"line":152,"column":17},"end":{"line":152,"column":null}},"61":{"start":{"line":154,"column":2},"end":{"line":157,"column":null}},"62":{"start":{"line":155,"column":17},"end":{"line":155,"column":null}},"63":{"start":{"line":156,"column":4},"end":{"line":156,"column":null}},"64":{"start":{"line":159,"column":16},"end":{"line":159,"column":null}},"65":{"start":{"line":160,"column":17},"end":{"line":160,"column":null}},"66":{"start":{"line":162,"column":4},"end":{"line":164,"column":null}},"67":{"start":{"line":166,"column":2},"end":{"line":166,"column":null}},"68":{"start":{"line":166,"column":23},"end":{"line":166,"column":null}},"69":{"start":{"line":167,"column":2},"end":{"line":167,"column":null}},"70":{"start":{"line":167,"column":14},"end":{"line":167,"column":null}},"71":{"start":{"line":168,"column":2},"end":{"line":168,"column":null}},"72":{"start":{"line":168,"column":15},"end":{"line":168,"column":null}},"73":{"start":{"line":169,"column":2},"end":{"line":169,"column":null}},"74":{"start":{"line":169,"column":13},"end":{"line":169,"column":null}},"75":{"start":{"line":171,"column":2},"end":{"line":171,"column":null}},"76":{"start":{"line":175,"column":27},"end":{"line":175,"column":null}},"77":{"start":{"line":189,"column":4},"end":{"line":189,"column":null}},"78":{"start":{"line":190,"column":4},"end":{"line":190,"column":null}},"79":{"start":{"line":192,"column":4},"end":{"line":192,"column":null}},"80":{"start":{"line":193,"column":4},"end":{"line":193,"column":null}},"81":{"start":{"line":194,"column":4},"end":{"line":194,"column":null}},"82":{"start":{"line":195,"column":4},"end":{"line":195,"column":null}},"83":{"start":{"line":196,"column":4},"end":{"line":196,"column":null}},"84":{"start":{"line":197,"column":4},"end":{"line":197,"column":null}},"85":{"start":{"line":198,"column":4},"end":{"line":198,"column":null}},"86":{"start":{"line":203,"column":27},"end":{"line":203,"column":null}},"87":{"start":{"line":219,"column":4},"end":{"line":222,"column":null}},"88":{"start":{"line":223,"column":4},"end":{"line":223,"column":null}},"89":{"start":{"line":225,"column":4},"end":{"line":225,"column":null}},"90":{"start":{"line":226,"column":4},"end":{"line":226,"column":null}},"91":{"start":{"line":227,"column":4},"end":{"line":227,"column":null}},"92":{"start":{"line":228,"column":4},"end":{"line":228,"column":null}},"93":{"start":{"line":229,"column":4},"end":{"line":229,"column":null}},"94":{"start":{"line":230,"column":4},"end":{"line":230,"column":null}},"95":{"start":{"line":231,"column":4},"end":{"line":231,"column":null}},"96":{"start":{"line":232,"column":4},"end":{"line":232,"column":null}},"97":{"start":{"line":240,"column":14},"end":{"line":240,"column":null}},"98":{"start":{"line":241,"column":21},"end":{"line":241,"column":null}},"99":{"start":{"line":243,"column":2},"end":{"line":245,"column":null}},"100":{"start":{"line":244,"column":4},"end":{"line":244,"column":null}},"101":{"start":{"line":247,"column":2},"end":{"line":251,"column":null}},"102":{"start":{"line":248,"column":4},"end":{"line":248,"column":null}},"103":{"start":{"line":250,"column":4},"end":{"line":250,"column":null}},"104":{"start":{"line":255,"column":2},"end":{"line":257,"column":null}},"105":{"start":{"line":256,"column":4},"end":{"line":256,"column":null}},"106":{"start":{"line":259,"column":20},"end":{"line":259,"column":null}},"107":{"start":{"line":262,"column":2},"end":{"line":264,"column":null}},"108":{"start":{"line":263,"column":4},"end":{"line":263,"column":null}},"109":{"start":{"line":266,"column":14},"end":{"line":266,"column":null}},"110":{"start":{"line":267,"column":21},"end":{"line":267,"column":null}},"111":{"start":{"line":268,"column":18},"end":{"line":268,"column":null}},"112":{"start":{"line":270,"column":2},"end":{"line":272,"column":null}},"113":{"start":{"line":271,"column":4},"end":{"line":271,"column":null}},"114":{"start":{"line":274,"column":2},"end":{"line":280,"column":null}},"115":{"start":{"line":275,"column":4},"end":{"line":279,"column":null}},"116":{"start":{"line":276,"column":6},"end":{"line":276,"column":null}},"117":{"start":{"line":278,"column":6},"end":{"line":278,"column":null}},"118":{"start":{"line":282,"column":2},"end":{"line":282,"column":null}},"119":{"start":{"line":286,"column":20},"end":{"line":286,"column":null}},"120":{"start":{"line":288,"column":2},"end":{"line":288,"column":null}},"121":{"start":{"line":288,"column":34},"end":{"line":288,"column":null}},"122":{"start":{"line":289,"column":2},"end":{"line":289,"column":null}},"123":{"start":{"line":289,"column":55},"end":{"line":289,"column":null}},"124":{"start":{"line":290,"column":2},"end":{"line":290,"column":null}},"125":{"start":{"line":298,"column":2},"end":{"line":300,"column":null}},"126":{"start":{"line":299,"column":4},"end":{"line":299,"column":null}},"127":{"start":{"line":303,"column":4},"end":{"line":303,"column":null}},"128":{"start":{"line":305,"column":2},"end":{"line":322,"column":null}},"129":{"start":{"line":307,"column":6},"end":{"line":307,"column":null}},"130":{"start":{"line":310,"column":19},"end":{"line":310,"column":null}},"131":{"start":{"line":311,"column":6},"end":{"line":311,"column":null}},"132":{"start":{"line":315,"column":6},"end":{"line":320,"column":null}},"133":{"start":{"line":316,"column":8},"end":{"line":319,"column":null}},"134":{"start":{"line":321,"column":6},"end":{"line":321,"column":null}},"135":{"start":{"line":329,"column":2},"end":{"line":329,"column":null}},"136":{"start":{"line":330,"column":67},"end":{"line":330,"column":null}},"137":{"start":{"line":332,"column":17},"end":{"line":332,"column":null}},"138":{"start":{"line":334,"column":2},"end":{"line":336,"column":null}},"139":{"start":{"line":335,"column":4},"end":{"line":335,"column":null}},"140":{"start":{"line":338,"column":18},"end":{"line":338,"column":null}},"141":{"start":{"line":340,"column":2},"end":{"line":346,"column":null}},"142":{"start":{"line":345,"column":4},"end":{"line":345,"column":null}},"143":{"start":{"line":348,"column":2},"end":{"line":350,"column":null}},"144":{"start":{"line":349,"column":4},"end":{"line":349,"column":null}},"145":{"start":{"line":354,"column":2},"end":{"line":359,"column":null}},"146":{"start":{"line":355,"column":18},"end":{"line":355,"column":null}},"147":{"start":{"line":356,"column":4},"end":{"line":358,"column":null}},"148":{"start":{"line":357,"column":6},"end":{"line":357,"column":null}},"149":{"start":{"line":361,"column":22},"end":{"line":361,"column":null}},"150":{"start":{"line":363,"column":19},"end":{"line":363,"column":null}},"151":{"start":{"line":365,"column":2},"end":{"line":368,"column":null}},"152":{"start":{"line":366,"column":22},"end":{"line":366,"column":null}},"153":{"start":{"line":367,"column":4},"end":{"line":367,"column":null}},"154":{"start":{"line":370,"column":2},"end":{"line":370,"column":null}}},"fnMap":{"0":{"name":"setBaseUrl","decl":{"start":{"line":28,"column":16},"end":{"line":28,"column":27}},"loc":{"start":{"line":28,"column":53},"end":{"line":30,"column":null}},"line":28},"1":{"name":"setAuthTokenGetter","decl":{"start":{"line":43,"column":16},"end":{"line":43,"column":35}},"loc":{"start":{"line":43,"column":73},"end":{"line":45,"column":null}},"line":43},"2":{"name":"isRequest","decl":{"start":{"line":47,"column":9},"end":{"line":47,"column":19}},"loc":{"start":{"line":47,"column":63},"end":{"line":49,"column":null}},"line":47},"3":{"name":"resolveMethod","decl":{"start":{"line":51,"column":9},"end":{"line":51,"column":23}},"loc":{"start":{"line":51,"column":82},"end":{"line":55,"column":null}},"line":51},"4":{"name":"isUrl","decl":{"start":{"line":59,"column":9},"end":{"line":59,"column":15}},"loc":{"start":{"line":59,"column":55},"end":{"line":61,"column":null}},"line":59},"5":{"name":"applyBaseUrl","decl":{"start":{"line":63,"column":9},"end":{"line":63,"column":22}},"loc":{"start":{"line":63,"column":67},"end":{"line":73,"column":null}},"line":63},"6":{"name":"resolveUrl","decl":{"start":{"line":75,"column":9},"end":{"line":75,"column":20}},"loc":{"start":{"line":75,"column":54},"end":{"line":79,"column":null}},"line":75},"7":{"name":"mergeHeaders","decl":{"start":{"line":81,"column":9},"end":{"line":81,"column":25}},"loc":{"start":{"line":81,"column":75},"end":{"line":92,"column":null}},"line":81},"8":{"name":"(anonymous_8)","decl":{"start":{"line":86,"column":32},"end":{"line":86,"column":33}},"loc":{"start":{"line":86,"column":48},"end":{"line":88,"column":5}},"line":86},"9":{"name":"getMediaType","decl":{"start":{"line":94,"column":9},"end":{"line":94,"column":22}},"loc":{"start":{"line":94,"column":55},"end":{"line":97,"column":null}},"line":94},"10":{"name":"isJsonMediaType","decl":{"start":{"line":99,"column":9},"end":{"line":99,"column":25}},"loc":{"start":{"line":99,"column":60},"end":{"line":101,"column":null}},"line":99},"11":{"name":"isTextMediaType","decl":{"start":{"line":103,"column":9},"end":{"line":103,"column":25}},"loc":{"start":{"line":103,"column":60},"end":{"line":112,"column":null}},"line":103},"12":{"name":"hasNoBody","decl":{"start":{"line":120,"column":9},"end":{"line":120,"column":19}},"loc":{"start":{"line":120,"column":64},"end":{"line":126,"column":null}},"line":120},"13":{"name":"stripBom","decl":{"start":{"line":128,"column":9},"end":{"line":128,"column":18}},"loc":{"start":{"line":128,"column":40},"end":{"line":130,"column":null}},"line":128},"14":{"name":"looksLikeJson","decl":{"start":{"line":132,"column":9},"end":{"line":132,"column":23}},"loc":{"start":{"line":132,"column":46},"end":{"line":135,"column":null}},"line":132},"15":{"name":"getStringField","decl":{"start":{"line":137,"column":9},"end":{"line":137,"column":24}},"loc":{"start":{"line":137,"column":73},"end":{"line":145,"column":null}},"line":137},"16":{"name":"truncate","decl":{"start":{"line":147,"column":9},"end":{"line":147,"column":18}},"loc":{"start":{"line":147,"column":57},"end":{"line":149,"column":null}},"line":147},"17":{"name":"buildErrorMessage","decl":{"start":{"line":151,"column":9},"end":{"line":151,"column":27}},"loc":{"start":{"line":151,"column":70},"end":{"line":172,"column":null}},"line":151},"18":{"name":"(anonymous_18)","decl":{"start":{"line":184,"column":2},"end":{"line":184,"column":null}},"loc":{"start":{"line":188,"column":4},"end":{"line":199,"column":null}},"line":188},"19":{"name":"(anonymous_19)","decl":{"start":{"line":213,"column":2},"end":{"line":213,"column":null}},"loc":{"start":{"line":218,"column":4},"end":{"line":233,"column":null}},"line":218},"20":{"name":"parseJsonBody","decl":{"start":{"line":236,"column":15},"end":{"line":236,"column":null}},"loc":{"start":{"line":239,"column":20},"end":{"line":252,"column":null}},"line":239},"21":{"name":"parseErrorBody","decl":{"start":{"line":254,"column":15},"end":{"line":254,"column":30}},"loc":{"start":{"line":254,"column":84},"end":{"line":283,"column":null}},"line":254},"22":{"name":"inferResponseType","decl":{"start":{"line":285,"column":9},"end":{"line":285,"column":27}},"loc":{"start":{"line":285,"column":73},"end":{"line":291,"column":null}},"line":285},"23":{"name":"parseSuccessBody","decl":{"start":{"line":293,"column":15},"end":{"line":293,"column":null}},"loc":{"start":{"line":297,"column":20},"end":{"line":323,"column":null}},"line":297},"24":{"name":"customFetch","decl":{"start":{"line":325,"column":22},"end":{"line":325,"column":null}},"loc":{"start":{"line":328,"column":14},"end":{"line":371,"column":null}},"line":328}},"branchMap":{"0":{"loc":{"start":{"line":29,"column":13},"end":{"line":29,"column":null}},"type":"cond-expr","locations":[{"start":{"line":29,"column":19},"end":{"line":29,"column":45}},{"start":{"line":29,"column":45},"end":{"line":29,"column":null}}],"line":29},"1":{"loc":{"start":{"line":48,"column":9},"end":{"line":48,"column":null}},"type":"binary-expr","locations":[{"start":{"line":48,"column":9},"end":{"line":48,"column":43}},{"start":{"line":48,"column":43},"end":{"line":48,"column":null}}],"line":48},"2":{"loc":{"start":{"line":52,"column":2},"end":{"line":52,"column":null}},"type":"if","locations":[{"start":{"line":52,"column":2},"end":{"line":52,"column":null}},{"start":{},"end":{}}],"line":52},"3":{"loc":{"start":{"line":53,"column":2},"end":{"line":53,"column":null}},"type":"if","locations":[{"start":{"line":53,"column":2},"end":{"line":53,"column":null}},{"start":{},"end":{}}],"line":53},"4":{"loc":{"start":{"line":60,"column":9},"end":{"line":60,"column":null}},"type":"binary-expr","locations":[{"start":{"line":60,"column":9},"end":{"line":60,"column":39}},{"start":{"line":60,"column":39},"end":{"line":60,"column":null}}],"line":60},"5":{"loc":{"start":{"line":64,"column":2},"end":{"line":64,"column":null}},"type":"if","locations":[{"start":{"line":64,"column":2},"end":{"line":64,"column":null}},{"start":{},"end":{}}],"line":64},"6":{"loc":{"start":{"line":67,"column":2},"end":{"line":67,"column":null}},"type":"if","locations":[{"start":{"line":67,"column":2},"end":{"line":67,"column":null}},{"start":{},"end":{}}],"line":67},"7":{"loc":{"start":{"line":70,"column":2},"end":{"line":70,"column":null}},"type":"if","locations":[{"start":{"line":70,"column":2},"end":{"line":70,"column":null}},{"start":{},"end":{}}],"line":70},"8":{"loc":{"start":{"line":71,"column":2},"end":{"line":71,"column":null}},"type":"if","locations":[{"start":{"line":71,"column":2},"end":{"line":71,"column":null}},{"start":{},"end":{}}],"line":71},"9":{"loc":{"start":{"line":76,"column":2},"end":{"line":76,"column":null}},"type":"if","locations":[{"start":{"line":76,"column":2},"end":{"line":76,"column":null}},{"start":{},"end":{}}],"line":76},"10":{"loc":{"start":{"line":77,"column":2},"end":{"line":77,"column":null}},"type":"if","locations":[{"start":{"line":77,"column":2},"end":{"line":77,"column":null}},{"start":{},"end":{}}],"line":77},"11":{"loc":{"start":{"line":85,"column":4},"end":{"line":85,"column":null}},"type":"if","locations":[{"start":{"line":85,"column":4},"end":{"line":85,"column":null}},{"start":{},"end":{}}],"line":85},"12":{"loc":{"start":{"line":96,"column":9},"end":{"line":96,"column":null}},"type":"cond-expr","locations":[{"start":{"line":96,"column":17},"end":{"line":96,"column":63}},{"start":{"line":96,"column":63},"end":{"line":96,"column":null}}],"line":96},"13":{"loc":{"start":{"line":100,"column":9},"end":{"line":100,"column":null}},"type":"binary-expr","locations":[{"start":{"line":100,"column":9},"end":{"line":100,"column":45}},{"start":{"line":100,"column":45},"end":{"line":100,"column":null}}],"line":100},"14":{"loc":{"start":{"line":105,"column":4},"end":{"line":110,"column":null}},"type":"binary-expr","locations":[{"start":{"line":105,"column":4},"end":{"line":105,"column":null}},{"start":{"line":106,"column":7},"end":{"line":106,"column":null}},{"start":{"line":107,"column":8},"end":{"line":107,"column":null}},{"start":{"line":108,"column":8},"end":{"line":108,"column":null}},{"start":{"line":109,"column":8},"end":{"line":109,"column":null}},{"start":{"line":110,"column":8},"end":{"line":110,"column":null}}],"line":105},"15":{"loc":{"start":{"line":121,"column":2},"end":{"line":121,"column":null}},"type":"if","locations":[{"start":{"line":121,"column":2},"end":{"line":121,"column":null}},{"start":{},"end":{}}],"line":121},"16":{"loc":{"start":{"line":122,"column":2},"end":{"line":122,"column":null}},"type":"if","locations":[{"start":{"line":122,"column":2},"end":{"line":122,"column":null}},{"start":{},"end":{}}],"line":122},"17":{"loc":{"start":{"line":123,"column":2},"end":{"line":123,"column":null}},"type":"if","locations":[{"start":{"line":123,"column":2},"end":{"line":123,"column":null}},{"start":{},"end":{}}],"line":123},"18":{"loc":{"start":{"line":124,"column":2},"end":{"line":124,"column":null}},"type":"if","locations":[{"start":{"line":124,"column":2},"end":{"line":124,"column":null}},{"start":{},"end":{}}],"line":124},"19":{"loc":{"start":{"line":129,"column":9},"end":{"line":129,"column":null}},"type":"cond-expr","locations":[{"start":{"line":129,"column":41},"end":{"line":129,"column":57}},{"start":{"line":129,"column":57},"end":{"line":129,"column":null}}],"line":129},"20":{"loc":{"start":{"line":134,"column":9},"end":{"line":134,"column":null}},"type":"binary-expr","locations":[{"start":{"line":134,"column":9},"end":{"line":134,"column":36}},{"start":{"line":134,"column":36},"end":{"line":134,"column":null}}],"line":134},"21":{"loc":{"start":{"line":138,"column":2},"end":{"line":138,"column":null}},"type":"if","locations":[{"start":{"line":138,"column":2},"end":{"line":138,"column":null}},{"start":{},"end":{}}],"line":138},"22":{"loc":{"start":{"line":138,"column":6},"end":{"line":138,"column":43}},"type":"binary-expr","locations":[{"start":{"line":138,"column":6},"end":{"line":138,"column":16}},{"start":{"line":138,"column":16},"end":{"line":138,"column":43}}],"line":138},"23":{"loc":{"start":{"line":141,"column":2},"end":{"line":141,"column":null}},"type":"if","locations":[{"start":{"line":141,"column":2},"end":{"line":141,"column":null}},{"start":{},"end":{}}],"line":141},"24":{"loc":{"start":{"line":144,"column":9},"end":{"line":144,"column":null}},"type":"cond-expr","locations":[{"start":{"line":144,"column":26},"end":{"line":144,"column":38}},{"start":{"line":144,"column":38},"end":{"line":144,"column":null}}],"line":144},"25":{"loc":{"start":{"line":147,"column":32},"end":{"line":147,"column":57}},"type":"default-arg","locations":[{"start":{"line":147,"column":44},"end":{"line":147,"column":57}}],"line":147},"26":{"loc":{"start":{"line":148,"column":9},"end":{"line":148,"column":null}},"type":"cond-expr","locations":[{"start":{"line":148,"column":35},"end":{"line":148,"column":72}},{"start":{"line":148,"column":72},"end":{"line":148,"column":null}}],"line":148},"27":{"loc":{"start":{"line":154,"column":2},"end":{"line":157,"column":null}},"type":"if","locations":[{"start":{"line":154,"column":2},"end":{"line":157,"column":null}},{"start":{},"end":{}}],"line":154},"28":{"loc":{"start":{"line":156,"column":11},"end":{"line":156,"column":null}},"type":"cond-expr","locations":[{"start":{"line":156,"column":18},"end":{"line":156,"column":51}},{"start":{"line":156,"column":51},"end":{"line":156,"column":null}}],"line":156},"29":{"loc":{"start":{"line":162,"column":4},"end":{"line":164,"column":null}},"type":"binary-expr","locations":[{"start":{"line":162,"column":4},"end":{"line":162,"column":null}},{"start":{"line":163,"column":4},"end":{"line":163,"column":null}},{"start":{"line":164,"column":4},"end":{"line":164,"column":null}}],"line":162},"30":{"loc":{"start":{"line":166,"column":2},"end":{"line":166,"column":null}},"type":"if","locations":[{"start":{"line":166,"column":2},"end":{"line":166,"column":null}},{"start":{},"end":{}}],"line":166},"31":{"loc":{"start":{"line":166,"column":6},"end":{"line":166,"column":23}},"type":"binary-expr","locations":[{"start":{"line":166,"column":6},"end":{"line":166,"column":15}},{"start":{"line":166,"column":15},"end":{"line":166,"column":23}}],"line":166},"32":{"loc":{"start":{"line":167,"column":2},"end":{"line":167,"column":null}},"type":"if","locations":[{"start":{"line":167,"column":2},"end":{"line":167,"column":null}},{"start":{},"end":{}}],"line":167},"33":{"loc":{"start":{"line":168,"column":2},"end":{"line":168,"column":null}},"type":"if","locations":[{"start":{"line":168,"column":2},"end":{"line":168,"column":null}},{"start":{},"end":{}}],"line":168},"34":{"loc":{"start":{"line":169,"column":2},"end":{"line":169,"column":null}},"type":"if","locations":[{"start":{"line":169,"column":2},"end":{"line":169,"column":null}},{"start":{},"end":{}}],"line":169},"35":{"loc":{"start":{"line":198,"column":15},"end":{"line":198,"column":null}},"type":"binary-expr","locations":[{"start":{"line":198,"column":15},"end":{"line":198,"column":31}},{"start":{"line":198,"column":31},"end":{"line":198,"column":null}}],"line":198},"36":{"loc":{"start":{"line":220,"column":61},"end":{"line":220,"column":92}},"type":"binary-expr","locations":[{"start":{"line":220,"column":61},"end":{"line":220,"column":77}},{"start":{"line":220,"column":77},"end":{"line":220,"column":92}}],"line":220},"37":{"loc":{"start":{"line":230,"column":15},"end":{"line":230,"column":null}},"type":"binary-expr","locations":[{"start":{"line":230,"column":15},"end":{"line":230,"column":31}},{"start":{"line":230,"column":31},"end":{"line":230,"column":null}}],"line":230},"38":{"loc":{"start":{"line":243,"column":2},"end":{"line":245,"column":null}},"type":"if","locations":[{"start":{"line":243,"column":2},"end":{"line":245,"column":null}},{"start":{},"end":{}}],"line":243},"39":{"loc":{"start":{"line":255,"column":2},"end":{"line":257,"column":null}},"type":"if","locations":[{"start":{"line":255,"column":2},"end":{"line":257,"column":null}},{"start":{},"end":{}}],"line":255},"40":{"loc":{"start":{"line":262,"column":2},"end":{"line":264,"column":null}},"type":"if","locations":[{"start":{"line":262,"column":2},"end":{"line":264,"column":null}},{"start":{},"end":{}}],"line":262},"41":{"loc":{"start":{"line":262,"column":6},"end":{"line":262,"column":79}},"type":"binary-expr","locations":[{"start":{"line":262,"column":6},"end":{"line":262,"column":19}},{"start":{"line":262,"column":19},"end":{"line":262,"column":50}},{"start":{"line":262,"column":50},"end":{"line":262,"column":79}}],"line":262},"42":{"loc":{"start":{"line":263,"column":11},"end":{"line":263,"column":null}},"type":"cond-expr","locations":[{"start":{"line":263,"column":49},"end":{"line":263,"column":67}},{"start":{"line":263,"column":67},"end":{"line":263,"column":null}}],"line":263},"43":{"loc":{"start":{"line":270,"column":2},"end":{"line":272,"column":null}},"type":"if","locations":[{"start":{"line":270,"column":2},"end":{"line":272,"column":null}},{"start":{},"end":{}}],"line":270},"44":{"loc":{"start":{"line":274,"column":2},"end":{"line":280,"column":null}},"type":"if","locations":[{"start":{"line":274,"column":2},"end":{"line":280,"column":null}},{"start":{},"end":{}}],"line":274},"45":{"loc":{"start":{"line":274,"column":6},"end":{"line":274,"column":63}},"type":"binary-expr","locations":[{"start":{"line":274,"column":6},"end":{"line":274,"column":36}},{"start":{"line":274,"column":36},"end":{"line":274,"column":63}}],"line":274},"46":{"loc":{"start":{"line":288,"column":2},"end":{"line":288,"column":null}},"type":"if","locations":[{"start":{"line":288,"column":2},"end":{"line":288,"column":null}},{"start":{},"end":{}}],"line":288},"47":{"loc":{"start":{"line":289,"column":2},"end":{"line":289,"column":null}},"type":"if","locations":[{"start":{"line":289,"column":2},"end":{"line":289,"column":null}},{"start":{},"end":{}}],"line":289},"48":{"loc":{"start":{"line":289,"column":6},"end":{"line":289,"column":55}},"type":"binary-expr","locations":[{"start":{"line":289,"column":6},"end":{"line":289,"column":36}},{"start":{"line":289,"column":36},"end":{"line":289,"column":55}}],"line":289},"49":{"loc":{"start":{"line":298,"column":2},"end":{"line":300,"column":null}},"type":"if","locations":[{"start":{"line":298,"column":2},"end":{"line":300,"column":null}},{"start":{},"end":{}}],"line":298},"50":{"loc":{"start":{"line":303,"column":4},"end":{"line":303,"column":null}},"type":"cond-expr","locations":[{"start":{"line":303,"column":30},"end":{"line":303,"column":60}},{"start":{"line":303,"column":60},"end":{"line":303,"column":null}}],"line":303},"51":{"loc":{"start":{"line":305,"column":2},"end":{"line":322,"column":null}},"type":"switch","locations":[{"start":{"line":306,"column":4},"end":{"line":307,"column":null}},{"start":{"line":309,"column":4},"end":{"line":312,"column":null}},{"start":{"line":314,"column":4},"end":{"line":321,"column":null}}],"line":305},"52":{"loc":{"start":{"line":311,"column":13},"end":{"line":311,"column":null}},"type":"cond-expr","locations":[{"start":{"line":311,"column":27},"end":{"line":311,"column":34}},{"start":{"line":311,"column":34},"end":{"line":311,"column":null}}],"line":311},"53":{"loc":{"start":{"line":315,"column":6},"end":{"line":320,"column":null}},"type":"if","locations":[{"start":{"line":315,"column":6},"end":{"line":320,"column":null}},{"start":{},"end":{}}],"line":315},"54":{"loc":{"start":{"line":327,"column":2},"end":{"line":327,"column":null}},"type":"default-arg","locations":[{"start":{"line":327,"column":32},"end":{"line":327,"column":null}}],"line":327},"55":{"loc":{"start":{"line":330,"column":10},"end":{"line":330,"column":33}},"type":"default-arg","locations":[{"start":{"line":330,"column":25},"end":{"line":330,"column":33}}],"line":330},"56":{"loc":{"start":{"line":334,"column":2},"end":{"line":336,"column":null}},"type":"if","locations":[{"start":{"line":334,"column":2},"end":{"line":336,"column":null}},{"start":{},"end":{}}],"line":334},"57":{"loc":{"start":{"line":334,"column":6},"end":{"line":334,"column":68}},"type":"binary-expr","locations":[{"start":{"line":334,"column":6},"end":{"line":334,"column":28}},{"start":{"line":334,"column":28},"end":{"line":334,"column":48}},{"start":{"line":334,"column":48},"end":{"line":334,"column":68}}],"line":334},"58":{"loc":{"start":{"line":338,"column":31},"end":{"line":338,"column":77}},"type":"cond-expr","locations":[{"start":{"line":338,"column":50},"end":{"line":338,"column":66}},{"start":{"line":338,"column":66},"end":{"line":338,"column":77}}],"line":338},"59":{"loc":{"start":{"line":340,"column":2},"end":{"line":346,"column":null}},"type":"if","locations":[{"start":{"line":340,"column":2},"end":{"line":346,"column":null}},{"start":{},"end":{}}],"line":340},"60":{"loc":{"start":{"line":341,"column":4},"end":{"line":343,"column":null}},"type":"binary-expr","locations":[{"start":{"line":341,"column":4},"end":{"line":341,"column":null}},{"start":{"line":342,"column":4},"end":{"line":342,"column":null}},{"start":{"line":343,"column":4},"end":{"line":343,"column":null}}],"line":341},"61":{"loc":{"start":{"line":348,"column":2},"end":{"line":350,"column":null}},"type":"if","locations":[{"start":{"line":348,"column":2},"end":{"line":350,"column":null}},{"start":{},"end":{}}],"line":348},"62":{"loc":{"start":{"line":348,"column":6},"end":{"line":348,"column":57}},"type":"binary-expr","locations":[{"start":{"line":348,"column":6},"end":{"line":348,"column":33}},{"start":{"line":348,"column":33},"end":{"line":348,"column":57}}],"line":348},"63":{"loc":{"start":{"line":354,"column":2},"end":{"line":359,"column":null}},"type":"if","locations":[{"start":{"line":354,"column":2},"end":{"line":359,"column":null}},{"start":{},"end":{}}],"line":354},"64":{"loc":{"start":{"line":354,"column":6},"end":{"line":354,"column":57}},"type":"binary-expr","locations":[{"start":{"line":354,"column":6},"end":{"line":354,"column":26}},{"start":{"line":354,"column":26},"end":{"line":354,"column":57}}],"line":354},"65":{"loc":{"start":{"line":356,"column":4},"end":{"line":358,"column":null}},"type":"if","locations":[{"start":{"line":356,"column":4},"end":{"line":358,"column":null}},{"start":{},"end":{}}],"line":356},"66":{"loc":{"start":{"line":365,"column":2},"end":{"line":368,"column":null}},"type":"if","locations":[{"start":{"line":365,"column":2},"end":{"line":368,"column":null}},{"start":{},"end":{}}],"line":365}},"s":{"0":1,"1":1,"2":1,"3":1,"4":43,"5":41,"6":70,"7":38,"8":4,"9":34,"10":34,"11":34,"12":0,"13":38,"14":36,"15":2,"16":2,"17":2,"18":1,"19":1,"20":1,"21":0,"22":0,"23":0,"24":38,"25":38,"26":0,"27":0,"28":0,"29":36,"30":36,"31":72,"32":72,"33":0,"34":0,"35":36,"36":27,"37":27,"38":42,"39":11,"40":36,"41":1,"42":35,"43":3,"44":32,"45":0,"46":32,"47":1,"48":31,"49":26,"50":7,"51":7,"52":79,"53":20,"54":59,"55":59,"56":47,"57":12,"58":12,"59":6,"60":23,"61":23,"62":6,"63":6,"64":17,"65":17,"66":17,"67":23,"68":1,"69":16,"70":16,"71":16,"72":16,"73":6,"74":6,"75":6,"76":23,"77":23,"78":23,"79":23,"80":23,"81":23,"82":23,"83":23,"84":23,"85":23,"86":2,"87":2,"88":2,"89":2,"90":2,"91":2,"92":2,"93":2,"94":2,"95":2,"96":2,"97":9,"98":9,"99":9,"100":1,"101":8,"102":8,"103":1,"104":21,"105":2,"106":19,"107":19,"108":2,"109":17,"110":17,"111":17,"112":17,"113":2,"114":15,"115":11,"116":11,"117":2,"118":4,"119":8,"120":8,"121":7,"122":1,"123":1,"124":0,"125":15,"126":3,"127":12,"128":15,"129":9,"130":2,"131":2,"132":1,"133":1,"134":0,"135":38,"136":38,"137":38,"138":38,"139":2,"140":36,"141":38,"142":1,"143":36,"144":2,"145":36,"146":2,"147":2,"148":1,"149":36,"150":36,"151":36,"152":21,"153":21,"154":15},"f":{"0":43,"1":41,"2":70,"3":38,"4":0,"5":38,"6":38,"7":36,"8":0,"9":27,"10":42,"11":11,"12":36,"13":26,"14":7,"15":79,"16":6,"17":23,"18":23,"19":2,"20":9,"21":21,"22":8,"23":15,"24":38},"b":{"0":[6,37],"1":[70,70],"2":[4,34],"3":[0,34],"4":[0,0],"5":[36,2],"6":[1,1],"7":[1,0],"8":[0,0],"9":[38,0],"10":[0,0],"11":[72,0],"12":[26,1],"13":[42,17],"14":[11,10,2,2,2,2],"15":[1,35],"16":[3,32],"17":[0,32],"18":[1,31],"19":[0,26],"20":[7,4],"21":[20,59],"22":[79,59],"23":[47,12],"24":[0,12],"25":[6],"26":[0,6],"27":[6,17],"28":[6,0],"29":[17,15,13],"30":[1,22],"31":[23,1],"32":[0,16],"33":[10,6],"34":[0,6],"35":[23,0],"36":[2,0],"37":[2,0],"38":[1,8],"39":[2,19],"40":[2,17],"41":[19,19,10],"42":[2,0],"43":[2,15],"44":[11,4],"45":[15,6],"46":[7,1],"47":[1,0],"48":[1,1],"49":[3,12],"50":[8,4],"51":[9,2,1],"52":[0,2],"53":[1,0],"54":[38],"55":[38],"56":[2,36],"57":[38,3,2],"58":[0,36],"59":[1,37],"60":[38,1,1],"61":[2,34],"62":[36,2],"63":[2,34],"64":[36,2],"65":[1,1],"66":[21,15]},"meta":{"lastBranch":67,"lastFunction":25,"lastStatement":155,"seen":{"s:11:23:11:Infinity":0,"s:12:28:12:Infinity":1,"s:18:30:18:Infinity":2,"s:19:47:19:Infinity":3,"f:28:16:28:27":0,"s:29:2:29:Infinity":4,"b:29:19:29:45:29:45:29:Infinity":0,"f:43:16:43:35":1,"s:44:2:44:Infinity":5,"f:47:9:47:19":2,"s:48:2:48:Infinity":6,"b:48:9:48:43:48:43:48:Infinity":1,"f:51:9:51:23":3,"b:52:2:52:Infinity:undefined:undefined:undefined:undefined":2,"s:52:2:52:Infinity":7,"s:52:22:52:Infinity":8,"b:53:2:53:Infinity:undefined:undefined:undefined:undefined":3,"s:53:2:53:Infinity":9,"s:53:24:53:Infinity":10,"s:54:2:54:Infinity":11,"f:59:9:59:15":4,"s:60:2:60:Infinity":12,"b:60:9:60:39:60:39:60:Infinity":4,"f:63:9:63:22":5,"b:64:2:64:Infinity:undefined:undefined:undefined:undefined":5,"s:64:2:64:Infinity":13,"s:64:17:64:Infinity":14,"s:65:14:65:Infinity":15,"b:67:2:67:Infinity:undefined:undefined:undefined:undefined":6,"s:67:2:67:Infinity":16,"s:67:28:67:Infinity":17,"s:69:19:69:Infinity":18,"b:70:2:70:Infinity:undefined:undefined:undefined:undefined":7,"s:70:2:70:Infinity":19,"s:70:33:70:Infinity":20,"b:71:2:71:Infinity:undefined:undefined:undefined:undefined":8,"s:71:2:71:Infinity":21,"s:71:20:71:Infinity":22,"s:72:2:72:Infinity":23,"f:75:9:75:20":6,"b:76:2:76:Infinity:undefined:undefined:undefined:undefined":9,"s:76:2:76:Infinity":24,"s:76:33:76:Infinity":25,"b:77:2:77:Infinity:undefined:undefined:undefined:undefined":10,"s:77:2:77:Infinity":26,"s:77:20:77:Infinity":27,"s:78:2:78:Infinity":28,"f:81:9:81:25":7,"s:82:18:82:Infinity":29,"s:84:2:89:Infinity":30,"b:85:4:85:Infinity:undefined:undefined:undefined:undefined":11,"s:85:4:85:Infinity":31,"s:85:17:85:Infinity":32,"s:86:4:88:Infinity":33,"f:86:32:86:33":8,"s:87:6:87:Infinity":34,"s:91:2:91:Infinity":35,"f:94:9:94:22":9,"s:95:16:95:Infinity":36,"s:96:2:96:Infinity":37,"b:96:17:96:63:96:63:96:Infinity":12,"f:99:9:99:25":10,"s:100:2:100:Infinity":38,"b:100:9:100:45:100:45:100:Infinity":13,"f:103:9:103:25":11,"s:104:2:111:Infinity":39,"b:105:4:105:Infinity:106:7:106:Infinity:107:8:107:Infinity:108:8:108:Infinity:109:8:109:Infinity:110:8:110:Infinity":14,"f:120:9:120:19":12,"b:121:2:121:Infinity:undefined:undefined:undefined:undefined":15,"s:121:2:121:Infinity":40,"s:121:25:121:Infinity":41,"b:122:2:122:Infinity:undefined:undefined:undefined:undefined":16,"s:122:2:122:Infinity":42,"s:122:43:122:Infinity":43,"b:123:2:123:Infinity:undefined:undefined:undefined:undefined":17,"s:123:2:123:Infinity":44,"s:123:54:123:Infinity":45,"b:124:2:124:Infinity:undefined:undefined:undefined:undefined":18,"s:124:2:124:Infinity":46,"s:124:30:124:Infinity":47,"s:125:2:125:Infinity":48,"f:128:9:128:18":13,"s:129:2:129:Infinity":49,"b:129:41:129:57:129:57:129:Infinity":19,"f:132:9:132:23":14,"s:133:18:133:Infinity":50,"s:134:2:134:Infinity":51,"b:134:9:134:36:134:36:134:Infinity":20,"f:137:9:137:24":15,"b:138:2:138:Infinity:undefined:undefined:undefined:undefined":21,"s:138:2:138:Infinity":52,"b:138:6:138:16:138:16:138:43":22,"s:138:43:138:Infinity":53,"s:140:21:140:Infinity":54,"b:141:2:141:Infinity:undefined:undefined:undefined:undefined":23,"s:141:2:141:Infinity":55,"s:141:37:141:Infinity":56,"s:143:18:143:Infinity":57,"s:144:2:144:Infinity":58,"b:144:26:144:38:144:38:144:Infinity":24,"f:147:9:147:18":16,"b:147:44:147:57":25,"s:148:2:148:Infinity":59,"b:148:35:148:72:148:72:148:Infinity":26,"f:151:9:151:27":17,"s:152:17:152:Infinity":60,"b:154:2:157:Infinity:undefined:undefined:undefined:undefined":27,"s:154:2:157:Infinity":61,"s:155:17:155:Infinity":62,"s:156:4:156:Infinity":63,"b:156:18:156:51:156:51:156:Infinity":28,"s:159:16:159:Infinity":64,"s:160:17:160:Infinity":65,"s:162:4:164:Infinity":66,"b:162:4:162:Infinity:163:4:163:Infinity:164:4:164:Infinity":29,"b:166:2:166:Infinity:undefined:undefined:undefined:undefined":30,"s:166:2:166:Infinity":67,"b:166:6:166:15:166:15:166:23":31,"s:166:23:166:Infinity":68,"b:167:2:167:Infinity:undefined:undefined:undefined:undefined":32,"s:167:2:167:Infinity":69,"s:167:14:167:Infinity":70,"b:168:2:168:Infinity:undefined:undefined:undefined:undefined":33,"s:168:2:168:Infinity":71,"s:168:15:168:Infinity":72,"b:169:2:169:Infinity:undefined:undefined:undefined:undefined":34,"s:169:2:169:Infinity":73,"s:169:13:169:Infinity":74,"s:171:2:171:Infinity":75,"s:175:27:175:Infinity":76,"f:184:2:184:Infinity":18,"s:189:4:189:Infinity":77,"s:190:4:190:Infinity":78,"s:192:4:192:Infinity":79,"s:193:4:193:Infinity":80,"s:194:4:194:Infinity":81,"s:195:4:195:Infinity":82,"s:196:4:196:Infinity":83,"s:197:4:197:Infinity":84,"s:198:4:198:Infinity":85,"b:198:15:198:31:198:31:198:Infinity":35,"s:203:27:203:Infinity":86,"f:213:2:213:Infinity":19,"s:219:4:222:Infinity":87,"b:220:61:220:77:220:77:220:92":36,"s:223:4:223:Infinity":88,"s:225:4:225:Infinity":89,"s:226:4:226:Infinity":90,"s:227:4:227:Infinity":91,"s:228:4:228:Infinity":92,"s:229:4:229:Infinity":93,"s:230:4:230:Infinity":94,"b:230:15:230:31:230:31:230:Infinity":37,"s:231:4:231:Infinity":95,"s:232:4:232:Infinity":96,"f:236:15:236:Infinity":20,"s:240:14:240:Infinity":97,"s:241:21:241:Infinity":98,"b:243:2:245:Infinity:undefined:undefined:undefined:undefined":38,"s:243:2:245:Infinity":99,"s:244:4:244:Infinity":100,"s:247:2:251:Infinity":101,"s:248:4:248:Infinity":102,"s:250:4:250:Infinity":103,"f:254:15:254:30":21,"b:255:2:257:Infinity:undefined:undefined:undefined:undefined":39,"s:255:2:257:Infinity":104,"s:256:4:256:Infinity":105,"s:259:20:259:Infinity":106,"b:262:2:264:Infinity:undefined:undefined:undefined:undefined":40,"s:262:2:264:Infinity":107,"b:262:6:262:19:262:19:262:50:262:50:262:79":41,"s:263:4:263:Infinity":108,"b:263:49:263:67:263:67:263:Infinity":42,"s:266:14:266:Infinity":109,"s:267:21:267:Infinity":110,"s:268:18:268:Infinity":111,"b:270:2:272:Infinity:undefined:undefined:undefined:undefined":43,"s:270:2:272:Infinity":112,"s:271:4:271:Infinity":113,"b:274:2:280:Infinity:undefined:undefined:undefined:undefined":44,"s:274:2:280:Infinity":114,"b:274:6:274:36:274:36:274:63":45,"s:275:4:279:Infinity":115,"s:276:6:276:Infinity":116,"s:278:6:278:Infinity":117,"s:282:2:282:Infinity":118,"f:285:9:285:27":22,"s:286:20:286:Infinity":119,"b:288:2:288:Infinity:undefined:undefined:undefined:undefined":46,"s:288:2:288:Infinity":120,"s:288:34:288:Infinity":121,"b:289:2:289:Infinity:undefined:undefined:undefined:undefined":47,"s:289:2:289:Infinity":122,"b:289:6:289:36:289:36:289:55":48,"s:289:55:289:Infinity":123,"s:290:2:290:Infinity":124,"f:293:15:293:Infinity":23,"b:298:2:300:Infinity:undefined:undefined:undefined:undefined":49,"s:298:2:300:Infinity":125,"s:299:4:299:Infinity":126,"s:303:4:303:Infinity":127,"b:303:30:303:60:303:60:303:Infinity":50,"b:306:4:307:Infinity:309:4:312:Infinity:314:4:321:Infinity":51,"s:305:2:322:Infinity":128,"s:307:6:307:Infinity":129,"s:310:19:310:Infinity":130,"s:311:6:311:Infinity":131,"b:311:27:311:34:311:34:311:Infinity":52,"b:315:6:320:Infinity:undefined:undefined:undefined:undefined":53,"s:315:6:320:Infinity":132,"s:316:8:319:Infinity":133,"s:321:6:321:Infinity":134,"f:325:22:325:Infinity":24,"b:327:32:327:Infinity":54,"s:329:2:329:Infinity":135,"s:330:67:330:Infinity":136,"b:330:25:330:33":55,"s:332:17:332:Infinity":137,"b:334:2:336:Infinity:undefined:undefined:undefined:undefined":56,"s:334:2:336:Infinity":138,"b:334:6:334:28:334:28:334:48:334:48:334:68":57,"s:335:4:335:Infinity":139,"s:338:18:338:Infinity":140,"b:338:50:338:66:338:66:338:77":58,"b:340:2:346:Infinity:undefined:undefined:undefined:undefined":59,"s:340:2:346:Infinity":141,"b:341:4:341:Infinity:342:4:342:Infinity:343:4:343:Infinity":60,"s:345:4:345:Infinity":142,"b:348:2:350:Infinity:undefined:undefined:undefined:undefined":61,"s:348:2:350:Infinity":143,"b:348:6:348:33:348:33:348:57":62,"s:349:4:349:Infinity":144,"b:354:2:359:Infinity:undefined:undefined:undefined:undefined":63,"s:354:2:359:Infinity":145,"b:354:6:354:26:354:26:354:57":64,"s:355:18:355:Infinity":146,"b:356:4:358:Infinity:undefined:undefined:undefined:undefined":65,"s:356:4:358:Infinity":147,"s:357:6:357:Infinity":148,"s:361:22:361:Infinity":149,"s:363:19:363:Infinity":150,"b:365:2:368:Infinity:undefined:undefined:undefined:undefined":66,"s:365:2:368:Infinity":151,"s:366:22:366:Infinity":152,"s:367:4:367:Infinity":153,"s:370:2:370:Infinity":154}}}
}
