{"C:\\Users\\trevo\\Desktop\\Spa-Flow\\lib\\db\\src\\env.ts": {"path":"C:\\Users\\trevo\\Desktop\\Spa-Flow\\lib\\db\\src\\env.ts","statementMap":{"0":{"start":{"line":7,"column":6},"end":{"line":7,"column":null}},"1":{"start":{"line":8,"column":18},"end":{"line":8,"column":null}},"2":{"start":{"line":9,"column":20},"end":{"line":9,"column":null}},"3":{"start":{"line":12,"column":16},"end":{"line":12,"column":null}},"4":{"start":{"line":13,"column":16},"end":{"line":13,"column":null}},"5":{"start":{"line":14,"column":0},"end":{"line":14,"column":null}},"6":{"start":{"line":17,"column":20},"end":{"line":25,"column":null}},"7":{"start":{"line":19,"column":45},"end":{"line":19,"column":62}},"8":{"start":{"line":20,"column":57},"end":{"line":20,"column":74}},"9":{"start":{"line":21,"column":63},"end":{"line":21,"column":80}},"10":{"start":{"line":22,"column":57},"end":{"line":22,"column":74}},"11":{"start":{"line":23,"column":52},"end":{"line":23,"column":69}},"12":{"start":{"line":24,"column":67},"end":{"line":24,"column":84}},"13":{"start":{"line":29,"column":35},"end":{"line":29,"column":null}},"14":{"start":{"line":32,"column":2},"end":{"line":34,"column":null}},"15":{"start":{"line":33,"column":4},"end":{"line":33,"column":null}},"16":{"start":{"line":36,"column":17},"end":{"line":36,"column":null}},"17":{"start":{"line":38,"column":2},"end":{"line":45,"column":null}},"18":{"start":{"line":39,"column":4},"end":{"line":39,"column":null}},"19":{"start":{"line":40,"column":4},"end":{"line":42,"column":null}},"20":{"start":{"line":41,"column":6},"end":{"line":41,"column":null}},"21":{"start":{"line":43,"column":4},"end":{"line":43,"column":null}},"22":{"start":{"line":44,"column":4},"end":{"line":44,"column":null}},"23":{"start":{"line":47,"column":2},"end":{"line":47,"column":null}},"24":{"start":{"line":48,"column":2},"end":{"line":48,"column":null}},"25":{"start":{"line":49,"column":2},"end":{"line":49,"column":null}},"26":{"start":{"line":53,"column":2},"end":{"line":55,"column":null}},"27":{"start":{"line":54,"column":4},"end":{"line":54,"column":null}},"28":{"start":{"line":56,"column":2},"end":{"line":56,"column":null}},"29":{"start":{"line":61,"column":14},"end":{"line":61,"column":null}},"30":{"start":{"line":62,"column":2},"end":{"line":74,"column":null}},"31":{"start":{"line":79,"column":2},"end":{"line":79,"column":null}}},"fnMap":{"0":{"name":"(anonymous_0)","decl":{"start":{"line":19,"column":36},"end":{"line":19,"column":37}},"loc":{"start":{"line":19,"column":45},"end":{"line":19,"column":62}},"line":19},"1":{"name":"(anonymous_1)","decl":{"start":{"line":20,"column":48},"end":{"line":20,"column":49}},"loc":{"start":{"line":20,"column":57},"end":{"line":20,"column":74}},"line":20},"2":{"name":"(anonymous_2)","decl":{"start":{"line":21,"column":54},"end":{"line":21,"column":55}},"loc":{"start":{"line":21,"column":63},"end":{"line":21,"column":80}},"line":21},"3":{"name":"(anonymous_3)","decl":{"start":{"line":22,"column":48},"end":{"line":22,"column":49}},"loc":{"start":{"line":22,"column":57},"end":{"line":22,"column":74}},"line":22},"4":{"name":"(anonymous_4)","decl":{"start":{"line":23,"column":43},"end":{"line":23,"column":44}},"loc":{"start":{"line":23,"column":52},"end":{"line":23,"column":69}},"line":23},"5":{"name":"(anonymous_5)","decl":{"start":{"line":24,"column":58},"end":{"line":24,"column":59}},"loc":{"start":{"line":24,"column":67},"end":{"line":24,"column":84}},"line":24},"6":{"name":"validateDbEnv","decl":{"start":{"line":31,"column":16},"end":{"line":31,"column":39}},"loc":{"start":{"line":31,"column":39},"end":{"line":50,"column":null}},"line":31},"7":{"name":"(anonymous_7)","decl":{"start":{"line":40,"column":32},"end":{"line":40,"column":33}},"loc":{"start":{"line":40,"column":43},"end":{"line":42,"column":5}},"line":40},"8":{"name":"getDbEnv","decl":{"start":{"line":52,"column":16},"end":{"line":52,"column":34}},"loc":{"start":{"line":52,"column":34},"end":{"line":57,"column":null}},"line":52},"9":{"name":"getDatabaseConfig","decl":{"start":{"line":60,"column":16},"end":{"line":60,"column":36}},"loc":{"start":{"line":60,"column":36},"end":{"line":75,"column":null}},"line":60},"10":{"name":"resetDbEnv","decl":{"start":{"line":78,"column":16},"end":{"line":78,"column":35}},"loc":{"start":{"line":78,"column":35},"end":{"line":80,"column":null}},"line":78}},"branchMap":{"0":{"loc":{"start":{"line":12,"column":16},"end":{"line":12,"column":null}},"type":"binary-expr","locations":[{"start":{"line":12,"column":16},"end":{"line":12,"column":40}},{"start":{"line":12,"column":40},"end":{"line":12,"column":null}}],"line":12},"1":{"loc":{"start":{"line":13,"column":16},"end":{"line":13,"column":null}},"type":"cond-expr","locations":[{"start":{"line":13,"column":37},"end":{"line":13,"column":51}},{"start":{"line":13,"column":51},"end":{"line":13,"column":null}}],"line":13},"2":{"loc":{"start":{"line":32,"column":2},"end":{"line":34,"column":null}},"type":"if","locations":[{"start":{"line":32,"column":2},"end":{"line":34,"column":null}},{"start":{},"end":{}}],"line":32},"3":{"loc":{"start":{"line":38,"column":2},"end":{"line":45,"column":null}},"type":"if","locations":[{"start":{"line":38,"column":2},"end":{"line":45,"column":null}},{"start":{},"end":{}}],"line":38},"4":{"loc":{"start":{"line":53,"column":2},"end":{"line":55,"column":null}},"type":"if","locations":[{"start":{"line":53,"column":2},"end":{"line":55,"column":null}},{"start":{},"end":{}}],"line":53}},"s":{"0":1,"1":1,"2":1,"3":1,"4":1,"5":1,"6":1,"7":5,"8":3,"9":2,"10":2,"11":2,"12":2,"13":1,"14":14,"15":0,"16":14,"17":14,"18":6,"19":6,"20":6,"21":6,"22":6,"23":8,"24":8,"25":8,"26":7,"27":6,"28":1,"29":2,"30":2,"31":14},"f":{"0":5,"1":3,"2":2,"3":2,"4":2,"5":2,"6":14,"7":6,"8":7,"9":2,"10":14},"b":{"0":[1,0],"1":[1,0],"2":[0,14],"3":[6,8],"4":[6,1]},"meta":{"lastBranch":5,"lastFunction":11,"lastStatement":32,"seen":{"s:7:6:7:Infinity":0,"s:8:18:8:Infinity":1,"s:9:20:9:Infinity":2,"s:12:16:12:Infinity":3,"b:12:16:12:40:12:40:12:Infinity":0,"s:13:16:13:Infinity":4,"b:13:37:13:51:13:51:13:Infinity":1,"s:14:0:14:Infinity":5,"s:17:20:25:Infinity":6,"f:19:36:19:37":0,"s:19:45:19:62":7,"f:20:48:20:49":1,"s:20:57:20:74":8,"f:21:54:21:55":2,"s:21:63:21:80":9,"f:22:48:22:49":3,"s:22:57:22:74":10,"f:23:43:23:44":4,"s:23:52:23:69":11,"f:24:58:24:59":5,"s:24:67:24:84":12,"s:29:35:29:Infinity":13,"f:31:16:31:39":6,"b:32:2:34:Infinity:undefined:undefined:undefined:undefined":2,"s:32:2:34:Infinity":14,"s:33:4:33:Infinity":15,"s:36:17:36:Infinity":16,"b:38:2:45:Infinity:undefined:undefined:undefined:undefined":3,"s:38:2:45:Infinity":17,"s:39:4:39:Infinity":18,"s:40:4:42:Infinity":19,"f:40:32:40:33":7,"s:41:6:41:Infinity":20,"s:43:4:43:Infinity":21,"s:44:4:44:Infinity":22,"s:47:2:47:Infinity":23,"s:48:2:48:Infinity":24,"s:49:2:49:Infinity":25,"f:52:16:52:34":8,"b:53:2:55:Infinity:undefined:undefined:undefined:undefined":4,"s:53:2:55:Infinity":26,"s:54:4:54:Infinity":27,"s:56:2:56:Infinity":28,"f:60:16:60:36":9,"s:61:14:61:Infinity":29,"s:62:2:74:Infinity":30,"f:78:16:78:35":10,"s:79:2:79:Infinity":31}}}
}
