{"C:\\Users\\Trevor\\Desktop\\Spa-Flow\\artifacts\\api-server\\src\\lib\\auth.ts": {"path":"C:\\Users\\Trevor\\Desktop\\Spa-Flow\\artifacts\\api-server\\src\\lib\\auth.ts","statementMap":{"0":{"start":{"line":6,"column":23},"end":{"line":10,"column":null}},"1":{"start":{"line":8,"column":4},"end":{"line":8,"column":null}},"2":{"start":{"line":11,"column":19},"end":{"line":11,"column":null}},"3":{"start":{"line":12,"column":20},"end":{"line":12,"column":null}},"4":{"start":{"line":22,"column":2},"end":{"line":26,"column":null}},"5":{"start":{"line":30,"column":2},"end":{"line":35,"column":null}},"6":{"start":{"line":31,"column":24},"end":{"line":31,"column":null}},"7":{"start":{"line":32,"column":4},"end":{"line":32,"column":null}},"8":{"start":{"line":34,"column":4},"end":{"line":34,"column":null}},"9":{"start":{"line":39,"column":2},"end":{"line":45,"column":null}},"10":{"start":{"line":49,"column":2},"end":{"line":49,"column":null}},"11":{"start":{"line":53,"column":2},"end":{"line":53,"column":null}},"12":{"start":{"line":58,"column":16},"end":{"line":58,"column":null}},"13":{"start":{"line":59,"column":2},"end":{"line":62,"column":null}},"14":{"start":{"line":60,"column":4},"end":{"line":60,"column":null}},"15":{"start":{"line":61,"column":4},"end":{"line":61,"column":null}},"16":{"start":{"line":63,"column":18},"end":{"line":63,"column":null}},"17":{"start":{"line":64,"column":2},"end":{"line":67,"column":null}},"18":{"start":{"line":65,"column":4},"end":{"line":65,"column":null}},"19":{"start":{"line":66,"column":4},"end":{"line":66,"column":null}},"20":{"start":{"line":69,"column":3},"end":{"line":69,"column":null}},"21":{"start":{"line":70,"column":2},"end":{"line":70,"column":null}},"22":{"start":{"line":74,"column":2},"end":{"line":81,"column":null}},"23":{"start":{"line":75,"column":18},"end":{"line":75,"column":null}},"24":{"start":{"line":76,"column":4},"end":{"line":79,"column":null}},"25":{"start":{"line":77,"column":6},"end":{"line":77,"column":null}},"26":{"start":{"line":78,"column":6},"end":{"line":78,"column":null}},"27":{"start":{"line":80,"column":4},"end":{"line":80,"column":null}}},"fnMap":{"0":{"name":"(anonymous_0)","decl":{"start":{"line":7,"column":29},"end":{"line":7,"column":35}},"loc":{"start":{"line":7,"column":35},"end":{"line":9,"column":5}},"line":7},"1":{"name":"signToken","decl":{"start":{"line":21,"column":22},"end":{"line":21,"column":32}},"loc":{"start":{"line":21,"column":71},"end":{"line":27,"column":null}},"line":21},"2":{"name":"verifyToken","decl":{"start":{"line":29,"column":22},"end":{"line":29,"column":34}},"loc":{"start":{"line":29,"column":78},"end":{"line":36,"column":null}},"line":29},"3":{"name":"setAuthCookie","decl":{"start":{"line":38,"column":16},"end":{"line":38,"column":30}},"loc":{"start":{"line":38,"column":66},"end":{"line":46,"column":null}},"line":38},"4":{"name":"clearAuthCookie","decl":{"start":{"line":48,"column":16},"end":{"line":48,"column":32}},"loc":{"start":{"line":48,"column":53},"end":{"line":50,"column":null}},"line":48},"5":{"name":"getTokenFromRequest","decl":{"start":{"line":52,"column":16},"end":{"line":52,"column":36}},"loc":{"start":{"line":52,"column":65},"end":{"line":54,"column":null}},"line":52},"6":{"name":"requireAuth","decl":{"start":{"line":57,"column":22},"end":{"line":57,"column":34}},"loc":{"start":{"line":57,"column":98},"end":{"line":71,"column":null}},"line":57},"7":{"name":"requireManager","decl":{"start":{"line":73,"column":22},"end":{"line":73,"column":37}},"loc":{"start":{"line":73,"column":101},"end":{"line":82,"column":null}},"line":73},"8":{"name":"(anonymous_8)","decl":{"start":{"line":74,"column":30},"end":{"line":74,"column":42}},"loc":{"start":{"line":74,"column":42},"end":{"line":81,"column":3}},"line":74}},"branchMap":{"0":{"loc":{"start":{"line":7,"column":2},"end":{"line":9,"column":null}},"type":"binary-expr","locations":[{"start":{"line":7,"column":2},"end":{"line":7,"column":29}},{"start":{"line":7,"column":14},"end":{"line":9,"column":null}}],"line":7},"1":{"loc":{"start":{"line":53,"column":9},"end":{"line":53,"column":null}},"type":"binary-expr","locations":[{"start":{"line":53,"column":9},"end":{"line":53,"column":39}},{"start":{"line":53,"column":39},"end":{"line":53,"column":null}}],"line":53},"2":{"loc":{"start":{"line":59,"column":2},"end":{"line":62,"column":null}},"type":"if","locations":[{"start":{"line":59,"column":2},"end":{"line":62,"column":null}},{"start":{},"end":{}}],"line":59},"3":{"loc":{"start":{"line":64,"column":2},"end":{"line":67,"column":null}},"type":"if","locations":[{"start":{"line":64,"column":2},"end":{"line":67,"column":null}},{"start":{},"end":{}}],"line":64},"4":{"loc":{"start":{"line":76,"column":4},"end":{"line":79,"column":null}},"type":"if","locations":[{"start":{"line":76,"column":4},"end":{"line":79,"column":null}},{"start":{},"end":{}}],"line":76}},"s":{"0":1,"1":0,"2":1,"3":1,"4":16,"5":18,"6":18,"7":13,"8":5,"9":6,"10":1,"11":10,"12":6,"13":6,"14":2,"15":2,"16":4,"17":4,"18":1,"19":1,"20":3,"21":3,"22":3,"23":2,"24":2,"25":1,"26":1,"27":1},"f":{"0":0,"1":16,"2":18,"3":6,"4":1,"5":10,"6":6,"7":3,"8":2},"b":{"0":[1,0],"1":[10,4],"2":[2,4],"3":[1,3],"4":[1,1]},"meta":{"lastBranch":5,"lastFunction":9,"lastStatement":28,"seen":{"s:6:23:10:Infinity":0,"b:7:2:7:29:7:14:9:Infinity":0,"f:7:29:7:35":0,"s:8:4:8:Infinity":1,"s:11:19:11:Infinity":2,"s:12:20:12:Infinity":3,"f:21:22:21:32":1,"s:22:2:26:Infinity":4,"f:29:22:29:34":2,"s:30:2:35:Infinity":5,"s:31:24:31:Infinity":6,"s:32:4:32:Infinity":7,"s:34:4:34:Infinity":8,"f:38:16:38:30":3,"s:39:2:45:Infinity":9,"f:48:16:48:32":4,"s:49:2:49:Infinity":10,"f:52:16:52:36":5,"s:53:2:53:Infinity":11,"b:53:9:53:39:53:39:53:Infinity":1,"f:57:22:57:34":6,"s:58:16:58:Infinity":12,"b:59:2:62:Infinity:undefined:undefined:undefined:undefined":2,"s:59:2:62:Infinity":13,"s:60:4:60:Infinity":14,"s:61:4:61:Infinity":15,"s:63:18:63:Infinity":16,"b:64:2:67:Infinity:undefined:undefined:undefined:undefined":3,"s:64:2:67:Infinity":17,"s:65:4:65:Infinity":18,"s:66:4:66:Infinity":19,"s:69:3:69:Infinity":20,"s:70:2:70:Infinity":21,"f:73:22:73:37":7,"s:74:2:81:Infinity":22,"f:74:30:74:42":8,"s:75:18:75:Infinity":23,"b:76:4:79:Infinity:undefined:undefined:undefined:undefined":4,"s:76:4:79:Infinity":24,"s:77:6:77:Infinity":25,"s:78:6:78:Infinity":26,"s:80:4:80:Infinity":27}}}
,"C:\\Users\\Trevor\\Desktop\\Spa-Flow\\artifacts\\api-server\\src\\lib\\encryption.ts": {"path":"C:\\Users\\Trevor\\Desktop\\Spa-Flow\\artifacts\\api-server\\src\\lib\\encryption.ts","statementMap":{"0":{"start":{"line":3,"column":18},"end":{"line":3,"column":null}},"1":{"start":{"line":4,"column":18},"end":{"line":4,"column":null}},"2":{"start":{"line":5,"column":19},"end":{"line":5,"column":null}},"3":{"start":{"line":6,"column":19},"end":{"line":6,"column":null}},"4":{"start":{"line":9,"column":14},"end":{"line":9,"column":null}},"5":{"start":{"line":10,"column":2},"end":{"line":10,"column":null}},"6":{"start":{"line":10,"column":12},"end":{"line":10,"column":null}},"7":{"start":{"line":11,"column":14},"end":{"line":11,"column":null}},"8":{"start":{"line":12,"column":2},"end":{"line":14,"column":null}},"9":{"start":{"line":13,"column":4},"end":{"line":13,"column":null}},"10":{"start":{"line":15,"column":2},"end":{"line":15,"column":null}},"11":{"start":{"line":19,"column":13},"end":{"line":19,"column":null}},"12":{"start":{"line":20,"column":17},"end":{"line":20,"column":null}},"13":{"start":{"line":21,"column":20},"end":{"line":21,"column":null}},"14":{"start":{"line":22,"column":14},"end":{"line":22,"column":null}},"15":{"start":{"line":23,"column":18},"end":{"line":23,"column":null}},"16":{"start":{"line":24,"column":2},"end":{"line":24,"column":null}},"17":{"start":{"line":28,"column":18},"end":{"line":28,"column":null}},"18":{"start":{"line":29,"column":13},"end":{"line":29,"column":null}},"19":{"start":{"line":30,"column":14},"end":{"line":30,"column":null}},"20":{"start":{"line":31,"column":20},"end":{"line":31,"column":null}},"21":{"start":{"line":32,"column":19},"end":{"line":32,"column":null}},"22":{"start":{"line":33,"column":2},"end":{"line":33,"column":null}},"23":{"start":{"line":34,"column":2},"end":{"line":34,"column":null}},"24":{"start":{"line":43,"column":14},"end":{"line":43,"column":null}},"25":{"start":{"line":45,"column":14},"end":{"line":45,"column":null}},"26":{"start":{"line":47,"column":21},"end":{"line":47,"column":null}},"27":{"start":{"line":49,"column":23},"end":{"line":49,"column":null}},"28":{"start":{"line":50,"column":2},"end":{"line":50,"column":null}},"29":{"start":{"line":54,"column":14},"end":{"line":54,"column":null}},"30":{"start":{"line":56,"column":20},"end":{"line":56,"column":null}},"31":{"start":{"line":57,"column":14},"end":{"line":57,"column":null}},"32":{"start":{"line":59,"column":2},"end":{"line":59,"column":null}},"33":{"start":{"line":63,"column":2},"end":{"line":63,"column":null}},"34":{"start":{"line":63,"column":27},"end":{"line":63,"column":null}},"35":{"start":{"line":64,"column":2},"end":{"line":68,"column":null}},"36":{"start":{"line":65,"column":4},"end":{"line":65,"column":null}},"37":{"start":{"line":67,"column":4},"end":{"line":67,"column":null}}},"fnMap":{"0":{"name":"getKek","decl":{"start":{"line":8,"column":9},"end":{"line":8,"column":26}},"loc":{"start":{"line":8,"column":26},"end":{"line":16,"column":null}},"line":8},"1":{"name":"encryptWithKey","decl":{"start":{"line":18,"column":9},"end":{"line":18,"column":24}},"loc":{"start":{"line":18,"column":64},"end":{"line":25,"column":null}},"line":18},"2":{"name":"decryptWithKey","decl":{"start":{"line":27,"column":9},"end":{"line":27,"column":24}},"loc":{"start":{"line":27,"column":65},"end":{"line":35,"column":null}},"line":27},"3":{"name":"encryptField","decl":{"start":{"line":42,"column":16},"end":{"line":42,"column":29}},"loc":{"start":{"line":42,"column":64},"end":{"line":51,"column":null}},"line":42},"4":{"name":"decryptField","decl":{"start":{"line":53,"column":16},"end":{"line":53,"column":29}},"loc":{"start":{"line":53,"column":79},"end":{"line":60,"column":null}},"line":53},"5":{"name":"maybeDecrypt","decl":{"start":{"line":62,"column":16},"end":{"line":62,"column":29}},"loc":{"start":{"line":62,"column":115},"end":{"line":69,"column":null}},"line":62}},"branchMap":{"0":{"loc":{"start":{"line":10,"column":2},"end":{"line":10,"column":null}},"type":"if","locations":[{"start":{"line":10,"column":2},"end":{"line":10,"column":null}},{"start":{},"end":{}}],"line":10},"1":{"loc":{"start":{"line":12,"column":2},"end":{"line":14,"column":null}},"type":"if","locations":[{"start":{"line":12,"column":2},"end":{"line":14,"column":null}},{"start":{},"end":{}}],"line":12},"2":{"loc":{"start":{"line":63,"column":2},"end":{"line":63,"column":null}},"type":"if","locations":[{"start":{"line":63,"column":2},"end":{"line":63,"column":null}},{"start":{},"end":{}}],"line":63},"3":{"loc":{"start":{"line":63,"column":6},"end":{"line":63,"column":27}},"type":"binary-expr","locations":[{"start":{"line":63,"column":6},"end":{"line":63,"column":21}},{"start":{"line":63,"column":21},"end":{"line":63,"column":27}}],"line":63}},"s":{"0":1,"1":1,"2":1,"3":1,"4":37,"5":37,"6":2,"7":35,"8":35,"9":1,"10":34,"11":38,"12":38,"13":38,"14":38,"15":38,"16":38,"17":27,"18":27,"19":27,"20":27,"21":27,"22":27,"23":27,"24":22,"25":22,"26":22,"27":22,"28":22,"29":15,"30":15,"31":15,"32":15,"33":8,"34":6,"35":2,"36":2,"37":1},"f":{"0":37,"1":38,"2":27,"3":22,"4":15,"5":8},"b":{"0":[2,35],"1":[1,34],"2":[6,2],"3":[8,4]},"meta":{"lastBranch":4,"lastFunction":6,"lastStatement":38,"seen":{"s:3:18:3:Infinity":0,"s:4:18:4:Infinity":1,"s:5:19:5:Infinity":2,"s:6:19:6:Infinity":3,"f:8:9:8:26":0,"s:9:14:9:Infinity":4,"b:10:2:10:Infinity:undefined:undefined:undefined:undefined":0,"s:10:2:10:Infinity":5,"s:10:12:10:Infinity":6,"s:11:14:11:Infinity":7,"b:12:2:14:Infinity:undefined:undefined:undefined:undefined":1,"s:12:2:14:Infinity":8,"s:13:4:13:Infinity":9,"s:15:2:15:Infinity":10,"f:18:9:18:24":1,"s:19:13:19:Infinity":11,"s:20:17:20:Infinity":12,"s:21:20:21:Infinity":13,"s:22:14:22:Infinity":14,"s:23:18:23:Infinity":15,"s:24:2:24:Infinity":16,"f:27:9:27:24":2,"s:28:18:28:Infinity":17,"s:29:13:29:Infinity":18,"s:30:14:30:Infinity":19,"s:31:20:31:Infinity":20,"s:32:19:32:Infinity":21,"s:33:2:33:Infinity":22,"s:34:2:34:Infinity":23,"f:42:16:42:29":3,"s:43:14:43:Infinity":24,"s:45:14:45:Infinity":25,"s:47:21:47:Infinity":26,"s:49:23:49:Infinity":27,"s:50:2:50:Infinity":28,"f:53:16:53:29":4,"s:54:14:54:Infinity":29,"s:56:20:56:Infinity":30,"s:57:14:57:Infinity":31,"s:59:2:59:Infinity":32,"f:62:16:62:29":5,"b:63:2:63:Infinity:undefined:undefined:undefined:undefined":2,"s:63:2:63:Infinity":33,"b:63:6:63:21:63:21:63:27":3,"s:63:27:63:Infinity":34,"s:64:2:68:Infinity":35,"s:65:4:65:Infinity":36,"s:67:4:67:Infinity":37}}}
,"C:\\Users\\Trevor\\Desktop\\Spa-Flow\\artifacts\\api-server\\src\\lib\\pricing.ts": {"path":"C:\\Users\\Trevor\\Desktop\\Spa-Flow\\artifacts\\api-server\\src\\lib\\pricing.ts","statementMap":{"0":{"start":{"line":18,"column":14},"end":{"line":18,"column":null}},"1":{"start":{"line":19,"column":15},"end":{"line":19,"column":null}},"2":{"start":{"line":21,"column":2},"end":{"line":21,"column":null}},"3":{"start":{"line":21,"column":54},"end":{"line":21,"column":null}},"4":{"start":{"line":23,"column":2},"end":{"line":23,"column":null}},"5":{"start":{"line":23,"column":31},"end":{"line":23,"column":null}},"6":{"start":{"line":24,"column":2},"end":{"line":24,"column":null}},"7":{"start":{"line":28,"column":14},"end":{"line":28,"column":null}},"8":{"start":{"line":29,"column":15},"end":{"line":29,"column":null}},"9":{"start":{"line":31,"column":2},"end":{"line":31,"column":null}},"10":{"start":{"line":31,"column":17},"end":{"line":31,"column":null}},"11":{"start":{"line":32,"column":2},"end":{"line":32,"column":null}},"12":{"start":{"line":32,"column":17},"end":{"line":32,"column":null}},"13":{"start":{"line":33,"column":2},"end":{"line":33,"column":null}},"14":{"start":{"line":33,"column":31},"end":{"line":33,"column":null}},"15":{"start":{"line":34,"column":2},"end":{"line":34,"column":null}},"16":{"start":{"line":34,"column":29},"end":{"line":34,"column":null}},"17":{"start":{"line":35,"column":2},"end":{"line":35,"column":null}},"18":{"start":{"line":39,"column":80},"end":{"line":39,"column":null}},"19":{"start":{"line":40,"column":33},"end":{"line":40,"column":null}},"20":{"start":{"line":43,"column":2},"end":{"line":46,"column":null}},"21":{"start":{"line":44,"column":4},"end":{"line":44,"column":null}},"22":{"start":{"line":45,"column":4},"end":{"line":45,"column":null}},"23":{"start":{"line":48,"column":18},"end":{"line":48,"column":null}},"24":{"start":{"line":49,"column":22},"end":{"line":49,"column":null}},"25":{"start":{"line":51,"column":2},"end":{"line":74,"column":null}},"26":{"start":{"line":53,"column":4},"end":{"line":61,"column":null}},"27":{"start":{"line":54,"column":6},"end":{"line":60,"column":null}},"28":{"start":{"line":55,"column":8},"end":{"line":55,"column":null}},"29":{"start":{"line":56,"column":8},"end":{"line":56,"column":null}},"30":{"start":{"line":58,"column":8},"end":{"line":58,"column":null}},"31":{"start":{"line":59,"column":8},"end":{"line":59,"column":null}},"32":{"start":{"line":64,"column":4},"end":{"line":73,"column":null}},"33":{"start":{"line":65,"column":6},"end":{"line":65,"column":null}},"34":{"start":{"line":66,"column":6},"end":{"line":66,"column":null}},"35":{"start":{"line":67,"column":4},"end":{"line":73,"column":null}},"36":{"start":{"line":68,"column":6},"end":{"line":68,"column":null}},"37":{"start":{"line":69,"column":6},"end":{"line":69,"column":null}},"38":{"start":{"line":71,"column":6},"end":{"line":71,"column":null}},"39":{"start":{"line":72,"column":6},"end":{"line":72,"column":null}},"40":{"start":{"line":76,"column":2},"end":{"line":84,"column":null}},"41":{"start":{"line":77,"column":4},"end":{"line":83,"column":null}},"42":{"start":{"line":78,"column":6},"end":{"line":78,"column":null}},"43":{"start":{"line":79,"column":6},"end":{"line":79,"column":null}},"44":{"start":{"line":81,"column":6},"end":{"line":81,"column":null}},"45":{"start":{"line":82,"column":6},"end":{"line":82,"column":null}},"46":{"start":{"line":86,"column":2},"end":{"line":86,"column":null}},"47":{"start":{"line":90,"column":14},"end":{"line":90,"column":null}},"48":{"start":{"line":91,"column":2},"end":{"line":94,"column":null}},"49":{"start":{"line":92,"column":19},"end":{"line":92,"column":null}},"50":{"start":{"line":93,"column":4},"end":{"line":93,"column":null}},"51":{"start":{"line":93,"column":24},"end":{"line":93,"column":null}},"52":{"start":{"line":95,"column":2},"end":{"line":95,"column":null}},"53":{"start":{"line":99,"column":18},"end":{"line":99,"column":null}},"54":{"start":{"line":100,"column":14},"end":{"line":100,"column":null}},"55":{"start":{"line":101,"column":16},"end":{"line":101,"column":null}},"56":{"start":{"line":102,"column":2},"end":{"line":102,"column":null}},"57":{"start":{"line":106,"column":14},"end":{"line":106,"column":null}},"58":{"start":{"line":107,"column":14},"end":{"line":107,"column":null}},"59":{"start":{"line":108,"column":12},"end":{"line":108,"column":null}},"60":{"start":{"line":109,"column":12},"end":{"line":109,"column":null}},"61":{"start":{"line":110,"column":2},"end":{"line":110,"column":null}},"62":{"start":{"line":110,"column":59},"end":{"line":110,"column":null}},"63":{"start":{"line":111,"column":2},"end":{"line":111,"column":null}},"64":{"start":{"line":115,"column":14},"end":{"line":115,"column":null}},"65":{"start":{"line":116,"column":14},"end":{"line":116,"column":null}},"66":{"start":{"line":117,"column":2},"end":{"line":117,"column":null}}},"fnMap":{"0":{"name":"isWeekdayPeak","decl":{"start":{"line":17,"column":9},"end":{"line":17,"column":23}},"loc":{"start":{"line":17,"column":44},"end":{"line":25,"column":null}},"line":17},"1":{"name":"isWeekend","decl":{"start":{"line":27,"column":9},"end":{"line":27,"column":19}},"loc":{"start":{"line":27,"column":40},"end":{"line":36,"column":null}},"line":27},"2":{"name":"calculatePrice","decl":{"start":{"line":38,"column":16},"end":{"line":38,"column":31}},"loc":{"start":{"line":38,"column":67},"end":{"line":87,"column":null}},"line":38},"3":{"name":"getTaxRate","decl":{"start":{"line":89,"column":16},"end":{"line":89,"column":37}},"loc":{"start":{"line":89,"column":37},"end":{"line":96,"column":null}},"line":89},"4":{"name":"computeTotal","decl":{"start":{"line":98,"column":16},"end":{"line":98,"column":29}},"loc":{"start":{"line":98,"column":79},"end":{"line":103,"column":null}},"line":98},"5":{"name":"calculateAge","decl":{"start":{"line":105,"column":16},"end":{"line":105,"column":29}},"loc":{"start":{"line":105,"column":56},"end":{"line":112,"column":null}},"line":105},"6":{"name":"isBirthdayToday","decl":{"start":{"line":114,"column":16},"end":{"line":114,"column":32}},"loc":{"start":{"line":114,"column":60},"end":{"line":118,"column":null}},"line":114}},"branchMap":{"0":{"loc":{"start":{"line":21,"column":2},"end":{"line":21,"column":null}},"type":"if","locations":[{"start":{"line":21,"column":2},"end":{"line":21,"column":null}},{"start":{},"end":{}}],"line":21},"1":{"loc":{"start":{"line":21,"column":6},"end":{"line":21,"column":54}},"type":"binary-expr","locations":[{"start":{"line":21,"column":6},"end":{"line":21,"column":18}},{"start":{"line":21,"column":18},"end":{"line":21,"column":30}},{"start":{"line":21,"column":30},"end":{"line":21,"column":43}},{"start":{"line":21,"column":43},"end":{"line":21,"column":54}}],"line":21},"2":{"loc":{"start":{"line":23,"column":2},"end":{"line":23,"column":null}},"type":"if","locations":[{"start":{"line":23,"column":2},"end":{"line":23,"column":null}},{"start":{},"end":{}}],"line":23},"3":{"loc":{"start":{"line":23,"column":6},"end":{"line":23,"column":31}},"type":"binary-expr","locations":[{"start":{"line":23,"column":6},"end":{"line":23,"column":19}},{"start":{"line":23,"column":19},"end":{"line":23,"column":31}}],"line":23},"4":{"loc":{"start":{"line":31,"column":2},"end":{"line":31,"column":null}},"type":"if","locations":[{"start":{"line":31,"column":2},"end":{"line":31,"column":null}},{"start":{},"end":{}}],"line":31},"5":{"loc":{"start":{"line":32,"column":2},"end":{"line":32,"column":null}},"type":"if","locations":[{"start":{"line":32,"column":2},"end":{"line":32,"column":null}},{"start":{},"end":{}}],"line":32},"6":{"loc":{"start":{"line":33,"column":2},"end":{"line":33,"column":null}},"type":"if","locations":[{"start":{"line":33,"column":2},"end":{"line":33,"column":null}},{"start":{},"end":{}}],"line":33},"7":{"loc":{"start":{"line":33,"column":6},"end":{"line":33,"column":31}},"type":"binary-expr","locations":[{"start":{"line":33,"column":6},"end":{"line":33,"column":19}},{"start":{"line":33,"column":19},"end":{"line":33,"column":31}}],"line":33},"8":{"loc":{"start":{"line":34,"column":2},"end":{"line":34,"column":null}},"type":"if","locations":[{"start":{"line":34,"column":2},"end":{"line":34,"column":null}},{"start":{},"end":{}}],"line":34},"9":{"loc":{"start":{"line":34,"column":6},"end":{"line":34,"column":29}},"type":"binary-expr","locations":[{"start":{"line":34,"column":6},"end":{"line":34,"column":19}},{"start":{"line":34,"column":19},"end":{"line":34,"column":29}}],"line":34},"10":{"loc":{"start":{"line":43,"column":2},"end":{"line":46,"column":null}},"type":"if","locations":[{"start":{"line":43,"column":2},"end":{"line":46,"column":null}},{"start":{},"end":{}}],"line":43},"11":{"loc":{"start":{"line":43,"column":6},"end":{"line":43,"column":52}},"type":"binary-expr","locations":[{"start":{"line":43,"column":6},"end":{"line":43,"column":26}},{"start":{"line":43,"column":26},"end":{"line":43,"column":52}}],"line":43},"12":{"loc":{"start":{"line":51,"column":2},"end":{"line":74,"column":null}},"type":"if","locations":[{"start":{"line":51,"column":2},"end":{"line":74,"column":null}},{"start":{},"end":{}}],"line":51},"13":{"loc":{"start":{"line":53,"column":4},"end":{"line":61,"column":null}},"type":"if","locations":[{"start":{"line":53,"column":4},"end":{"line":61,"column":null}},{"start":{},"end":{}}],"line":53},"14":{"loc":{"start":{"line":53,"column":8},"end":{"line":53,"column":73}},"type":"binary-expr","locations":[{"start":{"line":53,"column":8},"end":{"line":53,"column":27}},{"start":{"line":53,"column":27},"end":{"line":53,"column":46}},{"start":{"line":53,"column":46},"end":{"line":53,"column":73}}],"line":53},"15":{"loc":{"start":{"line":54,"column":6},"end":{"line":60,"column":null}},"type":"if","locations":[{"start":{"line":54,"column":6},"end":{"line":60,"column":null}},{"start":{"line":57,"column":13},"end":{"line":60,"column":null}}],"line":54},"16":{"loc":{"start":{"line":64,"column":4},"end":{"line":73,"column":null}},"type":"if","locations":[{"start":{"line":64,"column":4},"end":{"line":73,"column":null}},{"start":{"line":67,"column":4},"end":{"line":73,"column":null}}],"line":64},"17":{"loc":{"start":{"line":67,"column":4},"end":{"line":73,"column":null}},"type":"if","locations":[{"start":{"line":67,"column":4},"end":{"line":73,"column":null}},{"start":{"line":70,"column":11},"end":{"line":73,"column":null}}],"line":67},"18":{"loc":{"start":{"line":76,"column":2},"end":{"line":84,"column":null}},"type":"if","locations":[{"start":{"line":76,"column":2},"end":{"line":84,"column":null}},{"start":{},"end":{}}],"line":76},"19":{"loc":{"start":{"line":77,"column":4},"end":{"line":83,"column":null}},"type":"if","locations":[{"start":{"line":77,"column":4},"end":{"line":83,"column":null}},{"start":{"line":80,"column":11},"end":{"line":83,"column":null}}],"line":77},"20":{"loc":{"start":{"line":91,"column":2},"end":{"line":94,"column":null}},"type":"if","locations":[{"start":{"line":91,"column":2},"end":{"line":94,"column":null}},{"start":{},"end":{}}],"line":91},"21":{"loc":{"start":{"line":93,"column":4},"end":{"line":93,"column":null}},"type":"if","locations":[{"start":{"line":93,"column":4},"end":{"line":93,"column":null}},{"start":{},"end":{}}],"line":93},"22":{"loc":{"start":{"line":110,"column":2},"end":{"line":110,"column":null}},"type":"if","locations":[{"start":{"line":110,"column":2},"end":{"line":110,"column":null}},{"start":{},"end":{}}],"line":110},"23":{"loc":{"start":{"line":110,"column":6},"end":{"line":110,"column":59}},"type":"binary-expr","locations":[{"start":{"line":110,"column":6},"end":{"line":110,"column":16}},{"start":{"line":110,"column":16},"end":{"line":110,"column":27}},{"start":{"line":110,"column":27},"end":{"line":110,"column":59}}],"line":110},"24":{"loc":{"start":{"line":117,"column":9},"end":{"line":117,"column":null}},"type":"binary-expr","locations":[{"start":{"line":117,"column":9},"end":{"line":117,"column":46}},{"start":{"line":117,"column":46},"end":{"line":117,"column":null}}],"line":117}},"s":{"0":14,"1":14,"2":14,"3":8,"4":6,"5":1,"6":5,"7":14,"8":14,"9":14,"10":3,"11":11,"12":0,"13":11,"14":1,"15":10,"16":1,"17":9,"18":15,"19":15,"20":15,"21":1,"22":1,"23":14,"24":14,"25":14,"26":10,"27":2,"28":1,"29":1,"30":1,"31":1,"32":8,"33":3,"34":3,"35":5,"36":4,"37":4,"38":1,"39":1,"40":4,"41":4,"42":1,"43":1,"44":3,"45":3,"46":0,"47":6,"48":6,"49":2,"50":2,"51":1,"52":5,"53":3,"54":3,"55":3,"56":3,"57":4,"58":4,"59":4,"60":4,"61":4,"62":1,"63":4,"64":4,"65":4,"66":4},"f":{"0":14,"1":14,"2":15,"3":6,"4":3,"5":4,"6":4},"b":{"0":[8,6],"1":[14,14,11,10],"2":[1,5],"3":[6,1],"4":[3,11],"5":[0,11],"6":[1,10],"7":[11,1],"8":[1,9],"9":[10,10],"10":[1,14],"11":[15,2],"12":[10,4],"13":[2,8],"14":[10,9,3],"15":[1,1],"16":[3,5],"17":[4,1],"18":[4,0],"19":[1,3],"20":[2,4],"21":[1,1],"22":[1,3],"23":[4,3,2],"24":[4,2]},"meta":{"lastBranch":25,"lastFunction":7,"lastStatement":67,"seen":{"f:17:9:17:23":0,"s:18:14:18:Infinity":0,"s:19:15:19:Infinity":1,"b:21:2:21:Infinity:undefined:undefined:undefined:undefined":0,"s:21:2:21:Infinity":2,"b:21:6:21:18:21:18:21:30:21:30:21:43:21:43:21:54":1,"s:21:54:21:Infinity":3,"b:23:2:23:Infinity:undefined:undefined:undefined:undefined":2,"s:23:2:23:Infinity":4,"b:23:6:23:19:23:19:23:31":3,"s:23:31:23:Infinity":5,"s:24:2:24:Infinity":6,"f:27:9:27:19":1,"s:28:14:28:Infinity":7,"s:29:15:29:Infinity":8,"b:31:2:31:Infinity:undefined:undefined:undefined:undefined":4,"s:31:2:31:Infinity":9,"s:31:17:31:Infinity":10,"b:32:2:32:Infinity:undefined:undefined:undefined:undefined":5,"s:32:2:32:Infinity":11,"s:32:17:32:Infinity":12,"b:33:2:33:Infinity:undefined:undefined:undefined:undefined":6,"s:33:2:33:Infinity":13,"b:33:6:33:19:33:19:33:31":7,"s:33:31:33:Infinity":14,"b:34:2:34:Infinity:undefined:undefined:undefined:undefined":8,"s:34:2:34:Infinity":15,"b:34:6:34:19:34:19:34:29":9,"s:34:29:34:Infinity":16,"s:35:2:35:Infinity":17,"f:38:16:38:31":2,"s:39:80:39:Infinity":18,"s:40:33:40:Infinity":19,"b:43:2:46:Infinity:undefined:undefined:undefined:undefined":10,"s:43:2:46:Infinity":20,"b:43:6:43:26:43:26:43:52":11,"s:44:4:44:Infinity":21,"s:45:4:45:Infinity":22,"s:48:18:48:Infinity":23,"s:49:22:49:Infinity":24,"b:51:2:74:Infinity:undefined:undefined:undefined:undefined":12,"s:51:2:74:Infinity":25,"b:53:4:61:Infinity:undefined:undefined:undefined:undefined":13,"s:53:4:61:Infinity":26,"b:53:8:53:27:53:27:53:46:53:46:53:73":14,"b:54:6:60:Infinity:57:13:60:Infinity":15,"s:54:6:60:Infinity":27,"s:55:8:55:Infinity":28,"s:56:8:56:Infinity":29,"s:58:8:58:Infinity":30,"s:59:8:59:Infinity":31,"b:64:4:73:Infinity:67:4:73:Infinity":16,"s:64:4:73:Infinity":32,"s:65:6:65:Infinity":33,"s:66:6:66:Infinity":34,"b:67:4:73:Infinity:70:11:73:Infinity":17,"s:67:4:73:Infinity":35,"s:68:6:68:Infinity":36,"s:69:6:69:Infinity":37,"s:71:6:71:Infinity":38,"s:72:6:72:Infinity":39,"b:76:2:84:Infinity:undefined:undefined:undefined:undefined":18,"s:76:2:84:Infinity":40,"b:77:4:83:Infinity:80:11:83:Infinity":19,"s:77:4:83:Infinity":41,"s:78:6:78:Infinity":42,"s:79:6:79:Infinity":43,"s:81:6:81:Infinity":44,"s:82:6:82:Infinity":45,"s:86:2:86:Infinity":46,"f:89:16:89:37":3,"s:90:14:90:Infinity":47,"b:91:2:94:Infinity:undefined:undefined:undefined:undefined":20,"s:91:2:94:Infinity":48,"s:92:19:92:Infinity":49,"b:93:4:93:Infinity:undefined:undefined:undefined:undefined":21,"s:93:4:93:Infinity":50,"s:93:24:93:Infinity":51,"s:95:2:95:Infinity":52,"f:98:16:98:29":4,"s:99:18:99:Infinity":53,"s:100:14:100:Infinity":54,"s:101:16:101:Infinity":55,"s:102:2:102:Infinity":56,"f:105:16:105:29":5,"s:106:14:106:Infinity":57,"s:107:14:107:Infinity":58,"s:108:12:108:Infinity":59,"s:109:12:109:Infinity":60,"b:110:2:110:Infinity:undefined:undefined:undefined:undefined":22,"s:110:2:110:Infinity":61,"b:110:6:110:16:110:16:110:27:110:27:110:59":23,"s:110:59:110:Infinity":62,"s:111:2:111:Infinity":63,"f:114:16:114:32":6,"s:115:14:115:Infinity":64,"s:116:14:116:Infinity":65,"s:117:2:117:Infinity":66,"b:117:9:117:46:117:46:117:Infinity":24}}}
}
